[0.000000] (-) TimerEvent: {}
[0.000148] (mavs-ros2) JobQueued: {'identifier': 'mavs-ros2', 'dependencies': OrderedDict()}
[0.000175] (mavs-ros2) JobStarted: {'identifier': 'mavs-ros2'}
[0.094861] (-) TimerEvent: {}
[0.099261] (mavs-ros2) JobProgress: {'identifier': 'mavs-ros2', 'progress': 'cmake'}
[0.119089] (mavs-ros2) JobProgress: {'identifier': 'mavs-ros2', 'progress': 'build'}
[0.129952] (mavs-ros2) Command: {'cmd': ['/usr/bin/cmake', '--build', '/home/jdj688/mavs_ros2/src/mavs-ros2/build/mavs-ros2', '--', '-j96', '-l96'], 'cwd': '/home/jdj688/mavs_ros2/src/mavs-ros2/build/mavs-ros2', 'env': OrderedDict([('LESSOPEN', '||/usr/bin/lesspipe.sh %s'), ('HISTFILESIZE', '0'), ('LMOD_DIR', '/apps/other/lmod/lmod/libexec'), ('USER', 'jdj688'), ('SSH_CLIENT', '130.18.14.251 60942 22'), ('__LMOD_REF_COUNT_CMAKE_PREFIX_PATH', '/apps/spack-managed/gcc-11.3.1/apptainer-1.0.2-sly2h7brp2pnfvoo2atzfjl7cjnydnic:1;/apps/spack-managed/gcc-11.3.1/go-1.18-alznydijxhxcjhrs6gv4ewrkzfpbekcp:1;/apps/spack-managed/gcc-11.3.1/git-2.38.1-y5mypep4s26jrmydtbcscxbtjm2ttk3e:1;/apps/spack-managed/gcc-11.3.1/perl-5.36.0-vu5twd3fz7fqbfo2sesaounbstcoycih:1;/apps/spack-managed/gcc-11.3.1/zlib-1.2.13-iliwgto55zekyo2bdhemxjz2bu54u2kn:1;/apps/spack-managed/gcc-11.3.1/pcre2-10.39-mzli5r4utmxlbz6lxj4kyaujoibgixwp:1'), ('HOSTNAME', 'mavs-2.hpc.msstate.edu'), ('XDG_SESSION_TYPE', 'tty'), ('LMOD_PKG', '/apps/other/lmod/lmod'), ('SHLVL', '2'), ('LD_LIBRARY_PATH', '/home/jdj688/mavs_ros2/src/mavs-ros2/install/mavs-ros2/lib:/opt/ros/humble/opt/rviz_ogre_vendor/lib:/opt/ros/humble/lib/x86_64-linux-gnu:/opt/ros/humble/lib:/lib:/usr/lib:/usr/local/lib:/.singularity.d/libs'), ('MOTD_SHOWN', 'pam'), ('HOME', '/home/jdj688'), ('__LMOD_REF_COUNT_GOPATH', '/apps/spack-managed/gcc-11.3.1/apptainer-1.0.2-sly2h7brp2pnfvoo2atzfjl7cjnydnic:1'), ('OLDPWD', '/home/jdj688/mavs_ros2/src'), ('SSH_TTY', '/dev/pts/9'), ('USER_PATH', '/apps/spack-managed/gcc-11.3.1/apptainer-1.0.2-sly2h7brp2pnfvoo2atzfjl7cjnydnic/bin:/apps/spack-managed/gcc-11.3.1/go-1.18-alznydijxhxcjhrs6gv4ewrkzfpbekcp/bin:/apps/spack-managed/gcc-11.3.1/git-2.38.1-y5mypep4s26jrmydtbcscxbtjm2ttk3e/bin:/apps/spack-managed/gcc-11.3.1/perl-5.36.0-vu5twd3fz7fqbfo2sesaounbstcoycih/bin:/apps/spack-managed/gcc-11.3.1/pcre2-10.39-mzli5r4utmxlbz6lxj4kyaujoibgixwp/bin:/usr/sbin:/usr/bin:/apps/sbin:/apps/bin:/home/jdj688/mavs/install/lib64:/bin:/usr/bin:/sbin:/usr/sbin:/usr/local/bin:/usr/local/sbin'), ('__LMOD_REF_COUNT_PKG_CONFIG_PATH', '/apps/spack-managed/gcc-11.3.1/zlib-1.2.13-iliwgto55zekyo2bdhemxjz2bu54u2kn/lib/pkgconfig:1;/apps/spack-managed/gcc-11.3.1/pcre2-10.39-mzli5r4utmxlbz6lxj4kyaujoibgixwp/lib/pkgconfig:1'), ('ROS_PYTHON_VERSION', '3'), ('PS1', 'Singularity>'), ('_LMFILES_', '/apps/spack-managed/modulefiles/linux-rocky9-x86_64/Core/pcre2/10.39.lua:/apps/spack-managed/modulefiles/linux-rocky9-x86_64/Core/zlib/1.2.13.lua:/apps/spack-managed/modulefiles/linux-rocky9-x86_64/Core/perl/5.36.0.lua:/apps/spack-managed/modulefiles/linux-rocky9-x86_64/Core/git/2.38.1.lua:/apps/spack-managed/modulefiles/linux-rocky9-x86_64/Core/go/1.18.lua:/apps/spack-managed/modulefiles/linux-rocky9-x86_64/Core/apptainer/1.0.2.lua'), ('DBUS_SESSION_BUS_ADDRESS', 'unix:path=/run/user/9880/bus'), ('APPTAINER_ENVIRONMENT', '/.singularity.d/env/91-environment.sh'), ('__LMOD_REF_COUNT_PATH', '/apps/spack-managed/gcc-11.3.1/apptainer-1.0.2-sly2h7brp2pnfvoo2atzfjl7cjnydnic/bin:1;/apps/spack-managed/gcc-11.3.1/go-1.18-alznydijxhxcjhrs6gv4ewrkzfpbekcp/bin:1;/apps/spack-managed/gcc-11.3.1/git-2.38.1-y5mypep4s26jrmydtbcscxbtjm2ttk3e/bin:1;/apps/spack-managed/gcc-11.3.1/perl-5.36.0-vu5twd3fz7fqbfo2sesaounbstcoycih/bin:1;/apps/spack-managed/gcc-11.3.1/pcre2-10.39-mzli5r4utmxlbz6lxj4kyaujoibgixwp/bin:1;/usr/sbin:1;/usr/bin:1;/apps/sbin:1;/apps/bin:1;/home/jdj688/mavs/install/lib64:1'), ('LMOD_sys', 'Linux'), ('LMOD_SHELL_PRGM', 'bash'), ('DEBUGINFOD_URLS', 'https://debuginfod.centos.org/'), ('which_declare', 'declare -f'), ('COLCON_PREFIX_PATH', '/home/jdj688/mavs_ros2/install:/home/jdj688/mavs_ros2/src/nature/install:/home/jdj688/mavs_ros2/src/mavs-ros2/install'), ('ROS_DISTRO', 'humble'), ('SINGULARITY_ENVIRONMENT', '/.singularity.d/env/91-environment.sh'), ('LOGNAME', 'jdj688'), ('LMOD_VERSION', '8.7.14'), ('_', '/usr/bin/colcon'), ('ROS_VERSION', '2'), ('PKG_CONFIG_PATH', '/apps/spack-managed/gcc-11.3.1/zlib-1.2.13-iliwgto55zekyo2bdhemxjz2bu54u2kn/lib/pkgconfig:/apps/spack-managed/gcc-11.3.1/pcre2-10.39-mzli5r4utmxlbz6lxj4kyaujoibgixwp/lib/pkgconfig'), ('PERL_ROOT', '/apps/spack-managed/gcc-11.3.1/perl-5.36.0-vu5twd3fz7fqbfo2sesaounbstcoycih'), ('XDG_SESSION_CLASS', 'user'), ('TERM', 'xterm-256color'), ('XDG_SESSION_ID', '925'), ('PCRE2_ROOT', '/apps/spack-managed/gcc-11.3.1/pcre2-10.39-mzli5r4utmxlbz6lxj4kyaujoibgixwp'), ('ZLIB_ROOT', '/apps/spack-managed/gcc-11.3.1/zlib-1.2.13-iliwgto55zekyo2bdhemxjz2bu54u2kn'), ('ROS_LOCALHOST_ONLY', '0'), ('HISTCONTROL', 'ignoredups'), ('PATH', '/opt/ros/humble/bin:/usr/local/sbin:/usr/local/bin:/usr/sbin:/usr/bin:/sbin:/bin'), ('APPTAINER_COMMAND', 'shell'), ('LMOD_SETTARG_FULL_SUPPORT', 'no'), ('__LMOD_REF_COUNT_LD_LIBRARY_PATH', '/apps/spack-managed/gcc-11.3.1/go-1.18-alznydijxhxcjhrs6gv4ewrkzfpbekcp/lib:1;/apps/spack-managed/gcc-11.3.1/perl-5.36.0-vu5twd3fz7fqbfo2sesaounbstcoycih/lib:1;/apps/spack-managed/gcc-11.3.1/zlib-1.2.13-iliwgto55zekyo2bdhemxjz2bu54u2kn/lib:1;/apps/spack-managed/gcc-11.3.1/pcre2-10.39-mzli5r4utmxlbz6lxj4kyaujoibgixwp/lib:1;/home/jdj688/.local/lib:1;/usr/lib64:1;/usr/lib:1;/home/jdj688/mavs/install/lib64:1'), ('XDG_RUNTIME_DIR', '/run/user/9880'), ('DISPLAY', 'localhost:12.0'), ('LMOD_SYSTEM_NAME', 'desktop-rh9.x'), ('HISTSIZE', '100'), ('APPTAINER_APPNAME', ''), ('LANG', 'en_US.UTF-8'), ('LMOD_ROOT', '/apps/other/lmod'), ('RMW_IMPLEMENTATION', 'rmw_cyclonedds_cpp'), ('AMENT_PREFIX_PATH', '/home/jdj688/mavs_ros2/src/nature/install/nature:/home/jdj688/mavs_ros2/src/mavs-ros2/install/mavs-ros2:/opt/ros/humble'), ('SHELL', '/bin/bash'), ('MODULEPATH_ROOT', '/apps/other/modulefiles'), ('GOPATH', '/apps/spack-managed/gcc-11.3.1/apptainer-1.0.2-sly2h7brp2pnfvoo2atzfjl7cjnydnic'), ('GO_ROOT', '/apps/spack-managed/gcc-11.3.1/go-1.18-alznydijxhxcjhrs6gv4ewrkzfpbekcp'), ('GIT_ROOT', '/apps/spack-managed/gcc-11.3.1/git-2.38.1-y5mypep4s26jrmydtbcscxbtjm2ttk3e'), ('APPTAINER_CONTAINER', '/scratch/cgoodin/containers/mavs-ros2-ctg.sif'), ('APPTAINER_BIND', '/home/jdj688/mavs_ros2,/cavs,/cci,/ccs,/gri,/hpc,/igbb,/ngi'), ('LMOD_CMD', '/apps/other/lmod/lmod/libexec/lmod'), ('_ModuleTable_Sz_', '6'), ('SINGULARITY_CONTAINER', '/scratch/cgoodin/containers/mavs-ros2-ctg.sif'), ('BASH_ENV', '/apps/other/lmod/lmod/init/bash'), ('SINGULARITY_BIND', '/home/jdj688/mavs_ros2,/cavs,/cci,/ccs,/gri,/hpc,/igbb,/ngi'), ('_ModuleTable001_', 'X01vZHVsZVRhYmxlXyA9IHsKTVR2ZXJzaW9uID0gMywKY19yZWJ1aWxkVGltZSA9IGZhbHNlLApjX3Nob3J0VGltZSA9IGZhbHNlLApkZXB0aFQgPSB7fSwKZmFtaWx5ID0ge30sCm1UID0gewphcHB0YWluZXIgPSB7CmZuID0gIi9hcHBzL3NwYWNrLW1hbmFnZWQvbW9kdWxlZmlsZXMvbGludXgtcm9ja3k5LXg4Nl82NC9Db3JlL2FwcHRhaW5lci8xLjAuMi5sdWEiLApmdWxsTmFtZSA9ICJhcHB0YWluZXIvMS4wLjIiLApsb2FkT3JkZXIgPSA2LApwcm9wVCA9IHt9LApzdGFja0RlcHRoID0gMCwKc3RhdHVzID0gImFjdGl2ZSIsCnVzZXJOYW1lID0gImFwcHRhaW5lciIsCndWID0gIjAwMDAwMDAwMS4wMDAwMDAwMDAuMDAwMDAwMDAyLip6ZmluYWwiLAp9LApnaXQgPSB7CmZu'), ('_ModuleTable002_', 'ID0gIi9hcHBzL3NwYWNrLW1hbmFnZWQvbW9kdWxlZmlsZXMvbGludXgtcm9ja3k5LXg4Nl82NC9Db3JlL2dpdC8yLjM4LjEubHVhIiwKZnVsbE5hbWUgPSAiZ2l0LzIuMzguMSIsCmxvYWRPcmRlciA9IDQsCnByb3BUID0ge30sCnJlZl9jb3VudCA9IDEsCnN0YWNrRGVwdGggPSAyLApzdGF0dXMgPSAiYWN0aXZlIiwKdXNlck5hbWUgPSAiZ2l0LzIuMzguMSIsCndWID0gIjAwMDAwMDAwMi4wMDAwMDAwMzguMDAwMDAwMDAxLip6ZmluYWwiLAp9LApnbyA9IHsKZm4gPSAiL2FwcHMvc3BhY2stbWFuYWdlZC9tb2R1bGVmaWxlcy9saW51eC1yb2NreTkteDg2XzY0L0NvcmUvZ28vMS4xOC5sdWEiLApmdWxsTmFtZSA9ICJnby8xLjE4IiwKbG9hZE9yZGVyID0gNSwKcHJvcFQgPSB7'), ('PWD', '/home/jdj688/mavs_ros2/src/mavs-ros2/build/mavs-ros2'), ('LOADEDMODULES', 'pcre2/10.39:zlib/1.2.13:perl/5.36.0:git/2.38.1:go/1.18:apptainer/1.0.2'), ('APPTAINER_NAME', 'mavs-ros2-ctg.sif'), ('LC_ALL', 'en_US.UTF-8'), ('SSH_CONNECTION', '130.18.14.251 60942 130.18.14.170 22'), ('_ModuleTable003_', 'fSwKcmVmX2NvdW50ID0gMSwKc3RhY2tEZXB0aCA9IDEsCnN0YXR1cyA9ICJhY3RpdmUiLAp1c2VyTmFtZSA9ICJnby8xLjE4IiwKd1YgPSAiMDAwMDAwMDAxLjAwMDAwMDAxOC4qemZpbmFsIiwKfSwKcGNyZTIgPSB7CmZuID0gIi9hcHBzL3NwYWNrLW1hbmFnZWQvbW9kdWxlZmlsZXMvbGludXgtcm9ja3k5LXg4Nl82NC9Db3JlL3BjcmUyLzEwLjM5Lmx1YSIsCmZ1bGxOYW1lID0gInBjcmUyLzEwLjM5IiwKbG9hZE9yZGVyID0gMSwKcHJvcFQgPSB7fSwKcmVmX2NvdW50ID0gMSwKc3RhY2tEZXB0aCA9IDMsCnN0YXR1cyA9ICJhY3RpdmUiLAp1c2VyTmFtZSA9ICJwY3JlMi8xMC4zOSIsCndWID0gIjAwMDAwMDAxMC4wMDAwMDAwMzkuKnpmaW5hbCIsCn0sCnBlcmwgPSB7CmZu'), ('PYTHONPATH', '/opt/ros/humble/lib/python3.10/site-packages:/opt/ros/humble/local/lib/python3.10/dist-packages'), ('_ModuleTable004_', 'ID0gIi9hcHBzL3NwYWNrLW1hbmFnZWQvbW9kdWxlZmlsZXMvbGludXgtcm9ja3k5LXg4Nl82NC9Db3JlL3BlcmwvNS4zNi4wLmx1YSIsCmZ1bGxOYW1lID0gInBlcmwvNS4zNi4wIiwKbG9hZE9yZGVyID0gMywKcHJvcFQgPSB7fSwKcmVmX2NvdW50ID0gMSwKc3RhY2tEZXB0aCA9IDMsCnN0YXR1cyA9ICJhY3RpdmUiLAp1c2VyTmFtZSA9ICJwZXJsLzUuMzYuMCIsCndWID0gIjAwMDAwMDAwNS4wMDAwMDAwMzYuKnpmaW5hbCIsCn0sCnpsaWIgPSB7CmZuID0gIi9hcHBzL3NwYWNrLW1hbmFnZWQvbW9kdWxlZmlsZXMvbGludXgtcm9ja3k5LXg4Nl82NC9Db3JlL3psaWIvMS4yLjEzLmx1YSIsCmZ1bGxOYW1lID0gInpsaWIvMS4yLjEzIiwKbG9hZE9yZGVyID0gMiwKcHJvcFQg'), ('SINGULARITY_NAME', 'mavs-ros2-ctg.sif'), ('_ModuleTable005_', 'PSB7fSwKcmVmX2NvdW50ID0gMiwKc3RhY2tEZXB0aCA9IDQsCnN0YXR1cyA9ICJhY3RpdmUiLAp1c2VyTmFtZSA9ICJ6bGliLzEuMi4xMyIsCndWID0gIjAwMDAwMDAwMS4wMDAwMDAwMDIuMDAwMDAwMDEzLip6ZmluYWwiLAp9LAp9LAptcGF0aEEgPSB7CiIvYXBwcy9zcGFjay1tYW5hZ2VkL21vZHVsZWZpbGVzL2xpbnV4LXJvY2t5OS14ODZfNjQvQ29yZSIKLCAiL2FwcHMvb3RoZXIvbW9kdWxlZmlsZXMiLCAiL2FwcHMvY29udGFpbmVycy9tb2R1bGVmaWxlcyIsICIvYXBwcy9saWNlbnNlZC9tb2R1bGVmaWxlcyIsCn0sCnN5c3RlbUJhc2VNUEFUSCA9ICIvYXBwcy9zcGFjay1tYW5hZ2VkL21vZHVsZWZpbGVzL2xpbnV4LXJvY2t5OS14ODZfNjQvQ29yZTovYXBwcy9vdGhl'), ('CONTAINERS', '/apps/containers/'), ('COLCON', '1'), ('__LMOD_REF_COUNT_MODULEPATH', '/apps/spack-managed/modulefiles/linux-rocky9-x86_64/Core:1;/apps/other/modulefiles:1;/apps/containers/modulefiles:1;/apps/licensed/modulefiles:1'), ('MANPATH', '/apps/spack-managed/gcc-11.3.1/apptainer-1.0.2-sly2h7brp2pnfvoo2atzfjl7cjnydnic/share/man:/apps/spack-managed/gcc-11.3.1/git-2.38.1-y5mypep4s26jrmydtbcscxbtjm2ttk3e/share/man:/apps/spack-managed/gcc-11.3.1/perl-5.36.0-vu5twd3fz7fqbfo2sesaounbstcoycih/man:/apps/spack-managed/gcc-11.3.1/zlib-1.2.13-iliwgto55zekyo2bdhemxjz2bu54u2kn/share/man:/apps/spack-managed/gcc-11.3.1/pcre2-10.39-mzli5r4utmxlbz6lxj4kyaujoibgixwp/share/man:/apps/other/lmod/lmod/share/man:/usr/share/man:/apps/share/man:/apps/man'), ('_ModuleTable006_', 'ci9tb2R1bGVmaWxlczovYXBwcy9jb250YWluZXJzL21vZHVsZWZpbGVzOi9hcHBzL2xpY2Vuc2VkL21vZHVsZWZpbGVzIiwKfQo='), ('__LMOD_REF_COUNT_MANPATH', '/apps/spack-managed/gcc-11.3.1/apptainer-1.0.2-sly2h7brp2pnfvoo2atzfjl7cjnydnic/share/man:1;/apps/spack-managed/gcc-11.3.1/git-2.38.1-y5mypep4s26jrmydtbcscxbtjm2ttk3e/share/man:1;/apps/spack-managed/gcc-11.3.1/perl-5.36.0-vu5twd3fz7fqbfo2sesaounbstcoycih/man:1;/apps/spack-managed/gcc-11.3.1/zlib-1.2.13-iliwgto55zekyo2bdhemxjz2bu54u2kn/share/man:1;/apps/spack-managed/gcc-11.3.1/pcre2-10.39-mzli5r4utmxlbz6lxj4kyaujoibgixwp/share/man:1;/apps/other/lmod/lmod/share/man:1;/usr/share/man:1;/apps/share/man:1;/apps/man:1'), ('MODULEPATH', '/apps/spack-managed/modulefiles/linux-rocky9-x86_64/Core:/apps/other/modulefiles:/apps/containers/modulefiles:/apps/licensed/modulefiles'), ('MODULESHOME', '/apps/other/lmod/lmod'), ('CMAKE_PREFIX_PATH', '/home/jdj688/mavs_ros2/src/nature/install/nature:/home/jdj688/mavs_ros2/src/mavs-ros2/install/mavs-ros2:/apps/spack-managed/gcc-11.3.1/apptainer-1.0.2-sly2h7brp2pnfvoo2atzfjl7cjnydnic:/apps/spack-managed/gcc-11.3.1/go-1.18-alznydijxhxcjhrs6gv4ewrkzfpbekcp:/apps/spack-managed/gcc-11.3.1/git-2.38.1-y5mypep4s26jrmydtbcscxbtjm2ttk3e:/apps/spack-managed/gcc-11.3.1/perl-5.36.0-vu5twd3fz7fqbfo2sesaounbstcoycih:/apps/spack-managed/gcc-11.3.1/zlib-1.2.13-iliwgto55zekyo2bdhemxjz2bu54u2kn:/apps/spack-managed/gcc-11.3.1/pcre2-10.39-mzli5r4utmxlbz6lxj4kyaujoibgixwp:/opt/ros/humble')]), 'shell': False}
[0.195049] (-) TimerEvent: {}
[0.295489] (-) TimerEvent: {}
[0.395758] (-) TimerEvent: {}
[0.407523] (mavs-ros2) StdoutLine: {'line': b'[ 14%] Built target mavs-ros2\n'}
[0.495937] (-) TimerEvent: {}
[0.596376] (-) TimerEvent: {}
[0.619491] (mavs-ros2) StdoutLine: {'line': b'[ 78%] Built target mavs_pose_aggregator_node\n'}
[0.627462] (mavs-ros2) StdoutLine: {'line': b'[ 78%] Built target mavs_camera_node\n'}
[0.630485] (mavs-ros2) StdoutLine: {'line': b'[ 92%] Built target mavs_localization_node\n'}
[0.630654] (mavs-ros2) StdoutLine: {'line': b'[ 92%] Built target mavs_lidar_node\n'}
[0.630741] (mavs-ros2) StdoutLine: {'line': b'[ 92%] Built target mavs_vehicle_node\n'}
[0.631318] (mavs-ros2) StdoutLine: {'line': b'[ 92%] \x1b[32mBuilding CXX object CMakeFiles/mavs_vehicle_node_scene_creator.dir/src/mavs_vehicle_node_scene_creator.cpp.o\x1b[0m\n'}
[0.696512] (-) TimerEvent: {}
[0.796812] (-) TimerEvent: {}
[0.897147] (-) TimerEvent: {}
[0.997410] (-) TimerEvent: {}
[1.097763] (-) TimerEvent: {}
[1.198137] (-) TimerEvent: {}
[1.298427] (-) TimerEvent: {}
[1.398789] (-) TimerEvent: {}
[1.499153] (-) TimerEvent: {}
[1.599519] (-) TimerEvent: {}
[1.699879] (-) TimerEvent: {}
[1.800252] (-) TimerEvent: {}
[1.900613] (-) TimerEvent: {}
[2.000977] (-) TimerEvent: {}
[2.101345] (-) TimerEvent: {}
[2.201710] (-) TimerEvent: {}
[2.302080] (-) TimerEvent: {}
[2.402444] (-) TimerEvent: {}
[2.502811] (-) TimerEvent: {}
[2.603184] (-) TimerEvent: {}
[2.703546] (-) TimerEvent: {}
[2.803900] (-) TimerEvent: {}
[2.904255] (-) TimerEvent: {}
[3.004634] (-) TimerEvent: {}
[3.105003] (-) TimerEvent: {}
[3.205382] (-) TimerEvent: {}
[3.305751] (-) TimerEvent: {}
[3.406128] (-) TimerEvent: {}
[3.506513] (-) TimerEvent: {}
[3.606896] (-) TimerEvent: {}
[3.707274] (-) TimerEvent: {}
[3.807643] (-) TimerEvent: {}
[3.908005] (-) TimerEvent: {}
[4.008347] (-) TimerEvent: {}
[4.108726] (-) TimerEvent: {}
[4.209103] (-) TimerEvent: {}
[4.309467] (-) TimerEvent: {}
[4.409852] (-) TimerEvent: {}
[4.510223] (-) TimerEvent: {}
[4.610602] (-) TimerEvent: {}
[4.710971] (-) TimerEvent: {}
[4.811350] (-) TimerEvent: {}
[4.911737] (-) TimerEvent: {}
[5.012088] (-) TimerEvent: {}
[5.112454] (-) TimerEvent: {}
[5.212838] (-) TimerEvent: {}
[5.313214] (-) TimerEvent: {}
[5.413566] (-) TimerEvent: {}
[5.513947] (-) TimerEvent: {}
[5.614335] (-) TimerEvent: {}
[5.714724] (-) TimerEvent: {}
[5.815101] (-) TimerEvent: {}
[5.915500] (-) TimerEvent: {}
[5.977224] (mavs-ros2) StderrLine: {'line': b'\x1b[01m\x1b[K/home/jdj688/mavs_ros2/src/mavs-ros2/src/mavs_vehicle_node_scene_creator.cpp:\x1b[m\x1b[K In member function \xe2\x80\x98\x1b[01m\x1b[Kstd::vector<float> MavsVehicleNode::RunSimulation()\x1b[m\x1b[K\xe2\x80\x99:\n'}
[5.977428] (mavs-ros2) StderrLine: {'line': b'\x1b[01m\x1b[K/home/jdj688/mavs_ros2/src/mavs-ros2/src/mavs_vehicle_node_scene_creator.cpp:187:11:\x1b[m\x1b[K \x1b[01;35m\x1b[Kwarning: \x1b[m\x1b[Kvariable \xe2\x80\x98\x1b[01m\x1b[Kdesired_speed\x1b[m\x1b[K\xe2\x80\x99 set but not used [\x1b[01;35m\x1b[K\x1b]8;;https://gcc.gnu.org/onlinedocs/gcc/Warning-Options.html#index-Wunused-but-set-variable\x07-Wunused-but-set-variable\x1b]8;;\x07\x1b[m\x1b[K]\n'}
[5.977500] (mavs-ros2) StderrLine: {'line': b'  187 |     float \x1b[01;35m\x1b[Kdesired_speed\x1b[m\x1b[K = 2.0f;\n'}
[5.977557] (mavs-ros2) StderrLine: {'line': b'      |           \x1b[01;35m\x1b[K^~~~~~~~~~~~~\x1b[m\x1b[K\n'}
[6.015599] (-) TimerEvent: {}
[6.115915] (-) TimerEvent: {}
[6.216238] (-) TimerEvent: {}
[6.316503] (-) TimerEvent: {}
[6.416829] (-) TimerEvent: {}
[6.517259] (-) TimerEvent: {}
[6.617551] (-) TimerEvent: {}
[6.717876] (-) TimerEvent: {}
[6.818157] (-) TimerEvent: {}
[6.918435] (-) TimerEvent: {}
[7.018621] (-) TimerEvent: {}
[7.118808] (-) TimerEvent: {}
[7.219078] (-) TimerEvent: {}
[7.319268] (-) TimerEvent: {}
[7.419468] (-) TimerEvent: {}
[7.519736] (-) TimerEvent: {}
[7.619987] (-) TimerEvent: {}
[7.720270] (-) TimerEvent: {}
[7.820537] (-) TimerEvent: {}
[7.920745] (-) TimerEvent: {}
[8.020930] (-) TimerEvent: {}
[8.121131] (-) TimerEvent: {}
[8.221366] (-) TimerEvent: {}
[8.321676] (-) TimerEvent: {}
[8.422088] (-) TimerEvent: {}
[8.522485] (-) TimerEvent: {}
[8.622771] (-) TimerEvent: {}
[8.723105] (-) TimerEvent: {}
[8.823416] (-) TimerEvent: {}
[8.923741] (-) TimerEvent: {}
[9.024081] (-) TimerEvent: {}
[9.124375] (-) TimerEvent: {}
[9.224650] (-) TimerEvent: {}
[9.325034] (-) TimerEvent: {}
[9.425338] (-) TimerEvent: {}
[9.525628] (-) TimerEvent: {}
[9.625990] (-) TimerEvent: {}
[9.726345] (-) TimerEvent: {}
[9.826606] (-) TimerEvent: {}
[9.926857] (-) TimerEvent: {}
[10.027160] (-) TimerEvent: {}
[10.127427] (-) TimerEvent: {}
[10.227732] (-) TimerEvent: {}
[10.328042] (-) TimerEvent: {}
[10.428353] (-) TimerEvent: {}
[10.528649] (-) TimerEvent: {}
[10.628963] (-) TimerEvent: {}
[10.729298] (-) TimerEvent: {}
[10.829628] (-) TimerEvent: {}
[10.929944] (-) TimerEvent: {}
[11.030239] (-) TimerEvent: {}
[11.130633] (-) TimerEvent: {}
[11.230956] (-) TimerEvent: {}
[11.331278] (-) TimerEvent: {}
[11.431618] (-) TimerEvent: {}
[11.531922] (-) TimerEvent: {}
[11.632357] (-) TimerEvent: {}
[11.732764] (-) TimerEvent: {}
[11.833106] (-) TimerEvent: {}
[11.933446] (-) TimerEvent: {}
[12.033745] (-) TimerEvent: {}
[12.134068] (-) TimerEvent: {}
[12.234395] (-) TimerEvent: {}
[12.334709] (-) TimerEvent: {}
[12.435020] (-) TimerEvent: {}
[12.535379] (-) TimerEvent: {}
[12.635733] (-) TimerEvent: {}
[12.736071] (-) TimerEvent: {}
[12.836366] (-) TimerEvent: {}
[12.936718] (-) TimerEvent: {}
[13.037033] (-) TimerEvent: {}
[13.137345] (-) TimerEvent: {}
[13.237688] (-) TimerEvent: {}
[13.338033] (-) TimerEvent: {}
[13.438402] (-) TimerEvent: {}
[13.538762] (-) TimerEvent: {}
[13.639090] (-) TimerEvent: {}
[13.739382] (-) TimerEvent: {}
[13.839735] (-) TimerEvent: {}
[13.940019] (-) TimerEvent: {}
[14.040282] (-) TimerEvent: {}
[14.140550] (-) TimerEvent: {}
[14.240820] (-) TimerEvent: {}
[14.341075] (-) TimerEvent: {}
[14.441353] (-) TimerEvent: {}
[14.541648] (-) TimerEvent: {}
[14.641965] (-) TimerEvent: {}
[14.742346] (-) TimerEvent: {}
[14.842736] (-) TimerEvent: {}
[14.943044] (-) TimerEvent: {}
[15.043300] (-) TimerEvent: {}
[15.143564] (-) TimerEvent: {}
[15.243821] (-) TimerEvent: {}
[15.344097] (-) TimerEvent: {}
[15.444383] (-) TimerEvent: {}
[15.544704] (-) TimerEvent: {}
[15.645081] (-) TimerEvent: {}
[15.745400] (-) TimerEvent: {}
[15.845672] (-) TimerEvent: {}
[15.945990] (-) TimerEvent: {}
[16.046304] (-) TimerEvent: {}
[16.146648] (-) TimerEvent: {}
[16.247100] (-) TimerEvent: {}
[16.347509] (-) TimerEvent: {}
[16.447831] (-) TimerEvent: {}
[16.548181] (-) TimerEvent: {}
[16.648568] (-) TimerEvent: {}
[16.748925] (-) TimerEvent: {}
[16.849294] (-) TimerEvent: {}
[16.949641] (-) TimerEvent: {}
[17.049980] (-) TimerEvent: {}
[17.150257] (-) TimerEvent: {}
[17.250545] (-) TimerEvent: {}
[17.350823] (-) TimerEvent: {}
[17.451070] (-) TimerEvent: {}
[17.551331] (-) TimerEvent: {}
[17.651598] (-) TimerEvent: {}
[17.751851] (-) TimerEvent: {}
[17.852099] (-) TimerEvent: {}
[17.952399] (-) TimerEvent: {}
[18.052662] (-) TimerEvent: {}
[18.152946] (-) TimerEvent: {}
[18.253240] (-) TimerEvent: {}
[18.353518] (-) TimerEvent: {}
[18.453849] (-) TimerEvent: {}
[18.554193] (-) TimerEvent: {}
[18.654514] (-) TimerEvent: {}
[18.754765] (-) TimerEvent: {}
[18.855004] (-) TimerEvent: {}
[18.955272] (-) TimerEvent: {}
[19.055543] (-) TimerEvent: {}
[19.155820] (-) TimerEvent: {}
[19.259308] (-) TimerEvent: {}
[19.359568] (-) TimerEvent: {}
[19.459816] (-) TimerEvent: {}
[19.560085] (-) TimerEvent: {}
[19.660407] (-) TimerEvent: {}
[19.760742] (-) TimerEvent: {}
[19.861094] (-) TimerEvent: {}
[19.961425] (-) TimerEvent: {}
[20.061785] (-) TimerEvent: {}
[20.162101] (-) TimerEvent: {}
[20.262454] (-) TimerEvent: {}
[20.362810] (-) TimerEvent: {}
[20.463167] (-) TimerEvent: {}
[20.532830] (mavs-ros2) StdoutLine: {'line': b'[100%] \x1b[32m\x1b[1mLinking CXX executable mavs_vehicle_node_scene_creator\x1b[0m\n'}
[20.563225] (-) TimerEvent: {}
[20.663445] (-) TimerEvent: {}
[20.763744] (-) TimerEvent: {}
[20.864018] (-) TimerEvent: {}
[20.964277] (-) TimerEvent: {}
[21.064545] (-) TimerEvent: {}
[21.164805] (-) TimerEvent: {}
[21.265049] (-) TimerEvent: {}
[21.365263] (-) TimerEvent: {}
[21.465471] (-) TimerEvent: {}
[21.493704] (mavs-ros2) StdoutLine: {'line': b'[100%] Built target mavs_vehicle_node_scene_creator\n'}
[21.542298] (mavs-ros2) CommandEnded: {'returncode': 0}
[21.551066] (mavs-ros2) JobProgress: {'identifier': 'mavs-ros2', 'progress': 'install'}
[21.569004] (-) TimerEvent: {}
[21.579107] (mavs-ros2) Command: {'cmd': ['/usr/bin/cmake', '--install', '/home/jdj688/mavs_ros2/src/mavs-ros2/build/mavs-ros2'], 'cwd': '/home/jdj688/mavs_ros2/src/mavs-ros2/build/mavs-ros2', 'env': OrderedDict([('LESSOPEN', '||/usr/bin/lesspipe.sh %s'), ('HISTFILESIZE', '0'), ('LMOD_DIR', '/apps/other/lmod/lmod/libexec'), ('USER', 'jdj688'), ('SSH_CLIENT', '130.18.14.251 60942 22'), ('__LMOD_REF_COUNT_CMAKE_PREFIX_PATH', '/apps/spack-managed/gcc-11.3.1/apptainer-1.0.2-sly2h7brp2pnfvoo2atzfjl7cjnydnic:1;/apps/spack-managed/gcc-11.3.1/go-1.18-alznydijxhxcjhrs6gv4ewrkzfpbekcp:1;/apps/spack-managed/gcc-11.3.1/git-2.38.1-y5mypep4s26jrmydtbcscxbtjm2ttk3e:1;/apps/spack-managed/gcc-11.3.1/perl-5.36.0-vu5twd3fz7fqbfo2sesaounbstcoycih:1;/apps/spack-managed/gcc-11.3.1/zlib-1.2.13-iliwgto55zekyo2bdhemxjz2bu54u2kn:1;/apps/spack-managed/gcc-11.3.1/pcre2-10.39-mzli5r4utmxlbz6lxj4kyaujoibgixwp:1'), ('HOSTNAME', 'mavs-2.hpc.msstate.edu'), ('XDG_SESSION_TYPE', 'tty'), ('LMOD_PKG', '/apps/other/lmod/lmod'), ('SHLVL', '2'), ('LD_LIBRARY_PATH', '/home/jdj688/mavs_ros2/src/mavs-ros2/install/mavs-ros2/lib:/opt/ros/humble/opt/rviz_ogre_vendor/lib:/opt/ros/humble/lib/x86_64-linux-gnu:/opt/ros/humble/lib:/lib:/usr/lib:/usr/local/lib:/.singularity.d/libs'), ('MOTD_SHOWN', 'pam'), ('HOME', '/home/jdj688'), ('__LMOD_REF_COUNT_GOPATH', '/apps/spack-managed/gcc-11.3.1/apptainer-1.0.2-sly2h7brp2pnfvoo2atzfjl7cjnydnic:1'), ('OLDPWD', '/home/jdj688/mavs_ros2/src'), ('SSH_TTY', '/dev/pts/9'), ('USER_PATH', '/apps/spack-managed/gcc-11.3.1/apptainer-1.0.2-sly2h7brp2pnfvoo2atzfjl7cjnydnic/bin:/apps/spack-managed/gcc-11.3.1/go-1.18-alznydijxhxcjhrs6gv4ewrkzfpbekcp/bin:/apps/spack-managed/gcc-11.3.1/git-2.38.1-y5mypep4s26jrmydtbcscxbtjm2ttk3e/bin:/apps/spack-managed/gcc-11.3.1/perl-5.36.0-vu5twd3fz7fqbfo2sesaounbstcoycih/bin:/apps/spack-managed/gcc-11.3.1/pcre2-10.39-mzli5r4utmxlbz6lxj4kyaujoibgixwp/bin:/usr/sbin:/usr/bin:/apps/sbin:/apps/bin:/home/jdj688/mavs/install/lib64:/bin:/usr/bin:/sbin:/usr/sbin:/usr/local/bin:/usr/local/sbin'), ('__LMOD_REF_COUNT_PKG_CONFIG_PATH', '/apps/spack-managed/gcc-11.3.1/zlib-1.2.13-iliwgto55zekyo2bdhemxjz2bu54u2kn/lib/pkgconfig:1;/apps/spack-managed/gcc-11.3.1/pcre2-10.39-mzli5r4utmxlbz6lxj4kyaujoibgixwp/lib/pkgconfig:1'), ('ROS_PYTHON_VERSION', '3'), ('PS1', 'Singularity>'), ('_LMFILES_', '/apps/spack-managed/modulefiles/linux-rocky9-x86_64/Core/pcre2/10.39.lua:/apps/spack-managed/modulefiles/linux-rocky9-x86_64/Core/zlib/1.2.13.lua:/apps/spack-managed/modulefiles/linux-rocky9-x86_64/Core/perl/5.36.0.lua:/apps/spack-managed/modulefiles/linux-rocky9-x86_64/Core/git/2.38.1.lua:/apps/spack-managed/modulefiles/linux-rocky9-x86_64/Core/go/1.18.lua:/apps/spack-managed/modulefiles/linux-rocky9-x86_64/Core/apptainer/1.0.2.lua'), ('DBUS_SESSION_BUS_ADDRESS', 'unix:path=/run/user/9880/bus'), ('APPTAINER_ENVIRONMENT', '/.singularity.d/env/91-environment.sh'), ('__LMOD_REF_COUNT_PATH', '/apps/spack-managed/gcc-11.3.1/apptainer-1.0.2-sly2h7brp2pnfvoo2atzfjl7cjnydnic/bin:1;/apps/spack-managed/gcc-11.3.1/go-1.18-alznydijxhxcjhrs6gv4ewrkzfpbekcp/bin:1;/apps/spack-managed/gcc-11.3.1/git-2.38.1-y5mypep4s26jrmydtbcscxbtjm2ttk3e/bin:1;/apps/spack-managed/gcc-11.3.1/perl-5.36.0-vu5twd3fz7fqbfo2sesaounbstcoycih/bin:1;/apps/spack-managed/gcc-11.3.1/pcre2-10.39-mzli5r4utmxlbz6lxj4kyaujoibgixwp/bin:1;/usr/sbin:1;/usr/bin:1;/apps/sbin:1;/apps/bin:1;/home/jdj688/mavs/install/lib64:1'), ('LMOD_sys', 'Linux'), ('LMOD_SHELL_PRGM', 'bash'), ('DEBUGINFOD_URLS', 'https://debuginfod.centos.org/'), ('which_declare', 'declare -f'), ('COLCON_PREFIX_PATH', '/home/jdj688/mavs_ros2/install:/home/jdj688/mavs_ros2/src/nature/install:/home/jdj688/mavs_ros2/src/mavs-ros2/install'), ('ROS_DISTRO', 'humble'), ('SINGULARITY_ENVIRONMENT', '/.singularity.d/env/91-environment.sh'), ('LOGNAME', 'jdj688'), ('LMOD_VERSION', '8.7.14'), ('_', '/usr/bin/colcon'), ('ROS_VERSION', '2'), ('PKG_CONFIG_PATH', '/apps/spack-managed/gcc-11.3.1/zlib-1.2.13-iliwgto55zekyo2bdhemxjz2bu54u2kn/lib/pkgconfig:/apps/spack-managed/gcc-11.3.1/pcre2-10.39-mzli5r4utmxlbz6lxj4kyaujoibgixwp/lib/pkgconfig'), ('PERL_ROOT', '/apps/spack-managed/gcc-11.3.1/perl-5.36.0-vu5twd3fz7fqbfo2sesaounbstcoycih'), ('XDG_SESSION_CLASS', 'user'), ('TERM', 'xterm-256color'), ('XDG_SESSION_ID', '925'), ('PCRE2_ROOT', '/apps/spack-managed/gcc-11.3.1/pcre2-10.39-mzli5r4utmxlbz6lxj4kyaujoibgixwp'), ('ZLIB_ROOT', '/apps/spack-managed/gcc-11.3.1/zlib-1.2.13-iliwgto55zekyo2bdhemxjz2bu54u2kn'), ('ROS_LOCALHOST_ONLY', '0'), ('HISTCONTROL', 'ignoredups'), ('PATH', '/opt/ros/humble/bin:/usr/local/sbin:/usr/local/bin:/usr/sbin:/usr/bin:/sbin:/bin'), ('APPTAINER_COMMAND', 'shell'), ('LMOD_SETTARG_FULL_SUPPORT', 'no'), ('__LMOD_REF_COUNT_LD_LIBRARY_PATH', '/apps/spack-managed/gcc-11.3.1/go-1.18-alznydijxhxcjhrs6gv4ewrkzfpbekcp/lib:1;/apps/spack-managed/gcc-11.3.1/perl-5.36.0-vu5twd3fz7fqbfo2sesaounbstcoycih/lib:1;/apps/spack-managed/gcc-11.3.1/zlib-1.2.13-iliwgto55zekyo2bdhemxjz2bu54u2kn/lib:1;/apps/spack-managed/gcc-11.3.1/pcre2-10.39-mzli5r4utmxlbz6lxj4kyaujoibgixwp/lib:1;/home/jdj688/.local/lib:1;/usr/lib64:1;/usr/lib:1;/home/jdj688/mavs/install/lib64:1'), ('XDG_RUNTIME_DIR', '/run/user/9880'), ('DISPLAY', 'localhost:12.0'), ('LMOD_SYSTEM_NAME', 'desktop-rh9.x'), ('HISTSIZE', '100'), ('APPTAINER_APPNAME', ''), ('LANG', 'en_US.UTF-8'), ('LMOD_ROOT', '/apps/other/lmod'), ('RMW_IMPLEMENTATION', 'rmw_cyclonedds_cpp'), ('AMENT_PREFIX_PATH', '/home/jdj688/mavs_ros2/src/nature/install/nature:/home/jdj688/mavs_ros2/src/mavs-ros2/install/mavs-ros2:/opt/ros/humble'), ('SHELL', '/bin/bash'), ('MODULEPATH_ROOT', '/apps/other/modulefiles'), ('GOPATH', '/apps/spack-managed/gcc-11.3.1/apptainer-1.0.2-sly2h7brp2pnfvoo2atzfjl7cjnydnic'), ('GO_ROOT', '/apps/spack-managed/gcc-11.3.1/go-1.18-alznydijxhxcjhrs6gv4ewrkzfpbekcp'), ('GIT_ROOT', '/apps/spack-managed/gcc-11.3.1/git-2.38.1-y5mypep4s26jrmydtbcscxbtjm2ttk3e'), ('APPTAINER_CONTAINER', '/scratch/cgoodin/containers/mavs-ros2-ctg.sif'), ('APPTAINER_BIND', '/home/jdj688/mavs_ros2,/cavs,/cci,/ccs,/gri,/hpc,/igbb,/ngi'), ('LMOD_CMD', '/apps/other/lmod/lmod/libexec/lmod'), ('_ModuleTable_Sz_', '6'), ('SINGULARITY_CONTAINER', '/scratch/cgoodin/containers/mavs-ros2-ctg.sif'), ('BASH_ENV', '/apps/other/lmod/lmod/init/bash'), ('SINGULARITY_BIND', '/home/jdj688/mavs_ros2,/cavs,/cci,/ccs,/gri,/hpc,/igbb,/ngi'), ('_ModuleTable001_', 'X01vZHVsZVRhYmxlXyA9IHsKTVR2ZXJzaW9uID0gMywKY19yZWJ1aWxkVGltZSA9IGZhbHNlLApjX3Nob3J0VGltZSA9IGZhbHNlLApkZXB0aFQgPSB7fSwKZmFtaWx5ID0ge30sCm1UID0gewphcHB0YWluZXIgPSB7CmZuID0gIi9hcHBzL3NwYWNrLW1hbmFnZWQvbW9kdWxlZmlsZXMvbGludXgtcm9ja3k5LXg4Nl82NC9Db3JlL2FwcHRhaW5lci8xLjAuMi5sdWEiLApmdWxsTmFtZSA9ICJhcHB0YWluZXIvMS4wLjIiLApsb2FkT3JkZXIgPSA2LApwcm9wVCA9IHt9LApzdGFja0RlcHRoID0gMCwKc3RhdHVzID0gImFjdGl2ZSIsCnVzZXJOYW1lID0gImFwcHRhaW5lciIsCndWID0gIjAwMDAwMDAwMS4wMDAwMDAwMDAuMDAwMDAwMDAyLip6ZmluYWwiLAp9LApnaXQgPSB7CmZu'), ('_ModuleTable002_', 'ID0gIi9hcHBzL3NwYWNrLW1hbmFnZWQvbW9kdWxlZmlsZXMvbGludXgtcm9ja3k5LXg4Nl82NC9Db3JlL2dpdC8yLjM4LjEubHVhIiwKZnVsbE5hbWUgPSAiZ2l0LzIuMzguMSIsCmxvYWRPcmRlciA9IDQsCnByb3BUID0ge30sCnJlZl9jb3VudCA9IDEsCnN0YWNrRGVwdGggPSAyLApzdGF0dXMgPSAiYWN0aXZlIiwKdXNlck5hbWUgPSAiZ2l0LzIuMzguMSIsCndWID0gIjAwMDAwMDAwMi4wMDAwMDAwMzguMDAwMDAwMDAxLip6ZmluYWwiLAp9LApnbyA9IHsKZm4gPSAiL2FwcHMvc3BhY2stbWFuYWdlZC9tb2R1bGVmaWxlcy9saW51eC1yb2NreTkteDg2XzY0L0NvcmUvZ28vMS4xOC5sdWEiLApmdWxsTmFtZSA9ICJnby8xLjE4IiwKbG9hZE9yZGVyID0gNSwKcHJvcFQgPSB7'), ('PWD', '/home/jdj688/mavs_ros2/src/mavs-ros2/build/mavs-ros2'), ('LOADEDMODULES', 'pcre2/10.39:zlib/1.2.13:perl/5.36.0:git/2.38.1:go/1.18:apptainer/1.0.2'), ('APPTAINER_NAME', 'mavs-ros2-ctg.sif'), ('LC_ALL', 'en_US.UTF-8'), ('SSH_CONNECTION', '130.18.14.251 60942 130.18.14.170 22'), ('_ModuleTable003_', 'fSwKcmVmX2NvdW50ID0gMSwKc3RhY2tEZXB0aCA9IDEsCnN0YXR1cyA9ICJhY3RpdmUiLAp1c2VyTmFtZSA9ICJnby8xLjE4IiwKd1YgPSAiMDAwMDAwMDAxLjAwMDAwMDAxOC4qemZpbmFsIiwKfSwKcGNyZTIgPSB7CmZuID0gIi9hcHBzL3NwYWNrLW1hbmFnZWQvbW9kdWxlZmlsZXMvbGludXgtcm9ja3k5LXg4Nl82NC9Db3JlL3BjcmUyLzEwLjM5Lmx1YSIsCmZ1bGxOYW1lID0gInBjcmUyLzEwLjM5IiwKbG9hZE9yZGVyID0gMSwKcHJvcFQgPSB7fSwKcmVmX2NvdW50ID0gMSwKc3RhY2tEZXB0aCA9IDMsCnN0YXR1cyA9ICJhY3RpdmUiLAp1c2VyTmFtZSA9ICJwY3JlMi8xMC4zOSIsCndWID0gIjAwMDAwMDAxMC4wMDAwMDAwMzkuKnpmaW5hbCIsCn0sCnBlcmwgPSB7CmZu'), ('PYTHONPATH', '/opt/ros/humble/lib/python3.10/site-packages:/opt/ros/humble/local/lib/python3.10/dist-packages'), ('_ModuleTable004_', 'ID0gIi9hcHBzL3NwYWNrLW1hbmFnZWQvbW9kdWxlZmlsZXMvbGludXgtcm9ja3k5LXg4Nl82NC9Db3JlL3BlcmwvNS4zNi4wLmx1YSIsCmZ1bGxOYW1lID0gInBlcmwvNS4zNi4wIiwKbG9hZE9yZGVyID0gMywKcHJvcFQgPSB7fSwKcmVmX2NvdW50ID0gMSwKc3RhY2tEZXB0aCA9IDMsCnN0YXR1cyA9ICJhY3RpdmUiLAp1c2VyTmFtZSA9ICJwZXJsLzUuMzYuMCIsCndWID0gIjAwMDAwMDAwNS4wMDAwMDAwMzYuKnpmaW5hbCIsCn0sCnpsaWIgPSB7CmZuID0gIi9hcHBzL3NwYWNrLW1hbmFnZWQvbW9kdWxlZmlsZXMvbGludXgtcm9ja3k5LXg4Nl82NC9Db3JlL3psaWIvMS4yLjEzLmx1YSIsCmZ1bGxOYW1lID0gInpsaWIvMS4yLjEzIiwKbG9hZE9yZGVyID0gMiwKcHJvcFQg'), ('SINGULARITY_NAME', 'mavs-ros2-ctg.sif'), ('_ModuleTable005_', 'PSB7fSwKcmVmX2NvdW50ID0gMiwKc3RhY2tEZXB0aCA9IDQsCnN0YXR1cyA9ICJhY3RpdmUiLAp1c2VyTmFtZSA9ICJ6bGliLzEuMi4xMyIsCndWID0gIjAwMDAwMDAwMS4wMDAwMDAwMDIuMDAwMDAwMDEzLip6ZmluYWwiLAp9LAp9LAptcGF0aEEgPSB7CiIvYXBwcy9zcGFjay1tYW5hZ2VkL21vZHVsZWZpbGVzL2xpbnV4LXJvY2t5OS14ODZfNjQvQ29yZSIKLCAiL2FwcHMvb3RoZXIvbW9kdWxlZmlsZXMiLCAiL2FwcHMvY29udGFpbmVycy9tb2R1bGVmaWxlcyIsICIvYXBwcy9saWNlbnNlZC9tb2R1bGVmaWxlcyIsCn0sCnN5c3RlbUJhc2VNUEFUSCA9ICIvYXBwcy9zcGFjay1tYW5hZ2VkL21vZHVsZWZpbGVzL2xpbnV4LXJvY2t5OS14ODZfNjQvQ29yZTovYXBwcy9vdGhl'), ('CONTAINERS', '/apps/containers/'), ('COLCON', '1'), ('__LMOD_REF_COUNT_MODULEPATH', '/apps/spack-managed/modulefiles/linux-rocky9-x86_64/Core:1;/apps/other/modulefiles:1;/apps/containers/modulefiles:1;/apps/licensed/modulefiles:1'), ('MANPATH', '/apps/spack-managed/gcc-11.3.1/apptainer-1.0.2-sly2h7brp2pnfvoo2atzfjl7cjnydnic/share/man:/apps/spack-managed/gcc-11.3.1/git-2.38.1-y5mypep4s26jrmydtbcscxbtjm2ttk3e/share/man:/apps/spack-managed/gcc-11.3.1/perl-5.36.0-vu5twd3fz7fqbfo2sesaounbstcoycih/man:/apps/spack-managed/gcc-11.3.1/zlib-1.2.13-iliwgto55zekyo2bdhemxjz2bu54u2kn/share/man:/apps/spack-managed/gcc-11.3.1/pcre2-10.39-mzli5r4utmxlbz6lxj4kyaujoibgixwp/share/man:/apps/other/lmod/lmod/share/man:/usr/share/man:/apps/share/man:/apps/man'), ('_ModuleTable006_', 'ci9tb2R1bGVmaWxlczovYXBwcy9jb250YWluZXJzL21vZHVsZWZpbGVzOi9hcHBzL2xpY2Vuc2VkL21vZHVsZWZpbGVzIiwKfQo='), ('__LMOD_REF_COUNT_MANPATH', '/apps/spack-managed/gcc-11.3.1/apptainer-1.0.2-sly2h7brp2pnfvoo2atzfjl7cjnydnic/share/man:1;/apps/spack-managed/gcc-11.3.1/git-2.38.1-y5mypep4s26jrmydtbcscxbtjm2ttk3e/share/man:1;/apps/spack-managed/gcc-11.3.1/perl-5.36.0-vu5twd3fz7fqbfo2sesaounbstcoycih/man:1;/apps/spack-managed/gcc-11.3.1/zlib-1.2.13-iliwgto55zekyo2bdhemxjz2bu54u2kn/share/man:1;/apps/spack-managed/gcc-11.3.1/pcre2-10.39-mzli5r4utmxlbz6lxj4kyaujoibgixwp/share/man:1;/apps/other/lmod/lmod/share/man:1;/usr/share/man:1;/apps/share/man:1;/apps/man:1'), ('MODULEPATH', '/apps/spack-managed/modulefiles/linux-rocky9-x86_64/Core:/apps/other/modulefiles:/apps/containers/modulefiles:/apps/licensed/modulefiles'), ('MODULESHOME', '/apps/other/lmod/lmod'), ('CMAKE_PREFIX_PATH', '/home/jdj688/mavs_ros2/src/nature/install/nature:/home/jdj688/mavs_ros2/src/mavs-ros2/install/mavs-ros2:/apps/spack-managed/gcc-11.3.1/apptainer-1.0.2-sly2h7brp2pnfvoo2atzfjl7cjnydnic:/apps/spack-managed/gcc-11.3.1/go-1.18-alznydijxhxcjhrs6gv4ewrkzfpbekcp:/apps/spack-managed/gcc-11.3.1/git-2.38.1-y5mypep4s26jrmydtbcscxbtjm2ttk3e:/apps/spack-managed/gcc-11.3.1/perl-5.36.0-vu5twd3fz7fqbfo2sesaounbstcoycih:/apps/spack-managed/gcc-11.3.1/zlib-1.2.13-iliwgto55zekyo2bdhemxjz2bu54u2kn:/apps/spack-managed/gcc-11.3.1/pcre2-10.39-mzli5r4utmxlbz6lxj4kyaujoibgixwp:/opt/ros/humble')]), 'shell': False}
[21.593482] (mavs-ros2) StdoutLine: {'line': b'-- Install configuration: ""\n'}
[21.596787] (mavs-ros2) StdoutLine: {'line': b'-- Up-to-date: /home/jdj688/mavs_ros2/src/mavs-ros2/install/mavs-ros2/share/mavs-ros2/environment/library_path.sh\n'}
[21.604608] (mavs-ros2) StdoutLine: {'line': b'-- Installing: /home/jdj688/mavs_ros2/src/mavs-ros2/install/mavs-ros2/share/mavs-ros2/environment/library_path.dsv\n'}
[21.637570] (mavs-ros2) StdoutLine: {'line': b'-- Up-to-date: /home/jdj688/mavs_ros2/src/mavs-ros2/install/mavs-ros2/lib/libmavs-ros2.a\n'}
[21.644223] (mavs-ros2) StdoutLine: {'line': b'-- Up-to-date: /home/jdj688/mavs_ros2/src/mavs-ros2/install/mavs-ros2/lib/mavs-ros2/mavs_vehicle_node\n'}
[21.659934] (mavs-ros2) StdoutLine: {'line': b'-- Up-to-date: /home/jdj688/mavs_ros2/src/mavs-ros2/install/mavs-ros2/lib/mavs-ros2/mavs_camera_node\n'}
[21.669037] (-) TimerEvent: {}
[21.669556] (mavs-ros2) StdoutLine: {'line': b'-- Up-to-date: /home/jdj688/mavs_ros2/src/mavs-ros2/install/mavs-ros2/lib/mavs-ros2/mavs_lidar_node\n'}
[21.683030] (mavs-ros2) StdoutLine: {'line': b'-- Up-to-date: /home/jdj688/mavs_ros2/src/mavs-ros2/install/mavs-ros2/lib/mavs-ros2/mavs_localization_node\n'}
[21.700279] (mavs-ros2) StdoutLine: {'line': b'-- Up-to-date: /home/jdj688/mavs_ros2/src/mavs-ros2/install/mavs-ros2/lib/mavs-ros2/mavs_pose_aggregator_node\n'}
[21.712057] (mavs-ros2) StdoutLine: {'line': b'-- Installing: /home/jdj688/mavs_ros2/src/mavs-ros2/install/mavs-ros2/lib/mavs-ros2/mavs_vehicle_node_scene_creator\n'}
[21.769124] (-) TimerEvent: {}
[21.855950] (mavs-ros2) StdoutLine: {'line': b'-- Set non-toolchain portion of runtime path of "/home/jdj688/mavs_ros2/src/mavs-ros2/install/mavs-ros2/lib/mavs-ros2/mavs_vehicle_node_scene_creator" to ""\n'}
[21.860081] (mavs-ros2) StdoutLine: {'line': b'-- Up-to-date: /home/jdj688/mavs_ros2/src/mavs-ros2/install/mavs-ros2/share/mavs-ros2//launch\n'}
[21.866477] (mavs-ros2) StdoutLine: {'line': b'-- Up-to-date: /home/jdj688/mavs_ros2/src/mavs-ros2/install/mavs-ros2/share/mavs-ros2//launch/launch_vehicle.py\n'}
[21.868670] (mavs-ros2) StdoutLine: {'line': b'-- Up-to-date: /home/jdj688/mavs_ros2/src/mavs-ros2/install/mavs-ros2/share/mavs-ros2//launch/launch_vehicle_and_camera.py\n'}
[21.869181] (-) TimerEvent: {}
[21.871002] (mavs-ros2) StdoutLine: {'line': b'-- Up-to-date: /home/jdj688/mavs_ros2/src/mavs-ros2/install/mavs-ros2/share/mavs-ros2//launch/launch_vehicle_and_camera_and_lidar.py\n'}
[21.873428] (mavs-ros2) StdoutLine: {'line': b'-- Up-to-date: /home/jdj688/mavs_ros2/src/mavs-ros2/install/mavs-ros2/share/mavs-ros2//launch/mavs_config.txt\n'}
[21.876894] (mavs-ros2) StdoutLine: {'line': b'-- Installing: /home/jdj688/mavs_ros2/src/mavs-ros2/install/mavs-ros2/share/mavs-ros2//launch/scene_creator_launch.py\n'}
[21.902785] (mavs-ros2) StdoutLine: {'line': b'-- Up-to-date: /home/jdj688/mavs_ros2/src/mavs-ros2/install/mavs-ros2/include/mavs-ros2\n'}
[21.910234] (mavs-ros2) StdoutLine: {'line': b'-- Up-to-date: /home/jdj688/mavs_ros2/src/mavs-ros2/install/mavs-ros2/include/mavs-ros2/mavs_camera_node.h\n'}
[21.916042] (mavs-ros2) StdoutLine: {'line': b'-- Up-to-date: /home/jdj688/mavs_ros2/src/mavs-ros2/install/mavs-ros2/include/mavs-ros2/mavs_lidar_node.h\n'}
[21.918155] (mavs-ros2) StdoutLine: {'line': b'-- Up-to-date: /home/jdj688/mavs_ros2/src/mavs-ros2/install/mavs-ros2/include/mavs-ros2/mavs_localization_node.h\n'}
[21.920667] (mavs-ros2) StdoutLine: {'line': b'-- Up-to-date: /home/jdj688/mavs_ros2/src/mavs-ros2/install/mavs-ros2/include/mavs-ros2/mavs_node.h\n'}
[21.923389] (mavs-ros2) StdoutLine: {'line': b'-- Up-to-date: /home/jdj688/mavs_ros2/src/mavs-ros2/install/mavs-ros2/include/mavs-ros2/mavs_ros_utils.h\n'}
[21.926243] (mavs-ros2) StdoutLine: {'line': b'-- Up-to-date: /home/jdj688/mavs_ros2/src/mavs-ros2/install/mavs-ros2/include/mavs-ros2/mavs_sensor_node.h\n'}
[21.929254] (mavs-ros2) StdoutLine: {'line': b'-- Up-to-date: /home/jdj688/mavs_ros2/src/mavs-ros2/install/mavs-ros2/include/mavs-ros2/mavs_vehicle_node.h\n'}
[21.932140] (mavs-ros2) StdoutLine: {'line': b'-- Installing: /home/jdj688/mavs_ros2/src/mavs-ros2/install/mavs-ros2/include/mavs-ros2/mavs_vehicle_node_scene_creator.h\n'}
[21.969248] (-) TimerEvent: {}
[21.975658] (mavs-ros2) StdoutLine: {'line': b'-- Up-to-date: /home/jdj688/mavs_ros2/src/mavs-ros2/install/mavs-ros2/share/mavs-ros2/cmake/mavs-ros2Targets.cmake\n'}
[21.983063] (mavs-ros2) StdoutLine: {'line': b'-- Up-to-date: /home/jdj688/mavs_ros2/src/mavs-ros2/install/mavs-ros2/share/mavs-ros2/cmake/mavs-ros2Targets-noconfig.cmake\n'}
[21.987992] (mavs-ros2) StdoutLine: {'line': b'-- Up-to-date: /home/jdj688/mavs_ros2/src/mavs-ros2/install/mavs-ros2/share/ament_index/resource_index/package_run_dependencies/mavs-ros2\n'}
[21.992400] (mavs-ros2) StdoutLine: {'line': b'-- Installing: /home/jdj688/mavs_ros2/src/mavs-ros2/install/mavs-ros2/share/ament_index/resource_index/parent_prefix_path/mavs-ros2\n'}
[22.028341] (mavs-ros2) StdoutLine: {'line': b'-- Up-to-date: /home/jdj688/mavs_ros2/src/mavs-ros2/install/mavs-ros2/share/mavs-ros2/environment/ament_prefix_path.sh\n'}
[22.031652] (mavs-ros2) StdoutLine: {'line': b'-- Installing: /home/jdj688/mavs_ros2/src/mavs-ros2/install/mavs-ros2/share/mavs-ros2/environment/ament_prefix_path.dsv\n'}
[22.067898] (mavs-ros2) StdoutLine: {'line': b'-- Up-to-date: /home/jdj688/mavs_ros2/src/mavs-ros2/install/mavs-ros2/share/mavs-ros2/environment/path.sh\n'}
[22.069309] (-) TimerEvent: {}
[22.071933] (mavs-ros2) StdoutLine: {'line': b'-- Installing: /home/jdj688/mavs_ros2/src/mavs-ros2/install/mavs-ros2/share/mavs-ros2/environment/path.dsv\n'}
[22.105930] (mavs-ros2) StdoutLine: {'line': b'-- Up-to-date: /home/jdj688/mavs_ros2/src/mavs-ros2/install/mavs-ros2/share/mavs-ros2/local_setup.bash\n'}
[22.108736] (mavs-ros2) StdoutLine: {'line': b'-- Up-to-date: /home/jdj688/mavs_ros2/src/mavs-ros2/install/mavs-ros2/share/mavs-ros2/local_setup.sh\n'}
[22.110464] (mavs-ros2) StdoutLine: {'line': b'-- Up-to-date: /home/jdj688/mavs_ros2/src/mavs-ros2/install/mavs-ros2/share/mavs-ros2/local_setup.zsh\n'}
[22.114192] (mavs-ros2) StdoutLine: {'line': b'-- Installing: /home/jdj688/mavs_ros2/src/mavs-ros2/install/mavs-ros2/share/mavs-ros2/local_setup.dsv\n'}
[22.147062] (mavs-ros2) StdoutLine: {'line': b'-- Installing: /home/jdj688/mavs_ros2/src/mavs-ros2/install/mavs-ros2/share/mavs-ros2/package.dsv\n'}
[22.169377] (-) TimerEvent: {}
[22.193506] (mavs-ros2) StdoutLine: {'line': b'-- Up-to-date: /home/jdj688/mavs_ros2/src/mavs-ros2/install/mavs-ros2/share/ament_index/resource_index/packages/mavs-ros2\n'}
[22.203905] (mavs-ros2) StdoutLine: {'line': b'-- Up-to-date: /home/jdj688/mavs_ros2/src/mavs-ros2/install/mavs-ros2/share/mavs-ros2/cmake/mavs-ros2Export.cmake\n'}
[22.206667] (mavs-ros2) StdoutLine: {'line': b'-- Up-to-date: /home/jdj688/mavs_ros2/src/mavs-ros2/install/mavs-ros2/share/mavs-ros2/cmake/mavs-ros2Export-noconfig.cmake\n'}
[22.209366] (mavs-ros2) StdoutLine: {'line': b'-- Up-to-date: /home/jdj688/mavs_ros2/src/mavs-ros2/install/mavs-ros2/share/mavs-ros2/cmake/ament_cmake_export_include_directories-extras.cmake\n'}
[22.211098] (mavs-ros2) StdoutLine: {'line': b'-- Up-to-date: /home/jdj688/mavs_ros2/src/mavs-ros2/install/mavs-ros2/share/mavs-ros2/cmake/ament_cmake_export_targets-extras.cmake\n'}
[22.213165] (mavs-ros2) StdoutLine: {'line': b'-- Up-to-date: /home/jdj688/mavs_ros2/src/mavs-ros2/install/mavs-ros2/share/mavs-ros2/cmake/mavs-ros2Config.cmake\n'}
[22.214850] (mavs-ros2) StdoutLine: {'line': b'-- Up-to-date: /home/jdj688/mavs_ros2/src/mavs-ros2/install/mavs-ros2/share/mavs-ros2/cmake/mavs-ros2Config-version.cmake\n'}
[22.217940] (mavs-ros2) StdoutLine: {'line': b'-- Up-to-date: /home/jdj688/mavs_ros2/src/mavs-ros2/install/mavs-ros2/share/mavs-ros2/package.xml\n'}
[22.232432] (mavs-ros2) CommandEnded: {'returncode': 0}
[22.269789] (-) TimerEvent: {}
[22.370048] (-) TimerEvent: {}
[22.470324] (-) TimerEvent: {}
[22.488430] (mavs-ros2) JobEnded: {'identifier': 'mavs-ros2', 'rc': 0}
[22.516650] (-) EventReactorShutdown: {}
