[0.000000] (-) TimerEvent: {}
[0.000309] (mavs-ros2) JobQueued: {'identifier': 'mavs-ros2', 'dependencies': OrderedDict()}
[0.000394] (mavs-ros2) JobStarted: {'identifier': 'mavs-ros2'}
[0.091859] (mavs-ros2) JobProgress: {'identifier': 'mavs-ros2', 'progress': 'cmake'}
[0.094316] (-) TimerEvent: {}
[0.116289] (mavs-ros2) JobProgress: {'identifier': 'mavs-ros2', 'progress': 'build'}
[0.120020] (mavs-ros2) Command: {'cmd': ['/usr/bin/cmake', '--build', '/home/jdj688/mavs_ros2/src/mavs-ros2/build/mavs-ros2', '--', '-j96', '-l96'], 'cwd': '/home/jdj688/mavs_ros2/src/mavs-ros2/build/mavs-ros2', 'env': OrderedDict([('LESSOPEN', '||/usr/bin/lesspipe.sh %s'), ('HISTFILESIZE', '0'), ('LMOD_DIR', '/apps/other/lmod/lmod/libexec'), ('USER', 'jdj688'), ('SSH_CLIENT', '130.18.14.251 60942 22'), ('__LMOD_REF_COUNT_CMAKE_PREFIX_PATH', '/apps/spack-managed/gcc-11.3.1/apptainer-1.0.2-sly2h7brp2pnfvoo2atzfjl7cjnydnic:1;/apps/spack-managed/gcc-11.3.1/go-1.18-alznydijxhxcjhrs6gv4ewrkzfpbekcp:1;/apps/spack-managed/gcc-11.3.1/git-2.38.1-y5mypep4s26jrmydtbcscxbtjm2ttk3e:1;/apps/spack-managed/gcc-11.3.1/perl-5.36.0-vu5twd3fz7fqbfo2sesaounbstcoycih:1;/apps/spack-managed/gcc-11.3.1/zlib-1.2.13-iliwgto55zekyo2bdhemxjz2bu54u2kn:1;/apps/spack-managed/gcc-11.3.1/pcre2-10.39-mzli5r4utmxlbz6lxj4kyaujoibgixwp:1'), ('HOSTNAME', 'mavs-2.hpc.msstate.edu'), ('XDG_SESSION_TYPE', 'tty'), ('LMOD_PKG', '/apps/other/lmod/lmod'), ('SHLVL', '2'), ('LD_LIBRARY_PATH', '/home/jdj688/mavs_ros2/src/mavs-ros2/install/mavs-ros2/lib:/opt/ros/humble/opt/rviz_ogre_vendor/lib:/opt/ros/humble/lib/x86_64-linux-gnu:/opt/ros/humble/lib:/lib:/usr/lib:/usr/local/lib:/.singularity.d/libs'), ('MOTD_SHOWN', 'pam'), ('HOME', '/home/jdj688'), ('__LMOD_REF_COUNT_GOPATH', '/apps/spack-managed/gcc-11.3.1/apptainer-1.0.2-sly2h7brp2pnfvoo2atzfjl7cjnydnic:1'), ('OLDPWD', '/home/jdj688/mavs_ros2/src/mavs-ros2/src'), ('SSH_TTY', '/dev/pts/9'), ('USER_PATH', '/apps/spack-managed/gcc-11.3.1/apptainer-1.0.2-sly2h7brp2pnfvoo2atzfjl7cjnydnic/bin:/apps/spack-managed/gcc-11.3.1/go-1.18-alznydijxhxcjhrs6gv4ewrkzfpbekcp/bin:/apps/spack-managed/gcc-11.3.1/git-2.38.1-y5mypep4s26jrmydtbcscxbtjm2ttk3e/bin:/apps/spack-managed/gcc-11.3.1/perl-5.36.0-vu5twd3fz7fqbfo2sesaounbstcoycih/bin:/apps/spack-managed/gcc-11.3.1/pcre2-10.39-mzli5r4utmxlbz6lxj4kyaujoibgixwp/bin:/usr/sbin:/usr/bin:/apps/sbin:/apps/bin:/home/jdj688/mavs/install/lib64:/bin:/usr/bin:/sbin:/usr/sbin:/usr/local/bin:/usr/local/sbin'), ('__LMOD_REF_COUNT_PKG_CONFIG_PATH', '/apps/spack-managed/gcc-11.3.1/zlib-1.2.13-iliwgto55zekyo2bdhemxjz2bu54u2kn/lib/pkgconfig:1;/apps/spack-managed/gcc-11.3.1/pcre2-10.39-mzli5r4utmxlbz6lxj4kyaujoibgixwp/lib/pkgconfig:1'), ('ROS_PYTHON_VERSION', '3'), ('PS1', 'Singularity>'), ('_LMFILES_', '/apps/spack-managed/modulefiles/linux-rocky9-x86_64/Core/pcre2/10.39.lua:/apps/spack-managed/modulefiles/linux-rocky9-x86_64/Core/zlib/1.2.13.lua:/apps/spack-managed/modulefiles/linux-rocky9-x86_64/Core/perl/5.36.0.lua:/apps/spack-managed/modulefiles/linux-rocky9-x86_64/Core/git/2.38.1.lua:/apps/spack-managed/modulefiles/linux-rocky9-x86_64/Core/go/1.18.lua:/apps/spack-managed/modulefiles/linux-rocky9-x86_64/Core/apptainer/1.0.2.lua'), ('DBUS_SESSION_BUS_ADDRESS', 'unix:path=/run/user/9880/bus'), ('APPTAINER_ENVIRONMENT', '/.singularity.d/env/91-environment.sh'), ('__LMOD_REF_COUNT_PATH', '/apps/spack-managed/gcc-11.3.1/apptainer-1.0.2-sly2h7brp2pnfvoo2atzfjl7cjnydnic/bin:1;/apps/spack-managed/gcc-11.3.1/go-1.18-alznydijxhxcjhrs6gv4ewrkzfpbekcp/bin:1;/apps/spack-managed/gcc-11.3.1/git-2.38.1-y5mypep4s26jrmydtbcscxbtjm2ttk3e/bin:1;/apps/spack-managed/gcc-11.3.1/perl-5.36.0-vu5twd3fz7fqbfo2sesaounbstcoycih/bin:1;/apps/spack-managed/gcc-11.3.1/pcre2-10.39-mzli5r4utmxlbz6lxj4kyaujoibgixwp/bin:1;/usr/sbin:1;/usr/bin:1;/apps/sbin:1;/apps/bin:1;/home/jdj688/mavs/install/lib64:1'), ('LMOD_sys', 'Linux'), ('LMOD_SHELL_PRGM', 'bash'), ('DEBUGINFOD_URLS', 'https://debuginfod.centos.org/'), ('which_declare', 'declare -f'), ('COLCON_PREFIX_PATH', '/home/jdj688/mavs_ros2/install:/home/jdj688/mavs_ros2/src/nature/install:/home/jdj688/mavs_ros2/src/mavs-ros2/install'), ('ROS_DISTRO', 'humble'), ('SINGULARITY_ENVIRONMENT', '/.singularity.d/env/91-environment.sh'), ('LOGNAME', 'jdj688'), ('LMOD_VERSION', '8.7.14'), ('_', '/usr/bin/colcon'), ('ROS_VERSION', '2'), ('PKG_CONFIG_PATH', '/apps/spack-managed/gcc-11.3.1/zlib-1.2.13-iliwgto55zekyo2bdhemxjz2bu54u2kn/lib/pkgconfig:/apps/spack-managed/gcc-11.3.1/pcre2-10.39-mzli5r4utmxlbz6lxj4kyaujoibgixwp/lib/pkgconfig'), ('PERL_ROOT', '/apps/spack-managed/gcc-11.3.1/perl-5.36.0-vu5twd3fz7fqbfo2sesaounbstcoycih'), ('XDG_SESSION_CLASS', 'user'), ('TERM', 'xterm-256color'), ('XDG_SESSION_ID', '925'), ('PCRE2_ROOT', '/apps/spack-managed/gcc-11.3.1/pcre2-10.39-mzli5r4utmxlbz6lxj4kyaujoibgixwp'), ('ZLIB_ROOT', '/apps/spack-managed/gcc-11.3.1/zlib-1.2.13-iliwgto55zekyo2bdhemxjz2bu54u2kn'), ('ROS_LOCALHOST_ONLY', '0'), ('HISTCONTROL', 'ignoredups'), ('PATH', '/opt/ros/humble/bin:/usr/local/sbin:/usr/local/bin:/usr/sbin:/usr/bin:/sbin:/bin'), ('APPTAINER_COMMAND', 'shell'), ('LMOD_SETTARG_FULL_SUPPORT', 'no'), ('__LMOD_REF_COUNT_LD_LIBRARY_PATH', '/apps/spack-managed/gcc-11.3.1/go-1.18-alznydijxhxcjhrs6gv4ewrkzfpbekcp/lib:1;/apps/spack-managed/gcc-11.3.1/perl-5.36.0-vu5twd3fz7fqbfo2sesaounbstcoycih/lib:1;/apps/spack-managed/gcc-11.3.1/zlib-1.2.13-iliwgto55zekyo2bdhemxjz2bu54u2kn/lib:1;/apps/spack-managed/gcc-11.3.1/pcre2-10.39-mzli5r4utmxlbz6lxj4kyaujoibgixwp/lib:1;/home/jdj688/.local/lib:1;/usr/lib64:1;/usr/lib:1;/home/jdj688/mavs/install/lib64:1'), ('XDG_RUNTIME_DIR', '/run/user/9880'), ('DISPLAY', 'localhost:12.0'), ('LMOD_SYSTEM_NAME', 'desktop-rh9.x'), ('HISTSIZE', '100'), ('APPTAINER_APPNAME', ''), ('LANG', 'en_US.UTF-8'), ('LMOD_ROOT', '/apps/other/lmod'), ('RMW_IMPLEMENTATION', 'rmw_cyclonedds_cpp'), ('AMENT_PREFIX_PATH', '/home/jdj688/mavs_ros2/src/nature/install/nature:/home/jdj688/mavs_ros2/src/mavs-ros2/install/mavs-ros2:/opt/ros/humble'), ('SHELL', '/bin/bash'), ('MODULEPATH_ROOT', '/apps/other/modulefiles'), ('GOPATH', '/apps/spack-managed/gcc-11.3.1/apptainer-1.0.2-sly2h7brp2pnfvoo2atzfjl7cjnydnic'), ('GO_ROOT', '/apps/spack-managed/gcc-11.3.1/go-1.18-alznydijxhxcjhrs6gv4ewrkzfpbekcp'), ('GIT_ROOT', '/apps/spack-managed/gcc-11.3.1/git-2.38.1-y5mypep4s26jrmydtbcscxbtjm2ttk3e'), ('APPTAINER_CONTAINER', '/scratch/cgoodin/containers/mavs-ros2-ctg.sif'), ('APPTAINER_BIND', '/home/jdj688/mavs_ros2,/cavs,/cci,/ccs,/gri,/hpc,/igbb,/ngi'), ('LMOD_CMD', '/apps/other/lmod/lmod/libexec/lmod'), ('_ModuleTable_Sz_', '6'), ('SINGULARITY_CONTAINER', '/scratch/cgoodin/containers/mavs-ros2-ctg.sif'), ('BASH_ENV', '/apps/other/lmod/lmod/init/bash'), ('SINGULARITY_BIND', '/home/jdj688/mavs_ros2,/cavs,/cci,/ccs,/gri,/hpc,/igbb,/ngi'), ('_ModuleTable001_', 'X01vZHVsZVRhYmxlXyA9IHsKTVR2ZXJzaW9uID0gMywKY19yZWJ1aWxkVGltZSA9IGZhbHNlLApjX3Nob3J0VGltZSA9IGZhbHNlLApkZXB0aFQgPSB7fSwKZmFtaWx5ID0ge30sCm1UID0gewphcHB0YWluZXIgPSB7CmZuID0gIi9hcHBzL3NwYWNrLW1hbmFnZWQvbW9kdWxlZmlsZXMvbGludXgtcm9ja3k5LXg4Nl82NC9Db3JlL2FwcHRhaW5lci8xLjAuMi5sdWEiLApmdWxsTmFtZSA9ICJhcHB0YWluZXIvMS4wLjIiLApsb2FkT3JkZXIgPSA2LApwcm9wVCA9IHt9LApzdGFja0RlcHRoID0gMCwKc3RhdHVzID0gImFjdGl2ZSIsCnVzZXJOYW1lID0gImFwcHRhaW5lciIsCndWID0gIjAwMDAwMDAwMS4wMDAwMDAwMDAuMDAwMDAwMDAyLip6ZmluYWwiLAp9LApnaXQgPSB7CmZu'), ('_ModuleTable002_', 'ID0gIi9hcHBzL3NwYWNrLW1hbmFnZWQvbW9kdWxlZmlsZXMvbGludXgtcm9ja3k5LXg4Nl82NC9Db3JlL2dpdC8yLjM4LjEubHVhIiwKZnVsbE5hbWUgPSAiZ2l0LzIuMzguMSIsCmxvYWRPcmRlciA9IDQsCnByb3BUID0ge30sCnJlZl9jb3VudCA9IDEsCnN0YWNrRGVwdGggPSAyLApzdGF0dXMgPSAiYWN0aXZlIiwKdXNlck5hbWUgPSAiZ2l0LzIuMzguMSIsCndWID0gIjAwMDAwMDAwMi4wMDAwMDAwMzguMDAwMDAwMDAxLip6ZmluYWwiLAp9LApnbyA9IHsKZm4gPSAiL2FwcHMvc3BhY2stbWFuYWdlZC9tb2R1bGVmaWxlcy9saW51eC1yb2NreTkteDg2XzY0L0NvcmUvZ28vMS4xOC5sdWEiLApmdWxsTmFtZSA9ICJnby8xLjE4IiwKbG9hZE9yZGVyID0gNSwKcHJvcFQgPSB7'), ('PWD', '/home/jdj688/mavs_ros2/src/mavs-ros2/build/mavs-ros2'), ('LOADEDMODULES', 'pcre2/10.39:zlib/1.2.13:perl/5.36.0:git/2.38.1:go/1.18:apptainer/1.0.2'), ('APPTAINER_NAME', 'mavs-ros2-ctg.sif'), ('LC_ALL', 'en_US.UTF-8'), ('SSH_CONNECTION', '130.18.14.251 60942 130.18.14.170 22'), ('_ModuleTable003_', 'fSwKcmVmX2NvdW50ID0gMSwKc3RhY2tEZXB0aCA9IDEsCnN0YXR1cyA9ICJhY3RpdmUiLAp1c2VyTmFtZSA9ICJnby8xLjE4IiwKd1YgPSAiMDAwMDAwMDAxLjAwMDAwMDAxOC4qemZpbmFsIiwKfSwKcGNyZTIgPSB7CmZuID0gIi9hcHBzL3NwYWNrLW1hbmFnZWQvbW9kdWxlZmlsZXMvbGludXgtcm9ja3k5LXg4Nl82NC9Db3JlL3BjcmUyLzEwLjM5Lmx1YSIsCmZ1bGxOYW1lID0gInBjcmUyLzEwLjM5IiwKbG9hZE9yZGVyID0gMSwKcHJvcFQgPSB7fSwKcmVmX2NvdW50ID0gMSwKc3RhY2tEZXB0aCA9IDMsCnN0YXR1cyA9ICJhY3RpdmUiLAp1c2VyTmFtZSA9ICJwY3JlMi8xMC4zOSIsCndWID0gIjAwMDAwMDAxMC4wMDAwMDAwMzkuKnpmaW5hbCIsCn0sCnBlcmwgPSB7CmZu'), ('PYTHONPATH', '/opt/ros/humble/lib/python3.10/site-packages:/opt/ros/humble/local/lib/python3.10/dist-packages'), ('_ModuleTable004_', 'ID0gIi9hcHBzL3NwYWNrLW1hbmFnZWQvbW9kdWxlZmlsZXMvbGludXgtcm9ja3k5LXg4Nl82NC9Db3JlL3BlcmwvNS4zNi4wLmx1YSIsCmZ1bGxOYW1lID0gInBlcmwvNS4zNi4wIiwKbG9hZE9yZGVyID0gMywKcHJvcFQgPSB7fSwKcmVmX2NvdW50ID0gMSwKc3RhY2tEZXB0aCA9IDMsCnN0YXR1cyA9ICJhY3RpdmUiLAp1c2VyTmFtZSA9ICJwZXJsLzUuMzYuMCIsCndWID0gIjAwMDAwMDAwNS4wMDAwMDAwMzYuKnpmaW5hbCIsCn0sCnpsaWIgPSB7CmZuID0gIi9hcHBzL3NwYWNrLW1hbmFnZWQvbW9kdWxlZmlsZXMvbGludXgtcm9ja3k5LXg4Nl82NC9Db3JlL3psaWIvMS4yLjEzLmx1YSIsCmZ1bGxOYW1lID0gInpsaWIvMS4yLjEzIiwKbG9hZE9yZGVyID0gMiwKcHJvcFQg'), ('SINGULARITY_NAME', 'mavs-ros2-ctg.sif'), ('_ModuleTable005_', 'PSB7fSwKcmVmX2NvdW50ID0gMiwKc3RhY2tEZXB0aCA9IDQsCnN0YXR1cyA9ICJhY3RpdmUiLAp1c2VyTmFtZSA9ICJ6bGliLzEuMi4xMyIsCndWID0gIjAwMDAwMDAwMS4wMDAwMDAwMDIuMDAwMDAwMDEzLip6ZmluYWwiLAp9LAp9LAptcGF0aEEgPSB7CiIvYXBwcy9zcGFjay1tYW5hZ2VkL21vZHVsZWZpbGVzL2xpbnV4LXJvY2t5OS14ODZfNjQvQ29yZSIKLCAiL2FwcHMvb3RoZXIvbW9kdWxlZmlsZXMiLCAiL2FwcHMvY29udGFpbmVycy9tb2R1bGVmaWxlcyIsICIvYXBwcy9saWNlbnNlZC9tb2R1bGVmaWxlcyIsCn0sCnN5c3RlbUJhc2VNUEFUSCA9ICIvYXBwcy9zcGFjay1tYW5hZ2VkL21vZHVsZWZpbGVzL2xpbnV4LXJvY2t5OS14ODZfNjQvQ29yZTovYXBwcy9vdGhl'), ('CONTAINERS', '/apps/containers/'), ('COLCON', '1'), ('__LMOD_REF_COUNT_MODULEPATH', '/apps/spack-managed/modulefiles/linux-rocky9-x86_64/Core:1;/apps/other/modulefiles:1;/apps/containers/modulefiles:1;/apps/licensed/modulefiles:1'), ('MANPATH', '/apps/spack-managed/gcc-11.3.1/apptainer-1.0.2-sly2h7brp2pnfvoo2atzfjl7cjnydnic/share/man:/apps/spack-managed/gcc-11.3.1/git-2.38.1-y5mypep4s26jrmydtbcscxbtjm2ttk3e/share/man:/apps/spack-managed/gcc-11.3.1/perl-5.36.0-vu5twd3fz7fqbfo2sesaounbstcoycih/man:/apps/spack-managed/gcc-11.3.1/zlib-1.2.13-iliwgto55zekyo2bdhemxjz2bu54u2kn/share/man:/apps/spack-managed/gcc-11.3.1/pcre2-10.39-mzli5r4utmxlbz6lxj4kyaujoibgixwp/share/man:/apps/other/lmod/lmod/share/man:/usr/share/man:/apps/share/man:/apps/man'), ('_ModuleTable006_', 'ci9tb2R1bGVmaWxlczovYXBwcy9jb250YWluZXJzL21vZHVsZWZpbGVzOi9hcHBzL2xpY2Vuc2VkL21vZHVsZWZpbGVzIiwKfQo='), ('__LMOD_REF_COUNT_MANPATH', '/apps/spack-managed/gcc-11.3.1/apptainer-1.0.2-sly2h7brp2pnfvoo2atzfjl7cjnydnic/share/man:1;/apps/spack-managed/gcc-11.3.1/git-2.38.1-y5mypep4s26jrmydtbcscxbtjm2ttk3e/share/man:1;/apps/spack-managed/gcc-11.3.1/perl-5.36.0-vu5twd3fz7fqbfo2sesaounbstcoycih/man:1;/apps/spack-managed/gcc-11.3.1/zlib-1.2.13-iliwgto55zekyo2bdhemxjz2bu54u2kn/share/man:1;/apps/spack-managed/gcc-11.3.1/pcre2-10.39-mzli5r4utmxlbz6lxj4kyaujoibgixwp/share/man:1;/apps/other/lmod/lmod/share/man:1;/usr/share/man:1;/apps/share/man:1;/apps/man:1'), ('MODULEPATH', '/apps/spack-managed/modulefiles/linux-rocky9-x86_64/Core:/apps/other/modulefiles:/apps/containers/modulefiles:/apps/licensed/modulefiles'), ('MODULESHOME', '/apps/other/lmod/lmod'), ('CMAKE_PREFIX_PATH', '/home/jdj688/mavs_ros2/src/nature/install/nature:/home/jdj688/mavs_ros2/src/mavs-ros2/install/mavs-ros2:/apps/spack-managed/gcc-11.3.1/apptainer-1.0.2-sly2h7brp2pnfvoo2atzfjl7cjnydnic:/apps/spack-managed/gcc-11.3.1/go-1.18-alznydijxhxcjhrs6gv4ewrkzfpbekcp:/apps/spack-managed/gcc-11.3.1/git-2.38.1-y5mypep4s26jrmydtbcscxbtjm2ttk3e:/apps/spack-managed/gcc-11.3.1/perl-5.36.0-vu5twd3fz7fqbfo2sesaounbstcoycih:/apps/spack-managed/gcc-11.3.1/zlib-1.2.13-iliwgto55zekyo2bdhemxjz2bu54u2kn:/apps/spack-managed/gcc-11.3.1/pcre2-10.39-mzli5r4utmxlbz6lxj4kyaujoibgixwp:/opt/ros/humble')]), 'shell': False}
[0.194416] (-) TimerEvent: {}
[0.294700] (-) TimerEvent: {}
[0.395130] (-) TimerEvent: {}
[0.402644] (mavs-ros2) StdoutLine: {'line': b'[ 14%] Built target mavs-ros2\n'}
[0.495245] (-) TimerEvent: {}
[0.528504] (mavs-ros2) StdoutLine: {'line': b'[ 21%] \x1b[32mBuilding CXX object CMakeFiles/mavs_vehicle_node_scene_creator.dir/src/mavs_vehicle_node_scene_creator.cpp.o\x1b[0m\n'}
[0.579901] (mavs-ros2) StdoutLine: {'line': b'[ 71%] Built target mavs_pose_aggregator_node\n'}
[0.595301] (-) TimerEvent: {}
[0.596192] (mavs-ros2) StdoutLine: {'line': b'[ 92%] Built target mavs_lidar_node\n'}
[0.596274] (mavs-ros2) StdoutLine: {'line': b'[ 92%] Built target mavs_vehicle_node\n'}
[0.596369] (mavs-ros2) StdoutLine: {'line': b'[ 92%] Built target mavs_camera_node\n'}
[0.597286] (mavs-ros2) StdoutLine: {'line': b'[ 92%] Built target mavs_localization_node\n'}
[0.695458] (-) TimerEvent: {}
[0.795737] (-) TimerEvent: {}
[0.896036] (-) TimerEvent: {}
[0.996358] (-) TimerEvent: {}
[1.096704] (-) TimerEvent: {}
[1.197029] (-) TimerEvent: {}
[1.297354] (-) TimerEvent: {}
[1.397682] (-) TimerEvent: {}
[1.498020] (-) TimerEvent: {}
[1.598358] (-) TimerEvent: {}
[1.698706] (-) TimerEvent: {}
[1.799028] (-) TimerEvent: {}
[1.899349] (-) TimerEvent: {}
[1.999695] (-) TimerEvent: {}
[2.100016] (-) TimerEvent: {}
[2.200341] (-) TimerEvent: {}
[2.300669] (-) TimerEvent: {}
[2.400996] (-) TimerEvent: {}
[2.501322] (-) TimerEvent: {}
[2.601656] (-) TimerEvent: {}
[2.701992] (-) TimerEvent: {}
[2.802326] (-) TimerEvent: {}
[2.902657] (-) TimerEvent: {}
[3.002990] (-) TimerEvent: {}
[3.103343] (-) TimerEvent: {}
[3.203684] (-) TimerEvent: {}
[3.304038] (-) TimerEvent: {}
[3.404368] (-) TimerEvent: {}
[3.504701] (-) TimerEvent: {}
[3.605030] (-) TimerEvent: {}
[3.705353] (-) TimerEvent: {}
[3.805678] (-) TimerEvent: {}
[3.905997] (-) TimerEvent: {}
[4.006324] (-) TimerEvent: {}
[4.106670] (-) TimerEvent: {}
[4.207027] (-) TimerEvent: {}
[4.307387] (-) TimerEvent: {}
[4.407752] (-) TimerEvent: {}
[4.508102] (-) TimerEvent: {}
[4.608432] (-) TimerEvent: {}
[4.708772] (-) TimerEvent: {}
[4.809107] (-) TimerEvent: {}
[4.909467] (-) TimerEvent: {}
[5.009761] (-) TimerEvent: {}
[5.110072] (-) TimerEvent: {}
[5.210357] (-) TimerEvent: {}
[5.310667] (-) TimerEvent: {}
[5.411003] (-) TimerEvent: {}
[5.511419] (-) TimerEvent: {}
[5.611628] (-) TimerEvent: {}
[5.711888] (-) TimerEvent: {}
[5.812266] (-) TimerEvent: {}
[5.898663] (mavs-ros2) StderrLine: {'line': b'\x1b[01m\x1b[K/home/jdj688/mavs_ros2/src/mavs-ros2/src/mavs_vehicle_node_scene_creator.cpp:12:1:\x1b[m\x1b[K \x1b[01;31m\x1b[Kerror: \x1b[m\x1b[Kredefinition of \xe2\x80\x98\x1b[01m\x1b[KMavsVehicleNode::MavsVehicleNode()\x1b[m\x1b[K\xe2\x80\x99\n'}
[5.898828] (mavs-ros2) StderrLine: {'line': b'   12 | \x1b[01;31m\x1b[KMavsVehicleNode\x1b[m\x1b[K::MavsVehicleNode() : MavsNode()\n'}
[5.898883] (mavs-ros2) StderrLine: {'line': b'      | \x1b[01;31m\x1b[K^~~~~~~~~~~~~~~\x1b[m\x1b[K\n'}
[5.898927] (mavs-ros2) StderrLine: {'line': b'In file included from \x1b[01m\x1b[K/home/jdj688/mavs_ros2/src/mavs-ros2/src/mavs_vehicle_node_scene_creator.cpp:1\x1b[m\x1b[K:\n'}
[5.898971] (mavs-ros2) StderrLine: {'line': b'\x1b[01m\x1b[K/home/jdj688/mavs_ros2/src/mavs-ros2/include/mavs-ros2/mavs_vehicle_node_scene_creator.h:26:5:\x1b[m\x1b[K \x1b[01;36m\x1b[Knote: \x1b[m\x1b[K\xe2\x80\x98\x1b[01m\x1b[KMavsVehicleNode::MavsVehicleNode()\x1b[m\x1b[K\xe2\x80\x99 previously defined here\n'}
[5.899015] (mavs-ros2) StderrLine: {'line': b'   26 |     \x1b[01;36m\x1b[KMavsVehicleNode\x1b[m\x1b[K() : MavsNode()\n'}
[5.899056] (mavs-ros2) StderrLine: {'line': b'      |     \x1b[01;36m\x1b[K^~~~~~~~~~~~~~~\x1b[m\x1b[K\n'}
[5.899096] (mavs-ros2) StderrLine: {'line': b'\x1b[01m\x1b[K/home/jdj688/mavs_ros2/src/mavs-ros2/src/mavs_vehicle_node_scene_creator.cpp:56:6:\x1b[m\x1b[K \x1b[01;31m\x1b[Kerror: \x1b[m\x1b[Kno declaration matches \xe2\x80\x98\x1b[01m\x1b[Kvoid MavsVehicleNode::PrepareSimulationParams()\x1b[m\x1b[K\xe2\x80\x99\n'}
[5.899137] (mavs-ros2) StderrLine: {'line': b'   56 | void \x1b[01;31m\x1b[KMavsVehicleNode\x1b[m\x1b[K::PrepareSimulationParams()\n'}
[5.899177] (mavs-ros2) StderrLine: {'line': b'      |      \x1b[01;31m\x1b[K^~~~~~~~~~~~~~~\x1b[m\x1b[K\n'}
[5.899216] (mavs-ros2) StderrLine: {'line': b'\x1b[01m\x1b[K/home/jdj688/mavs_ros2/src/mavs-ros2/src/mavs_vehicle_node_scene_creator.cpp:56:6:\x1b[m\x1b[K \x1b[01;36m\x1b[Knote: \x1b[m\x1b[Kno functions named \xe2\x80\x98\x1b[01m\x1b[Kvoid MavsVehicleNode::PrepareSimulationParams()\x1b[m\x1b[K\xe2\x80\x99\n'}
[5.899260] (mavs-ros2) StderrLine: {'line': b'In file included from \x1b[01m\x1b[K/home/jdj688/mavs_ros2/src/mavs-ros2/src/mavs_vehicle_node_scene_creator.cpp:1\x1b[m\x1b[K:\n'}
[5.899300] (mavs-ros2) StderrLine: {'line': b'\x1b[01m\x1b[K/home/jdj688/mavs_ros2/src/mavs-ros2/include/mavs-ros2/mavs_vehicle_node_scene_creator.h:23:7:\x1b[m\x1b[K \x1b[01;36m\x1b[Knote: \x1b[m\x1b[K\xe2\x80\x98\x1b[01m\x1b[Kclass MavsVehicleNode\x1b[m\x1b[K\xe2\x80\x99 defined here\n'}
[5.899342] (mavs-ros2) StderrLine: {'line': b'   23 | class \x1b[01;36m\x1b[KMavsVehicleNode\x1b[m\x1b[K : public MavsNode\n'}
[5.899381] (mavs-ros2) StderrLine: {'line': b'      |       \x1b[01;36m\x1b[K^~~~~~~~~~~~~~~\x1b[m\x1b[K\n'}
[5.899420] (mavs-ros2) StderrLine: {'line': b'\x1b[01m\x1b[K/home/jdj688/mavs_ros2/src/mavs-ros2/src/mavs_vehicle_node_scene_creator.cpp:90:20:\x1b[m\x1b[K \x1b[01;31m\x1b[Kerror: \x1b[m\x1b[Kno declaration matches \xe2\x80\x98\x1b[01m\x1b[Kstd::vector<float> MavsVehicleNode::GenerateRange(float, float, float)\x1b[m\x1b[K\xe2\x80\x99\n'}
[5.899468] (mavs-ros2) StderrLine: {'line': b'   90 | std::vector<float> \x1b[01;31m\x1b[KMavsVehicleNode\x1b[m\x1b[K::GenerateRange(float start, float end, float step)\n'}
[5.899508] (mavs-ros2) StderrLine: {'line': b'      |                    \x1b[01;31m\x1b[K^~~~~~~~~~~~~~~\x1b[m\x1b[K\n'}
[5.899547] (mavs-ros2) StderrLine: {'line': b'\x1b[01m\x1b[K/home/jdj688/mavs_ros2/src/mavs-ros2/src/mavs_vehicle_node_scene_creator.cpp:90:20:\x1b[m\x1b[K \x1b[01;36m\x1b[Knote: \x1b[m\x1b[Kno functions named \xe2\x80\x98\x1b[01m\x1b[Kstd::vector<float> MavsVehicleNode::GenerateRange(float, float, float)\x1b[m\x1b[K\xe2\x80\x99\n'}
[5.899587] (mavs-ros2) StderrLine: {'line': b'In file included from \x1b[01m\x1b[K/home/jdj688/mavs_ros2/src/mavs-ros2/src/mavs_vehicle_node_scene_creator.cpp:1\x1b[m\x1b[K:\n'}
[5.899626] (mavs-ros2) StderrLine: {'line': b'\x1b[01m\x1b[K/home/jdj688/mavs_ros2/src/mavs-ros2/include/mavs-ros2/mavs_vehicle_node_scene_creator.h:23:7:\x1b[m\x1b[K \x1b[01;36m\x1b[Knote: \x1b[m\x1b[K\xe2\x80\x98\x1b[01m\x1b[Kclass MavsVehicleNode\x1b[m\x1b[K\xe2\x80\x99 defined here\n'}
[5.899666] (mavs-ros2) StderrLine: {'line': b'   23 | class \x1b[01;36m\x1b[KMavsVehicleNode\x1b[m\x1b[K : public MavsNode\n'}
[5.899704] (mavs-ros2) StderrLine: {'line': b'      |       \x1b[01;36m\x1b[K^~~~~~~~~~~~~~~\x1b[m\x1b[K\n'}
[5.899742] (mavs-ros2) StderrLine: {'line': b'\x1b[01m\x1b[K/home/jdj688/mavs_ros2/src/mavs-ros2/src/mavs_vehicle_node_scene_creator.cpp:98:6:\x1b[m\x1b[K \x1b[01;31m\x1b[Kerror: \x1b[m\x1b[Kredefinition of \xe2\x80\x98\x1b[01m\x1b[Kvoid MavsVehicleNode::TimerCallback()\x1b[m\x1b[K\xe2\x80\x99\n'}
[5.899782] (mavs-ros2) StderrLine: {'line': b'   98 | void \x1b[01;31m\x1b[KMavsVehicleNode\x1b[m\x1b[K::TimerCallback()\n'}
[5.899821] (mavs-ros2) StderrLine: {'line': b'      |      \x1b[01;31m\x1b[K^~~~~~~~~~~~~~~\x1b[m\x1b[K\n'}
[5.899859] (mavs-ros2) StderrLine: {'line': b'In file included from \x1b[01m\x1b[K/home/jdj688/mavs_ros2/src/mavs-ros2/src/mavs_vehicle_node_scene_creator.cpp:1\x1b[m\x1b[K:\n'}
[5.899902] (mavs-ros2) StderrLine: {'line': b'\x1b[01m\x1b[K/home/jdj688/mavs_ros2/src/mavs-ros2/include/mavs-ros2/mavs_vehicle_node_scene_creator.h:135:10:\x1b[m\x1b[K \x1b[01;36m\x1b[Knote: \x1b[m\x1b[K\xe2\x80\x98\x1b[01m\x1b[Kvoid MavsVehicleNode::TimerCallback()\x1b[m\x1b[K\xe2\x80\x99 previously defined here\n'}
[5.899942] (mavs-ros2) StderrLine: {'line': b'  135 |     void \x1b[01;36m\x1b[KTimerCallback\x1b[m\x1b[K()\n'}
[5.899981] (mavs-ros2) StderrLine: {'line': b'      |          \x1b[01;36m\x1b[K^~~~~~~~~~~~~\x1b[m\x1b[K\n'}
[5.900019] (mavs-ros2) StderrLine: {'line': b'\x1b[01m\x1b[K/home/jdj688/mavs_ros2/src/mavs-ros2/src/mavs_vehicle_node_scene_creator.cpp:132:6:\x1b[m\x1b[K \x1b[01;31m\x1b[Kerror: \x1b[m\x1b[Kno declaration matches \xe2\x80\x98\x1b[01m\x1b[Kvoid MavsVehicleNode::SetupTerrain(float, float, float)\x1b[m\x1b[K\xe2\x80\x99\n'}
[5.900061] (mavs-ros2) StderrLine: {'line': b'  132 | void \x1b[01;31m\x1b[KMavsVehicleNode\x1b[m\x1b[K::SetupTerrain(float top_width, float base_width, float depth)\n'}
[5.900102] (mavs-ros2) StderrLine: {'line': b'      |      \x1b[01;31m\x1b[K^~~~~~~~~~~~~~~\x1b[m\x1b[K\n'}
[5.900141] (mavs-ros2) StderrLine: {'line': b'\x1b[01m\x1b[K/home/jdj688/mavs_ros2/src/mavs-ros2/src/mavs_vehicle_node_scene_creator.cpp:132:6:\x1b[m\x1b[K \x1b[01;36m\x1b[Knote: \x1b[m\x1b[Kno functions named \xe2\x80\x98\x1b[01m\x1b[Kvoid MavsVehicleNode::SetupTerrain(float, float, float)\x1b[m\x1b[K\xe2\x80\x99\n'}
[5.900181] (mavs-ros2) StderrLine: {'line': b'In file included from \x1b[01m\x1b[K/home/jdj688/mavs_ros2/src/mavs-ros2/src/mavs_vehicle_node_scene_creator.cpp:1\x1b[m\x1b[K:\n'}
[5.900221] (mavs-ros2) StderrLine: {'line': b'\x1b[01m\x1b[K/home/jdj688/mavs_ros2/src/mavs-ros2/include/mavs-ros2/mavs_vehicle_node_scene_creator.h:23:7:\x1b[m\x1b[K \x1b[01;36m\x1b[Knote: \x1b[m\x1b[K\xe2\x80\x98\x1b[01m\x1b[Kclass MavsVehicleNode\x1b[m\x1b[K\xe2\x80\x99 defined here\n'}
[5.900261] (mavs-ros2) StderrLine: {'line': b'   23 | class \x1b[01;36m\x1b[KMavsVehicleNode\x1b[m\x1b[K : public MavsNode\n'}
[5.900299] (mavs-ros2) StderrLine: {'line': b'      |       \x1b[01;36m\x1b[K^~~~~~~~~~~~~~~\x1b[m\x1b[K\n'}
[5.900337] (mavs-ros2) StderrLine: {'line': b'\x1b[01m\x1b[K/home/jdj688/mavs_ros2/src/mavs-ros2/src/mavs_vehicle_node_scene_creator.cpp:143:6:\x1b[m\x1b[K \x1b[01;31m\x1b[Kerror: \x1b[m\x1b[Kno declaration matches \xe2\x80\x98\x1b[01m\x1b[Kvoid MavsVehicleNode::ResetVehicleState()\x1b[m\x1b[K\xe2\x80\x99\n'}
[5.900382] (mavs-ros2) StderrLine: {'line': b'  143 | void \x1b[01;31m\x1b[KMavsVehicleNode\x1b[m\x1b[K::ResetVehicleState()\n'}
[5.900421] (mavs-ros2) StderrLine: {'line': b'      |      \x1b[01;31m\x1b[K^~~~~~~~~~~~~~~\x1b[m\x1b[K\n'}
[5.900464] (mavs-ros2) StderrLine: {'line': b'\x1b[01m\x1b[K/home/jdj688/mavs_ros2/src/mavs-ros2/src/mavs_vehicle_node_scene_creator.cpp:143:6:\x1b[m\x1b[K \x1b[01;36m\x1b[Knote: \x1b[m\x1b[Kno functions named \xe2\x80\x98\x1b[01m\x1b[Kvoid MavsVehicleNode::ResetVehicleState()\x1b[m\x1b[K\xe2\x80\x99\n'}
[5.900503] (mavs-ros2) StderrLine: {'line': b'In file included from \x1b[01m\x1b[K/home/jdj688/mavs_ros2/src/mavs-ros2/src/mavs_vehicle_node_scene_creator.cpp:1\x1b[m\x1b[K:\n'}
[5.900541] (mavs-ros2) StderrLine: {'line': b'\x1b[01m\x1b[K/home/jdj688/mavs_ros2/src/mavs-ros2/include/mavs-ros2/mavs_vehicle_node_scene_creator.h:23:7:\x1b[m\x1b[K \x1b[01;36m\x1b[Knote: \x1b[m\x1b[K\xe2\x80\x98\x1b[01m\x1b[Kclass MavsVehicleNode\x1b[m\x1b[K\xe2\x80\x99 defined here\n'}
[5.900580] (mavs-ros2) StderrLine: {'line': b'   23 | class \x1b[01;36m\x1b[KMavsVehicleNode\x1b[m\x1b[K : public MavsNode\n'}
[5.900618] (mavs-ros2) StderrLine: {'line': b'      |       \x1b[01;36m\x1b[K^~~~~~~~~~~~~~~\x1b[m\x1b[K\n'}
[5.900656] (mavs-ros2) StderrLine: {'line': b'\x1b[01m\x1b[K/home/jdj688/mavs_ros2/src/mavs-ros2/src/mavs_vehicle_node_scene_creator.cpp:160:6:\x1b[m\x1b[K \x1b[01;31m\x1b[Kerror: \x1b[m\x1b[Kno declaration matches \xe2\x80\x98\x1b[01m\x1b[Kvoid MavsVehicleNode::RunSimulation()\x1b[m\x1b[K\xe2\x80\x99\n'}
[5.900695] (mavs-ros2) StderrLine: {'line': b'  160 | void \x1b[01;31m\x1b[KMavsVehicleNode\x1b[m\x1b[K::RunSimulation()\n'}
[5.900733] (mavs-ros2) StderrLine: {'line': b'      |      \x1b[01;31m\x1b[K^~~~~~~~~~~~~~~\x1b[m\x1b[K\n'}
[5.900771] (mavs-ros2) StderrLine: {'line': b'\x1b[01m\x1b[K/home/jdj688/mavs_ros2/src/mavs-ros2/src/mavs_vehicle_node_scene_creator.cpp:160:6:\x1b[m\x1b[K \x1b[01;36m\x1b[Knote: \x1b[m\x1b[Kno functions named \xe2\x80\x98\x1b[01m\x1b[Kvoid MavsVehicleNode::RunSimulation()\x1b[m\x1b[K\xe2\x80\x99\n'}
[5.900814] (mavs-ros2) StderrLine: {'line': b'In file included from \x1b[01m\x1b[K/home/jdj688/mavs_ros2/src/mavs-ros2/src/mavs_vehicle_node_scene_creator.cpp:1\x1b[m\x1b[K:\n'}
[5.900853] (mavs-ros2) StderrLine: {'line': b'\x1b[01m\x1b[K/home/jdj688/mavs_ros2/src/mavs-ros2/include/mavs-ros2/mavs_vehicle_node_scene_creator.h:23:7:\x1b[m\x1b[K \x1b[01;36m\x1b[Knote: \x1b[m\x1b[K\xe2\x80\x98\x1b[01m\x1b[Kclass MavsVehicleNode\x1b[m\x1b[K\xe2\x80\x99 defined here\n'}
[5.900894] (mavs-ros2) StderrLine: {'line': b'   23 | class \x1b[01;36m\x1b[KMavsVehicleNode\x1b[m\x1b[K : public MavsNode\n'}
[5.900933] (mavs-ros2) StderrLine: {'line': b'      |       \x1b[01;36m\x1b[K^~~~~~~~~~~~~~~\x1b[m\x1b[K\n'}
[5.900972] (mavs-ros2) StderrLine: {'line': b'\x1b[01m\x1b[K/home/jdj688/mavs_ros2/src/mavs-ros2/src/mavs_vehicle_node_scene_creator.cpp:201:6:\x1b[m\x1b[K \x1b[01;31m\x1b[Kerror: \x1b[m\x1b[Kno declaration matches \xe2\x80\x98\x1b[01m\x1b[Kvoid MavsVehicleNode::LogResults(const std::vector<float>&)\x1b[m\x1b[K\xe2\x80\x99\n'}
[5.901011] (mavs-ros2) StderrLine: {'line': b'  201 | void \x1b[01;31m\x1b[KMavsVehicleNode\x1b[m\x1b[K::LogResults(const std::vector<float>& speeds)\n'}
[5.901050] (mavs-ros2) StderrLine: {'line': b'      |      \x1b[01;31m\x1b[K^~~~~~~~~~~~~~~\x1b[m\x1b[K\n'}
[5.901088] (mavs-ros2) StderrLine: {'line': b'\x1b[01m\x1b[K/home/jdj688/mavs_ros2/src/mavs-ros2/src/mavs_vehicle_node_scene_creator.cpp:201:6:\x1b[m\x1b[K \x1b[01;36m\x1b[Knote: \x1b[m\x1b[Kno functions named \xe2\x80\x98\x1b[01m\x1b[Kvoid MavsVehicleNode::LogResults(const std::vector<float>&)\x1b[m\x1b[K\xe2\x80\x99\n'}
[5.901127] (mavs-ros2) StderrLine: {'line': b'In file included from \x1b[01m\x1b[K/home/jdj688/mavs_ros2/src/mavs-ros2/src/mavs_vehicle_node_scene_creator.cpp:1\x1b[m\x1b[K:\n'}
[5.901167] (mavs-ros2) StderrLine: {'line': b'\x1b[01m\x1b[K/home/jdj688/mavs_ros2/src/mavs-ros2/include/mavs-ros2/mavs_vehicle_node_scene_creator.h:23:7:\x1b[m\x1b[K \x1b[01;36m\x1b[Knote: \x1b[m\x1b[K\xe2\x80\x98\x1b[01m\x1b[Kclass MavsVehicleNode\x1b[m\x1b[K\xe2\x80\x99 defined here\n'}
[5.901206] (mavs-ros2) StderrLine: {'line': b'   23 | class \x1b[01;36m\x1b[KMavsVehicleNode\x1b[m\x1b[K : public MavsNode\n'}
[5.901245] (mavs-ros2) StderrLine: {'line': b'      |       \x1b[01;36m\x1b[K^~~~~~~~~~~~~~~\x1b[m\x1b[K\n'}
[5.912358] (-) TimerEvent: {}
[6.012629] (-) TimerEvent: {}
[6.112808] (-) TimerEvent: {}
[6.213053] (-) TimerEvent: {}
[6.313417] (-) TimerEvent: {}
[6.413728] (-) TimerEvent: {}
[6.514021] (-) TimerEvent: {}
[6.614287] (-) TimerEvent: {}
[6.714483] (-) TimerEvent: {}
[6.814721] (-) TimerEvent: {}
[6.915077] (-) TimerEvent: {}
[7.015363] (-) TimerEvent: {}
[7.115827] (-) TimerEvent: {}
[7.216244] (-) TimerEvent: {}
[7.316497] (-) TimerEvent: {}
[7.416866] (-) TimerEvent: {}
[7.517287] (-) TimerEvent: {}
[7.617584] (-) TimerEvent: {}
[7.717879] (-) TimerEvent: {}
[7.818166] (-) TimerEvent: {}
[7.918469] (-) TimerEvent: {}
[8.018762] (-) TimerEvent: {}
[8.119030] (-) TimerEvent: {}
[8.219297] (-) TimerEvent: {}
[8.319478] (-) TimerEvent: {}
[8.419719] (-) TimerEvent: {}
[8.519920] (-) TimerEvent: {}
[8.620157] (-) TimerEvent: {}
[8.720338] (-) TimerEvent: {}
[8.820519] (-) TimerEvent: {}
[8.920720] (-) TimerEvent: {}
[9.020913] (-) TimerEvent: {}
[9.121096] (-) TimerEvent: {}
[9.221281] (-) TimerEvent: {}
[9.321482] (-) TimerEvent: {}
[9.421680] (-) TimerEvent: {}
[9.521860] (-) TimerEvent: {}
[9.622061] (-) TimerEvent: {}
[9.722242] (-) TimerEvent: {}
[9.822422] (-) TimerEvent: {}
[9.922613] (-) TimerEvent: {}
[10.022794] (-) TimerEvent: {}
[10.122997] (-) TimerEvent: {}
[10.223195] (-) TimerEvent: {}
[10.323388] (-) TimerEvent: {}
[10.423593] (-) TimerEvent: {}
[10.523780] (-) TimerEvent: {}
[10.623974] (-) TimerEvent: {}
[10.724160] (-) TimerEvent: {}
[10.824350] (-) TimerEvent: {}
[10.924534] (-) TimerEvent: {}
[11.024710] (-) TimerEvent: {}
[11.124885] (-) TimerEvent: {}
[11.225068] (-) TimerEvent: {}
[11.325261] (-) TimerEvent: {}
[11.425447] (-) TimerEvent: {}
[11.525639] (-) TimerEvent: {}
[11.625841] (-) TimerEvent: {}
[11.726019] (-) TimerEvent: {}
[11.826216] (-) TimerEvent: {}
[11.926430] (-) TimerEvent: {}
[12.026627] (-) TimerEvent: {}
[12.126807] (-) TimerEvent: {}
[12.226985] (-) TimerEvent: {}
[12.327161] (-) TimerEvent: {}
[12.427339] (-) TimerEvent: {}
[12.527541] (-) TimerEvent: {}
[12.627734] (-) TimerEvent: {}
[12.692098] (mavs-ros2) StderrLine: {'line': b'gmake[2]: *** [CMakeFiles/mavs_vehicle_node_scene_creator.dir/build.make:79: CMakeFiles/mavs_vehicle_node_scene_creator.dir/src/mavs_vehicle_node_scene_creator.cpp.o] Error 1\n'}
[12.692454] (mavs-ros2) StderrLine: {'line': b'gmake[1]: *** [CMakeFiles/Makefile2:363: CMakeFiles/mavs_vehicle_node_scene_creator.dir/all] Error 2\n'}
[12.692732] (mavs-ros2) StderrLine: {'line': b'gmake: *** [Makefile:146: all] Error 2\n'}
[12.695161] (mavs-ros2) CommandEnded: {'returncode': 2}
[12.727854] (-) TimerEvent: {}
[12.828416] (-) TimerEvent: {}
[12.928636] (-) TimerEvent: {}
[12.938341] (mavs-ros2) JobEnded: {'identifier': 'mavs-ros2', 'rc': 2}
[13.013917] (-) EventReactorShutdown: {}
