[0.000000] (-) TimerEvent: {}
[0.000192] (mavs-ros2) JobQueued: {'identifier': 'mavs-ros2', 'dependencies': OrderedDict()}
[0.000241] (mavs-ros2) JobStarted: {'identifier': 'mavs-ros2'}
[0.076954] (mavs-ros2) JobProgress: {'identifier': 'mavs-ros2', 'progress': 'cmake'}
[0.092485] (-) TimerEvent: {}
[0.098989] (mavs-ros2) JobProgress: {'identifier': 'mavs-ros2', 'progress': 'build'}
[0.104081] (mavs-ros2) Command: {'cmd': ['/usr/bin/cmake', '--build', '/home/jdj688/mavs_ros2/src/mavs-ros2/build/mavs-ros2', '--', '-j96', '-l96'], 'cwd': '/home/jdj688/mavs_ros2/src/mavs-ros2/build/mavs-ros2', 'env': OrderedDict([('LESSOPEN', '||/usr/bin/lesspipe.sh %s'), ('HISTFILESIZE', '0'), ('LMOD_DIR', '/apps/other/lmod/lmod/libexec'), ('USER', 'jdj688'), ('SSH_CLIENT', '130.18.14.251 60942 22'), ('__LMOD_REF_COUNT_CMAKE_PREFIX_PATH', '/apps/spack-managed/gcc-11.3.1/apptainer-1.0.2-sly2h7brp2pnfvoo2atzfjl7cjnydnic:1;/apps/spack-managed/gcc-11.3.1/go-1.18-alznydijxhxcjhrs6gv4ewrkzfpbekcp:1;/apps/spack-managed/gcc-11.3.1/git-2.38.1-y5mypep4s26jrmydtbcscxbtjm2ttk3e:1;/apps/spack-managed/gcc-11.3.1/perl-5.36.0-vu5twd3fz7fqbfo2sesaounbstcoycih:1;/apps/spack-managed/gcc-11.3.1/zlib-1.2.13-iliwgto55zekyo2bdhemxjz2bu54u2kn:1;/apps/spack-managed/gcc-11.3.1/pcre2-10.39-mzli5r4utmxlbz6lxj4kyaujoibgixwp:1'), ('HOSTNAME', 'mavs-2.hpc.msstate.edu'), ('XDG_SESSION_TYPE', 'tty'), ('LMOD_PKG', '/apps/other/lmod/lmod'), ('SHLVL', '2'), ('LD_LIBRARY_PATH', '/home/jdj688/mavs_ros2/src/mavs-ros2/install/mavs-ros2/lib:/opt/ros/humble/opt/rviz_ogre_vendor/lib:/opt/ros/humble/lib/x86_64-linux-gnu:/opt/ros/humble/lib:/lib:/usr/lib:/usr/local/lib:/.singularity.d/libs'), ('MOTD_SHOWN', 'pam'), ('HOME', '/home/jdj688'), ('__LMOD_REF_COUNT_GOPATH', '/apps/spack-managed/gcc-11.3.1/apptainer-1.0.2-sly2h7brp2pnfvoo2atzfjl7cjnydnic:1'), ('OLDPWD', '/home/jdj688/mavs_ros2/src/mavs-ros2/src'), ('SSH_TTY', '/dev/pts/9'), ('USER_PATH', '/apps/spack-managed/gcc-11.3.1/apptainer-1.0.2-sly2h7brp2pnfvoo2atzfjl7cjnydnic/bin:/apps/spack-managed/gcc-11.3.1/go-1.18-alznydijxhxcjhrs6gv4ewrkzfpbekcp/bin:/apps/spack-managed/gcc-11.3.1/git-2.38.1-y5mypep4s26jrmydtbcscxbtjm2ttk3e/bin:/apps/spack-managed/gcc-11.3.1/perl-5.36.0-vu5twd3fz7fqbfo2sesaounbstcoycih/bin:/apps/spack-managed/gcc-11.3.1/pcre2-10.39-mzli5r4utmxlbz6lxj4kyaujoibgixwp/bin:/usr/sbin:/usr/bin:/apps/sbin:/apps/bin:/home/jdj688/mavs/install/lib64:/bin:/usr/bin:/sbin:/usr/sbin:/usr/local/bin:/usr/local/sbin'), ('__LMOD_REF_COUNT_PKG_CONFIG_PATH', '/apps/spack-managed/gcc-11.3.1/zlib-1.2.13-iliwgto55zekyo2bdhemxjz2bu54u2kn/lib/pkgconfig:1;/apps/spack-managed/gcc-11.3.1/pcre2-10.39-mzli5r4utmxlbz6lxj4kyaujoibgixwp/lib/pkgconfig:1'), ('ROS_PYTHON_VERSION', '3'), ('PS1', 'Singularity>'), ('_LMFILES_', '/apps/spack-managed/modulefiles/linux-rocky9-x86_64/Core/pcre2/10.39.lua:/apps/spack-managed/modulefiles/linux-rocky9-x86_64/Core/zlib/1.2.13.lua:/apps/spack-managed/modulefiles/linux-rocky9-x86_64/Core/perl/5.36.0.lua:/apps/spack-managed/modulefiles/linux-rocky9-x86_64/Core/git/2.38.1.lua:/apps/spack-managed/modulefiles/linux-rocky9-x86_64/Core/go/1.18.lua:/apps/spack-managed/modulefiles/linux-rocky9-x86_64/Core/apptainer/1.0.2.lua'), ('DBUS_SESSION_BUS_ADDRESS', 'unix:path=/run/user/9880/bus'), ('APPTAINER_ENVIRONMENT', '/.singularity.d/env/91-environment.sh'), ('__LMOD_REF_COUNT_PATH', '/apps/spack-managed/gcc-11.3.1/apptainer-1.0.2-sly2h7brp2pnfvoo2atzfjl7cjnydnic/bin:1;/apps/spack-managed/gcc-11.3.1/go-1.18-alznydijxhxcjhrs6gv4ewrkzfpbekcp/bin:1;/apps/spack-managed/gcc-11.3.1/git-2.38.1-y5mypep4s26jrmydtbcscxbtjm2ttk3e/bin:1;/apps/spack-managed/gcc-11.3.1/perl-5.36.0-vu5twd3fz7fqbfo2sesaounbstcoycih/bin:1;/apps/spack-managed/gcc-11.3.1/pcre2-10.39-mzli5r4utmxlbz6lxj4kyaujoibgixwp/bin:1;/usr/sbin:1;/usr/bin:1;/apps/sbin:1;/apps/bin:1;/home/jdj688/mavs/install/lib64:1'), ('LMOD_sys', 'Linux'), ('LMOD_SHELL_PRGM', 'bash'), ('DEBUGINFOD_URLS', 'https://debuginfod.centos.org/'), ('which_declare', 'declare -f'), ('COLCON_PREFIX_PATH', '/home/jdj688/mavs_ros2/install:/home/jdj688/mavs_ros2/src/nature/install:/home/jdj688/mavs_ros2/src/mavs-ros2/install'), ('ROS_DISTRO', 'humble'), ('SINGULARITY_ENVIRONMENT', '/.singularity.d/env/91-environment.sh'), ('LOGNAME', 'jdj688'), ('LMOD_VERSION', '8.7.14'), ('_', '/usr/bin/colcon'), ('ROS_VERSION', '2'), ('PKG_CONFIG_PATH', '/apps/spack-managed/gcc-11.3.1/zlib-1.2.13-iliwgto55zekyo2bdhemxjz2bu54u2kn/lib/pkgconfig:/apps/spack-managed/gcc-11.3.1/pcre2-10.39-mzli5r4utmxlbz6lxj4kyaujoibgixwp/lib/pkgconfig'), ('PERL_ROOT', '/apps/spack-managed/gcc-11.3.1/perl-5.36.0-vu5twd3fz7fqbfo2sesaounbstcoycih'), ('XDG_SESSION_CLASS', 'user'), ('TERM', 'xterm-256color'), ('XDG_SESSION_ID', '925'), ('PCRE2_ROOT', '/apps/spack-managed/gcc-11.3.1/pcre2-10.39-mzli5r4utmxlbz6lxj4kyaujoibgixwp'), ('ZLIB_ROOT', '/apps/spack-managed/gcc-11.3.1/zlib-1.2.13-iliwgto55zekyo2bdhemxjz2bu54u2kn'), ('ROS_LOCALHOST_ONLY', '0'), ('HISTCONTROL', 'ignoredups'), ('PATH', '/opt/ros/humble/bin:/usr/local/sbin:/usr/local/bin:/usr/sbin:/usr/bin:/sbin:/bin'), ('APPTAINER_COMMAND', 'shell'), ('LMOD_SETTARG_FULL_SUPPORT', 'no'), ('__LMOD_REF_COUNT_LD_LIBRARY_PATH', '/apps/spack-managed/gcc-11.3.1/go-1.18-alznydijxhxcjhrs6gv4ewrkzfpbekcp/lib:1;/apps/spack-managed/gcc-11.3.1/perl-5.36.0-vu5twd3fz7fqbfo2sesaounbstcoycih/lib:1;/apps/spack-managed/gcc-11.3.1/zlib-1.2.13-iliwgto55zekyo2bdhemxjz2bu54u2kn/lib:1;/apps/spack-managed/gcc-11.3.1/pcre2-10.39-mzli5r4utmxlbz6lxj4kyaujoibgixwp/lib:1;/home/jdj688/.local/lib:1;/usr/lib64:1;/usr/lib:1;/home/jdj688/mavs/install/lib64:1'), ('XDG_RUNTIME_DIR', '/run/user/9880'), ('DISPLAY', 'localhost:12.0'), ('LMOD_SYSTEM_NAME', 'desktop-rh9.x'), ('HISTSIZE', '100'), ('APPTAINER_APPNAME', ''), ('LANG', 'en_US.UTF-8'), ('LMOD_ROOT', '/apps/other/lmod'), ('RMW_IMPLEMENTATION', 'rmw_cyclonedds_cpp'), ('AMENT_PREFIX_PATH', '/home/jdj688/mavs_ros2/src/nature/install/nature:/home/jdj688/mavs_ros2/src/mavs-ros2/install/mavs-ros2:/opt/ros/humble'), ('SHELL', '/bin/bash'), ('MODULEPATH_ROOT', '/apps/other/modulefiles'), ('GOPATH', '/apps/spack-managed/gcc-11.3.1/apptainer-1.0.2-sly2h7brp2pnfvoo2atzfjl7cjnydnic'), ('GO_ROOT', '/apps/spack-managed/gcc-11.3.1/go-1.18-alznydijxhxcjhrs6gv4ewrkzfpbekcp'), ('GIT_ROOT', '/apps/spack-managed/gcc-11.3.1/git-2.38.1-y5mypep4s26jrmydtbcscxbtjm2ttk3e'), ('APPTAINER_CONTAINER', '/scratch/cgoodin/containers/mavs-ros2-ctg.sif'), ('APPTAINER_BIND', '/home/jdj688/mavs_ros2,/cavs,/cci,/ccs,/gri,/hpc,/igbb,/ngi'), ('LMOD_CMD', '/apps/other/lmod/lmod/libexec/lmod'), ('_ModuleTable_Sz_', '6'), ('SINGULARITY_CONTAINER', '/scratch/cgoodin/containers/mavs-ros2-ctg.sif'), ('BASH_ENV', '/apps/other/lmod/lmod/init/bash'), ('SINGULARITY_BIND', '/home/jdj688/mavs_ros2,/cavs,/cci,/ccs,/gri,/hpc,/igbb,/ngi'), ('_ModuleTable001_', 'X01vZHVsZVRhYmxlXyA9IHsKTVR2ZXJzaW9uID0gMywKY19yZWJ1aWxkVGltZSA9IGZhbHNlLApjX3Nob3J0VGltZSA9IGZhbHNlLApkZXB0aFQgPSB7fSwKZmFtaWx5ID0ge30sCm1UID0gewphcHB0YWluZXIgPSB7CmZuID0gIi9hcHBzL3NwYWNrLW1hbmFnZWQvbW9kdWxlZmlsZXMvbGludXgtcm9ja3k5LXg4Nl82NC9Db3JlL2FwcHRhaW5lci8xLjAuMi5sdWEiLApmdWxsTmFtZSA9ICJhcHB0YWluZXIvMS4wLjIiLApsb2FkT3JkZXIgPSA2LApwcm9wVCA9IHt9LApzdGFja0RlcHRoID0gMCwKc3RhdHVzID0gImFjdGl2ZSIsCnVzZXJOYW1lID0gImFwcHRhaW5lciIsCndWID0gIjAwMDAwMDAwMS4wMDAwMDAwMDAuMDAwMDAwMDAyLip6ZmluYWwiLAp9LApnaXQgPSB7CmZu'), ('_ModuleTable002_', 'ID0gIi9hcHBzL3NwYWNrLW1hbmFnZWQvbW9kdWxlZmlsZXMvbGludXgtcm9ja3k5LXg4Nl82NC9Db3JlL2dpdC8yLjM4LjEubHVhIiwKZnVsbE5hbWUgPSAiZ2l0LzIuMzguMSIsCmxvYWRPcmRlciA9IDQsCnByb3BUID0ge30sCnJlZl9jb3VudCA9IDEsCnN0YWNrRGVwdGggPSAyLApzdGF0dXMgPSAiYWN0aXZlIiwKdXNlck5hbWUgPSAiZ2l0LzIuMzguMSIsCndWID0gIjAwMDAwMDAwMi4wMDAwMDAwMzguMDAwMDAwMDAxLip6ZmluYWwiLAp9LApnbyA9IHsKZm4gPSAiL2FwcHMvc3BhY2stbWFuYWdlZC9tb2R1bGVmaWxlcy9saW51eC1yb2NreTkteDg2XzY0L0NvcmUvZ28vMS4xOC5sdWEiLApmdWxsTmFtZSA9ICJnby8xLjE4IiwKbG9hZE9yZGVyID0gNSwKcHJvcFQgPSB7'), ('PWD', '/home/jdj688/mavs_ros2/src/mavs-ros2/build/mavs-ros2'), ('LOADEDMODULES', 'pcre2/10.39:zlib/1.2.13:perl/5.36.0:git/2.38.1:go/1.18:apptainer/1.0.2'), ('APPTAINER_NAME', 'mavs-ros2-ctg.sif'), ('LC_ALL', 'en_US.UTF-8'), ('SSH_CONNECTION', '130.18.14.251 60942 130.18.14.170 22'), ('_ModuleTable003_', 'fSwKcmVmX2NvdW50ID0gMSwKc3RhY2tEZXB0aCA9IDEsCnN0YXR1cyA9ICJhY3RpdmUiLAp1c2VyTmFtZSA9ICJnby8xLjE4IiwKd1YgPSAiMDAwMDAwMDAxLjAwMDAwMDAxOC4qemZpbmFsIiwKfSwKcGNyZTIgPSB7CmZuID0gIi9hcHBzL3NwYWNrLW1hbmFnZWQvbW9kdWxlZmlsZXMvbGludXgtcm9ja3k5LXg4Nl82NC9Db3JlL3BjcmUyLzEwLjM5Lmx1YSIsCmZ1bGxOYW1lID0gInBjcmUyLzEwLjM5IiwKbG9hZE9yZGVyID0gMSwKcHJvcFQgPSB7fSwKcmVmX2NvdW50ID0gMSwKc3RhY2tEZXB0aCA9IDMsCnN0YXR1cyA9ICJhY3RpdmUiLAp1c2VyTmFtZSA9ICJwY3JlMi8xMC4zOSIsCndWID0gIjAwMDAwMDAxMC4wMDAwMDAwMzkuKnpmaW5hbCIsCn0sCnBlcmwgPSB7CmZu'), ('PYTHONPATH', '/opt/ros/humble/lib/python3.10/site-packages:/opt/ros/humble/local/lib/python3.10/dist-packages'), ('_ModuleTable004_', 'ID0gIi9hcHBzL3NwYWNrLW1hbmFnZWQvbW9kdWxlZmlsZXMvbGludXgtcm9ja3k5LXg4Nl82NC9Db3JlL3BlcmwvNS4zNi4wLmx1YSIsCmZ1bGxOYW1lID0gInBlcmwvNS4zNi4wIiwKbG9hZE9yZGVyID0gMywKcHJvcFQgPSB7fSwKcmVmX2NvdW50ID0gMSwKc3RhY2tEZXB0aCA9IDMsCnN0YXR1cyA9ICJhY3RpdmUiLAp1c2VyTmFtZSA9ICJwZXJsLzUuMzYuMCIsCndWID0gIjAwMDAwMDAwNS4wMDAwMDAwMzYuKnpmaW5hbCIsCn0sCnpsaWIgPSB7CmZuID0gIi9hcHBzL3NwYWNrLW1hbmFnZWQvbW9kdWxlZmlsZXMvbGludXgtcm9ja3k5LXg4Nl82NC9Db3JlL3psaWIvMS4yLjEzLmx1YSIsCmZ1bGxOYW1lID0gInpsaWIvMS4yLjEzIiwKbG9hZE9yZGVyID0gMiwKcHJvcFQg'), ('SINGULARITY_NAME', 'mavs-ros2-ctg.sif'), ('_ModuleTable005_', 'PSB7fSwKcmVmX2NvdW50ID0gMiwKc3RhY2tEZXB0aCA9IDQsCnN0YXR1cyA9ICJhY3RpdmUiLAp1c2VyTmFtZSA9ICJ6bGliLzEuMi4xMyIsCndWID0gIjAwMDAwMDAwMS4wMDAwMDAwMDIuMDAwMDAwMDEzLip6ZmluYWwiLAp9LAp9LAptcGF0aEEgPSB7CiIvYXBwcy9zcGFjay1tYW5hZ2VkL21vZHVsZWZpbGVzL2xpbnV4LXJvY2t5OS14ODZfNjQvQ29yZSIKLCAiL2FwcHMvb3RoZXIvbW9kdWxlZmlsZXMiLCAiL2FwcHMvY29udGFpbmVycy9tb2R1bGVmaWxlcyIsICIvYXBwcy9saWNlbnNlZC9tb2R1bGVmaWxlcyIsCn0sCnN5c3RlbUJhc2VNUEFUSCA9ICIvYXBwcy9zcGFjay1tYW5hZ2VkL21vZHVsZWZpbGVzL2xpbnV4LXJvY2t5OS14ODZfNjQvQ29yZTovYXBwcy9vdGhl'), ('CONTAINERS', '/apps/containers/'), ('COLCON', '1'), ('__LMOD_REF_COUNT_MODULEPATH', '/apps/spack-managed/modulefiles/linux-rocky9-x86_64/Core:1;/apps/other/modulefiles:1;/apps/containers/modulefiles:1;/apps/licensed/modulefiles:1'), ('MANPATH', '/apps/spack-managed/gcc-11.3.1/apptainer-1.0.2-sly2h7brp2pnfvoo2atzfjl7cjnydnic/share/man:/apps/spack-managed/gcc-11.3.1/git-2.38.1-y5mypep4s26jrmydtbcscxbtjm2ttk3e/share/man:/apps/spack-managed/gcc-11.3.1/perl-5.36.0-vu5twd3fz7fqbfo2sesaounbstcoycih/man:/apps/spack-managed/gcc-11.3.1/zlib-1.2.13-iliwgto55zekyo2bdhemxjz2bu54u2kn/share/man:/apps/spack-managed/gcc-11.3.1/pcre2-10.39-mzli5r4utmxlbz6lxj4kyaujoibgixwp/share/man:/apps/other/lmod/lmod/share/man:/usr/share/man:/apps/share/man:/apps/man'), ('_ModuleTable006_', 'ci9tb2R1bGVmaWxlczovYXBwcy9jb250YWluZXJzL21vZHVsZWZpbGVzOi9hcHBzL2xpY2Vuc2VkL21vZHVsZWZpbGVzIiwKfQo='), ('__LMOD_REF_COUNT_MANPATH', '/apps/spack-managed/gcc-11.3.1/apptainer-1.0.2-sly2h7brp2pnfvoo2atzfjl7cjnydnic/share/man:1;/apps/spack-managed/gcc-11.3.1/git-2.38.1-y5mypep4s26jrmydtbcscxbtjm2ttk3e/share/man:1;/apps/spack-managed/gcc-11.3.1/perl-5.36.0-vu5twd3fz7fqbfo2sesaounbstcoycih/man:1;/apps/spack-managed/gcc-11.3.1/zlib-1.2.13-iliwgto55zekyo2bdhemxjz2bu54u2kn/share/man:1;/apps/spack-managed/gcc-11.3.1/pcre2-10.39-mzli5r4utmxlbz6lxj4kyaujoibgixwp/share/man:1;/apps/other/lmod/lmod/share/man:1;/usr/share/man:1;/apps/share/man:1;/apps/man:1'), ('MODULEPATH', '/apps/spack-managed/modulefiles/linux-rocky9-x86_64/Core:/apps/other/modulefiles:/apps/containers/modulefiles:/apps/licensed/modulefiles'), ('MODULESHOME', '/apps/other/lmod/lmod'), ('CMAKE_PREFIX_PATH', '/home/jdj688/mavs_ros2/src/nature/install/nature:/home/jdj688/mavs_ros2/src/mavs-ros2/install/mavs-ros2:/apps/spack-managed/gcc-11.3.1/apptainer-1.0.2-sly2h7brp2pnfvoo2atzfjl7cjnydnic:/apps/spack-managed/gcc-11.3.1/go-1.18-alznydijxhxcjhrs6gv4ewrkzfpbekcp:/apps/spack-managed/gcc-11.3.1/git-2.38.1-y5mypep4s26jrmydtbcscxbtjm2ttk3e:/apps/spack-managed/gcc-11.3.1/perl-5.36.0-vu5twd3fz7fqbfo2sesaounbstcoycih:/apps/spack-managed/gcc-11.3.1/zlib-1.2.13-iliwgto55zekyo2bdhemxjz2bu54u2kn:/apps/spack-managed/gcc-11.3.1/pcre2-10.39-mzli5r4utmxlbz6lxj4kyaujoibgixwp:/opt/ros/humble')]), 'shell': False}
[0.192575] (-) TimerEvent: {}
[0.272698] (mavs-ros2) StderrLine: {'line': b'\x1b[0mCMake Deprecation Warning at CMakeLists.txt:1 (cmake_minimum_required):\n'}
[0.272975] (mavs-ros2) StderrLine: {'line': b'  Compatibility with CMake < 3.10 will be removed from a future version of\n'}
[0.273052] (mavs-ros2) StderrLine: {'line': b'  CMake.\n'}
[0.273123] (mavs-ros2) StderrLine: {'line': b'\n'}
[0.273188] (mavs-ros2) StderrLine: {'line': b'  Update the VERSION argument <min> value.  Or, use the <min>...<max> syntax\n'}
[0.273253] (mavs-ros2) StderrLine: {'line': b'  to tell CMake that the project requires at least <min> but has been updated\n'}
[0.273319] (mavs-ros2) StderrLine: {'line': b'  to work with policies introduced by <max> or earlier.\n'}
[0.273383] (mavs-ros2) StderrLine: {'line': b'\n'}
[0.273446] (mavs-ros2) StderrLine: {'line': b'\x1b[0m\n'}
[0.292646] (-) TimerEvent: {}
[0.306644] (mavs-ros2) StdoutLine: {'line': b'-- Found ament_cmake: 1.3.12 (/opt/ros/humble/share/ament_cmake/cmake)\n'}
[0.392777] (-) TimerEvent: {}
[0.493044] (-) TimerEvent: {}
[0.593259] (-) TimerEvent: {}
[0.630189] (mavs-ros2) StdoutLine: {'line': b'-- Found OpenMP_C: -fopenmp (found version "4.5")\n'}
[0.630487] (mavs-ros2) StdoutLine: {'line': b'-- Found OpenMP_CXX: -fopenmp (found version "4.5")\n'}
[0.693333] (-) TimerEvent: {}
[0.793530] (-) TimerEvent: {}
[0.889287] (mavs-ros2) StdoutLine: {'line': b'-- Found rclcpp: 16.0.14 (/opt/ros/humble/share/rclcpp/cmake)\n'}
[0.893610] (-) TimerEvent: {}
[0.941370] (mavs-ros2) StdoutLine: {'line': b'-- Found rosidl_generator_c: 3.1.7 (/opt/ros/humble/share/rosidl_generator_c/cmake)\n'}
[0.946591] (mavs-ros2) StdoutLine: {'line': b'-- Found rosidl_adapter: 3.1.7 (/opt/ros/humble/share/rosidl_adapter/cmake)\n'}
[0.955355] (mavs-ros2) StdoutLine: {'line': b'-- Found rosidl_generator_cpp: 3.1.7 (/opt/ros/humble/share/rosidl_generator_cpp/cmake)\n'}
[0.969748] (mavs-ros2) StdoutLine: {'line': b'-- Using all available rosidl_typesupport_c: rosidl_typesupport_fastrtps_c;rosidl_typesupport_introspection_c\n'}
[0.990567] (mavs-ros2) StdoutLine: {'line': b'-- Using all available rosidl_typesupport_cpp: rosidl_typesupport_fastrtps_cpp;rosidl_typesupport_introspection_cpp\n'}
[0.993710] (-) TimerEvent: {}
[1.056128] (mavs-ros2) StdoutLine: {'line': b'-- Found rmw_implementation_cmake: 6.1.2 (/opt/ros/humble/share/rmw_implementation_cmake/cmake)\n'}
[1.058981] (mavs-ros2) StdoutLine: {'line': b'-- Found rmw_cyclonedds_cpp: 1.3.4 (/opt/ros/humble/share/rmw_cyclonedds_cpp/cmake)\n'}
[1.090838] (mavs-ros2) StdoutLine: {'line': b"-- Using RMW implementation 'rmw_cyclonedds_cpp' as default\n"}
[1.093796] (-) TimerEvent: {}
[1.176890] (mavs-ros2) StdoutLine: {'line': b'-- Found geometry_msgs: 4.9.0 (/opt/ros/humble/share/geometry_msgs/cmake)\n'}
[1.193874] (-) TimerEvent: {}
[1.202041] (mavs-ros2) StdoutLine: {'line': b'-- Found sensor_msgs: 4.9.0 (/opt/ros/humble/share/sensor_msgs/cmake)\n'}
[1.235219] (mavs-ros2) StdoutLine: {'line': b'-- Found nav_msgs: 4.9.0 (/opt/ros/humble/share/nav_msgs/cmake)\n'}
[1.259039] (mavs-ros2) StdoutLine: {'line': b'-- Found tf2: 0.25.15 (/opt/ros/humble/share/tf2/cmake)\n'}
[1.265833] (mavs-ros2) StdoutLine: {'line': b'-- Found tf2_ros: 0.25.15 (/opt/ros/humble/share/tf2_ros/cmake)\n'}
[1.293977] (-) TimerEvent: {}
[1.394192] (-) TimerEvent: {}
[1.423794] (mavs-ros2) StdoutLine: {'line': b'-- Found visualization_msgs: 4.9.0 (/opt/ros/humble/share/visualization_msgs/cmake)\n'}
[1.452047] (mavs-ros2) StdoutLine: {'line': b'-- Found tf2_geometry_msgs: 0.25.15 (/opt/ros/humble/share/tf2_geometry_msgs/cmake)\n'}
[1.462437] (mavs-ros2) StdoutLine: {'line': b'-- Found eigen3_cmake_module: 0.1.1 (/opt/ros/humble/share/eigen3_cmake_module/cmake)\n'}
[1.463549] (mavs-ros2) StdoutLine: {'line': b'-- Ensuring Eigen3 include directory is part of orocos-kdl CMake target\n'}
[1.494274] (-) TimerEvent: {}
[1.594472] (-) TimerEvent: {}
[1.651084] (mavs-ros2) StdoutLine: {'line': b'-- Found OpenMP_C: -fopenmp (found version "4.5")\n'}
[1.651256] (mavs-ros2) StdoutLine: {'line': b'-- Found OpenMP_CXX: -fopenmp (found version "4.5")\n'}
[1.694548] (-) TimerEvent: {}
[1.794732] (-) TimerEvent: {}
[1.894927] (-) TimerEvent: {}
[1.995147] (-) TimerEvent: {}
[2.043512] (mavs-ros2) StdoutLine: {'line': b'-- Configuring done (1.9s)\n'}
[2.095234] (-) TimerEvent: {}
[2.195445] (-) TimerEvent: {}
[2.295659] (-) TimerEvent: {}
[2.395841] (-) TimerEvent: {}
[2.496031] (-) TimerEvent: {}
[2.596234] (-) TimerEvent: {}
[2.696435] (-) TimerEvent: {}
[2.796646] (-) TimerEvent: {}
[2.896846] (-) TimerEvent: {}
[2.997030] (-) TimerEvent: {}
[3.097218] (-) TimerEvent: {}
[3.197439] (-) TimerEvent: {}
[3.297628] (-) TimerEvent: {}
[3.318535] (mavs-ros2) StdoutLine: {'line': b'-- Generating done (1.2s)\n'}
[3.397716] (-) TimerEvent: {}
[3.497901] (-) TimerEvent: {}
[3.544681] (mavs-ros2) StdoutLine: {'line': b'-- Build files have been written to: /home/jdj688/mavs_ros2/src/mavs-ros2/build/mavs-ros2\n'}
[3.597983] (-) TimerEvent: {}
[3.698191] (-) TimerEvent: {}
[3.721287] (mavs-ros2) StdoutLine: {'line': b'[ 14%] Built target mavs-ros2\n'}
[3.798274] (-) TimerEvent: {}
[3.823736] (mavs-ros2) StdoutLine: {'line': b'[ 21%] \x1b[32mBuilding CXX object CMakeFiles/mavs_vehicle_node_scene_creator.dir/src/mavs_vehicle_node_scene_creator.cpp.o\x1b[0m\n'}
[3.898373] (-) TimerEvent: {}
[3.908092] (mavs-ros2) StdoutLine: {'line': b'[ 64%] Built target mavs_vehicle_node\n'}
[3.928302] (mavs-ros2) StdoutLine: {'line': b'[ 92%] Built target mavs_lidar_node\n'}
[3.928410] (mavs-ros2) StdoutLine: {'line': b'[ 92%] Built target mavs_localization_node\n'}
[3.928473] (mavs-ros2) StdoutLine: {'line': b'[ 92%] Built target mavs_camera_node\n'}
[3.928831] (mavs-ros2) StdoutLine: {'line': b'[ 92%] Built target mavs_pose_aggregator_node\n'}
[3.998450] (-) TimerEvent: {}
[4.098665] (-) TimerEvent: {}
[4.198908] (-) TimerEvent: {}
[4.299122] (-) TimerEvent: {}
[4.399339] (-) TimerEvent: {}
[4.499589] (-) TimerEvent: {}
[4.599811] (-) TimerEvent: {}
[4.700005] (-) TimerEvent: {}
[4.735013] (mavs-ros2) StderrLine: {'line': b'\x1b[01m\x1b[K/home/jdj688/mavs_ros2/src/mavs-ros2/src/mavs_vehicle_node_scene_creator.cpp:6:10:\x1b[m\x1b[K \x1b[01;31m\x1b[Kfatal error: \x1b[m\x1b[Knlohmann/json.hpp: No such file or directory\n'}
[4.735149] (mavs-ros2) StderrLine: {'line': b'    6 | #include \x1b[01;31m\x1b[K<nlohmann/json.hpp>\x1b[m\x1b[K  // For JSON output (make sure you have this library)\n'}
[4.735209] (mavs-ros2) StderrLine: {'line': b'      |          \x1b[01;31m\x1b[K^~~~~~~~~~~~~~~~~~~\x1b[m\x1b[K\n'}
[4.736542] (mavs-ros2) StderrLine: {'line': b'compilation terminated.\n'}
[4.741084] (mavs-ros2) StderrLine: {'line': b'gmake[2]: *** [CMakeFiles/mavs_vehicle_node_scene_creator.dir/build.make:79: CMakeFiles/mavs_vehicle_node_scene_creator.dir/src/mavs_vehicle_node_scene_creator.cpp.o] Error 1\n'}
[4.741253] (mavs-ros2) StderrLine: {'line': b'gmake[1]: *** [CMakeFiles/Makefile2:363: CMakeFiles/mavs_vehicle_node_scene_creator.dir/all] Error 2\n'}
[4.741466] (mavs-ros2) StderrLine: {'line': b'gmake: *** [Makefile:146: all] Error 2\n'}
[4.743398] (mavs-ros2) CommandEnded: {'returncode': 2}
[4.800125] (-) TimerEvent: {}
[4.900339] (-) TimerEvent: {}
[4.911909] (mavs-ros2) JobEnded: {'identifier': 'mavs-ros2', 'rc': 2}
[4.935189] (-) EventReactorShutdown: {}
