[0.123s] DEBUG:colcon:Command line arguments: ['/usr/bin/colcon', 'build']
[0.124s] DEBUG:colcon:Parsed command line arguments: Namespace(log_base=None, log_level=None, verb_name='build', build_base='build', install_base='install', merge_install=False, symlink_install=False, test_result_base=None, continue_on_error=False, executor='parallel', parallel_workers=96, event_handlers=None, ignore_user_meta=False, metas=['./colcon.meta'], base_paths=['.'], packages_ignore=None, packages_ignore_regex=None, paths=None, packages_up_to=None, packages_up_to_regex=None, packages_above=None, packages_above_and_dependencies=None, packages_above_depth=None, packages_select_by_dep=None, packages_skip_by_dep=None, packages_skip_up_to=None, packages_select_build_failed=False, packages_skip_build_finished=False, packages_select_test_failures=False, packages_skip_test_passed=False, packages_select=None, packages_skip=None, packages_select_regex=None, packages_skip_regex=None, packages_start=None, packages_end=None, cmake_args=None, cmake_target=None, cmake_target_skip_unavailable=False, cmake_clean_cache=False, cmake_clean_first=False, cmake_force_configure=False, ament_cmake_args=None, catkin_cmake_args=None, catkin_skip_building_tests=False, verb_parser=<colcon_defaults.argument_parser.defaults.DefaultArgumentsDecorator object at 0x7f36cf523250>, verb_extension=<colcon_core.verb.build.BuildVerb object at 0x7f36cf654670>, main=<bound method BuildVerb.main of <colcon_core.verb.build.BuildVerb object at 0x7f36cf654670>>)
[0.313s] Level 1:colcon.colcon_core.package_discovery:discover_packages(colcon_meta) check parameters
[0.313s] Level 1:colcon.colcon_core.package_discovery:discover_packages(recursive) check parameters
[0.313s] Level 1:colcon.colcon_core.package_discovery:discover_packages(ignore) check parameters
[0.313s] Level 1:colcon.colcon_core.package_discovery:discover_packages(path) check parameters
[0.313s] Level 1:colcon.colcon_core.package_discovery:discover_packages(colcon_meta) discover
[0.313s] Level 1:colcon.colcon_core.package_discovery:discover_packages(recursive) discover
[0.313s] INFO:colcon.colcon_core.package_discovery:Crawling recursively for packages in '/home/jdj688/mavs_ros2/src/mavs-ros2'
[0.314s] Level 1:colcon.colcon_core.package_identification:_identify(.) by extensions ['ignore', 'ignore_ament_install']
[0.314s] Level 1:colcon.colcon_core.package_identification:_identify(.) by extension 'ignore'
[0.314s] Level 1:colcon.colcon_core.package_identification:_identify(.) by extension 'ignore_ament_install'
[0.314s] Level 1:colcon.colcon_core.package_identification:_identify(.) by extensions ['colcon_pkg']
[0.315s] Level 1:colcon.colcon_core.package_identification:_identify(.) by extension 'colcon_pkg'
[0.315s] Level 1:colcon.colcon_core.package_identification:_identify(.) by extensions ['colcon_meta']
[0.315s] Level 1:colcon.colcon_core.package_identification:_identify(.) by extension 'colcon_meta'
[0.315s] Level 1:colcon.colcon_core.package_identification:_identify(.) by extensions ['ros']
[0.315s] Level 1:colcon.colcon_core.package_identification:_identify(.) by extension 'ros'
[0.336s] DEBUG:colcon.colcon_core.package_identification:Package '.' with type 'ros.ament_cmake' and name 'mavs-ros2'
[0.336s] Level 1:colcon.colcon_core.package_discovery:discover_packages(recursive) using defaults
[0.336s] Level 1:colcon.colcon_core.package_discovery:discover_packages(ignore) discover
[0.336s] Level 1:colcon.colcon_core.package_discovery:discover_packages(ignore) using defaults
[0.336s] Level 1:colcon.colcon_core.package_discovery:discover_packages(path) discover
[0.336s] Level 1:colcon.colcon_core.package_discovery:discover_packages(path) using defaults
[0.359s] Level 5:colcon.colcon_core.verb:set package 'mavs-ros2' build argument 'cmake_args' from command line to 'None'
[0.359s] Level 5:colcon.colcon_core.verb:set package 'mavs-ros2' build argument 'cmake_target' from command line to 'None'
[0.359s] Level 5:colcon.colcon_core.verb:set package 'mavs-ros2' build argument 'cmake_target_skip_unavailable' from command line to 'False'
[0.359s] Level 5:colcon.colcon_core.verb:set package 'mavs-ros2' build argument 'cmake_clean_cache' from command line to 'False'
[0.359s] Level 5:colcon.colcon_core.verb:set package 'mavs-ros2' build argument 'cmake_clean_first' from command line to 'False'
[0.359s] Level 5:colcon.colcon_core.verb:set package 'mavs-ros2' build argument 'cmake_force_configure' from command line to 'False'
[0.359s] Level 5:colcon.colcon_core.verb:set package 'mavs-ros2' build argument 'ament_cmake_args' from command line to 'None'
[0.359s] Level 5:colcon.colcon_core.verb:set package 'mavs-ros2' build argument 'catkin_cmake_args' from command line to 'None'
[0.359s] Level 5:colcon.colcon_core.verb:set package 'mavs-ros2' build argument 'catkin_skip_building_tests' from command line to 'False'
[0.359s] DEBUG:colcon.colcon_core.verb:Building package 'mavs-ros2' with the following arguments: {'ament_cmake_args': None, 'build_base': '/home/jdj688/mavs_ros2/src/mavs-ros2/build/mavs-ros2', 'catkin_cmake_args': None, 'catkin_skip_building_tests': False, 'cmake_args': None, 'cmake_clean_cache': False, 'cmake_clean_first': False, 'cmake_force_configure': False, 'cmake_target': None, 'cmake_target_skip_unavailable': False, 'install_base': '/home/jdj688/mavs_ros2/src/mavs-ros2/install/mavs-ros2', 'merge_install': False, 'path': '/home/jdj688/mavs_ros2/src/mavs-ros2', 'symlink_install': False, 'test_result_base': None}
[0.359s] INFO:colcon.colcon_core.executor:Executing jobs using 'parallel' executor
[0.360s] DEBUG:colcon.colcon_parallel_executor.executor.parallel:run_until_complete
[0.360s] INFO:colcon.colcon_ros.task.ament_cmake.build:Building ROS package in '/home/jdj688/mavs_ros2/src/mavs-ros2' with build type 'ament_cmake'
[0.360s] INFO:colcon.colcon_cmake.task.cmake.build:Building CMake package in '/home/jdj688/mavs_ros2/src/mavs-ros2'
[0.362s] INFO:colcon.colcon_core.plugin_system:Skipping extension 'colcon_core.shell.bat': Not used on non-Windows systems
[0.362s] INFO:colcon.colcon_core.shell:Skip shell extension 'powershell' for command environment: Not usable outside of PowerShell
[0.362s] DEBUG:colcon.colcon_core.shell:Skip shell extension 'dsv' for command environment
[0.376s] WARNING:colcon.colcon_ros.prefix_path.catkin:The path '/apps/spack-managed/gcc-11.3.1/apptainer-1.0.2-sly2h7brp2pnfvoo2atzfjl7cjnydnic' in the environment variable CMAKE_PREFIX_PATH doesn't exist
[0.376s] WARNING:colcon.colcon_ros.prefix_path.catkin:The path '/apps/spack-managed/gcc-11.3.1/go-1.18-alznydijxhxcjhrs6gv4ewrkzfpbekcp' in the environment variable CMAKE_PREFIX_PATH doesn't exist
[0.376s] WARNING:colcon.colcon_ros.prefix_path.catkin:The path '/apps/spack-managed/gcc-11.3.1/git-2.38.1-y5mypep4s26jrmydtbcscxbtjm2ttk3e' in the environment variable CMAKE_PREFIX_PATH doesn't exist
[0.376s] WARNING:colcon.colcon_ros.prefix_path.catkin:The path '/apps/spack-managed/gcc-11.3.1/perl-5.36.0-vu5twd3fz7fqbfo2sesaounbstcoycih' in the environment variable CMAKE_PREFIX_PATH doesn't exist
[0.376s] WARNING:colcon.colcon_ros.prefix_path.catkin:The path '/apps/spack-managed/gcc-11.3.1/zlib-1.2.13-iliwgto55zekyo2bdhemxjz2bu54u2kn' in the environment variable CMAKE_PREFIX_PATH doesn't exist
[0.376s] WARNING:colcon.colcon_ros.prefix_path.catkin:The path '/apps/spack-managed/gcc-11.3.1/pcre2-10.39-mzli5r4utmxlbz6lxj4kyaujoibgixwp' in the environment variable CMAKE_PREFIX_PATH doesn't exist
[0.508s] DEBUG:colcon.colcon_core.event_handler.log_command:Invoking command in '/home/jdj688/mavs_ros2/src/mavs-ros2/build/mavs-ros2': CMAKE_PREFIX_PATH=${CMAKE_PREFIX_PATH}:/opt/ros/humble DEBUGINFOD_URLS=https://debuginfod.centos.org/ PS1=Singularity> /usr/bin/cmake --build /home/jdj688/mavs_ros2/src/mavs-ros2/build/mavs-ros2 -- -j96 -l96
[13.044s] DEBUG:colcon.colcon_core.event_handler.log_command:Invoked command in '/home/jdj688/mavs_ros2/src/mavs-ros2/build/mavs-ros2' returned '2': CMAKE_PREFIX_PATH=${CMAKE_PREFIX_PATH}:/opt/ros/humble DEBUGINFOD_URLS=https://debuginfod.centos.org/ PS1=Singularity> /usr/bin/cmake --build /home/jdj688/mavs_ros2/src/mavs-ros2/build/mavs-ros2 -- -j96 -l96
[13.062s] Level 1:colcon.colcon_core.environment:create_environment_scripts_only(mavs-ros2)
[13.064s] Level 1:colcon.colcon_core.environment:checking '/home/jdj688/mavs_ros2/src/mavs-ros2/install/mavs-ros2' for CMake module files
[13.085s] Level 1:colcon.colcon_core.environment:checking '/home/jdj688/mavs_ros2/src/mavs-ros2/install/mavs-ros2' for CMake config files
[13.105s] Level 1:colcon.colcon_core.shell:create_environment_hook('mavs-ros2', 'cmake_prefix_path')
[13.106s] INFO:colcon.colcon_core.shell:Creating environment hook '/home/jdj688/mavs_ros2/src/mavs-ros2/install/mavs-ros2/share/mavs-ros2/hook/cmake_prefix_path.ps1'
[13.114s] INFO:colcon.colcon_core.shell:Creating environment descriptor '/home/jdj688/mavs_ros2/src/mavs-ros2/install/mavs-ros2/share/mavs-ros2/hook/cmake_prefix_path.dsv'
[13.123s] INFO:colcon.colcon_core.shell:Creating environment hook '/home/jdj688/mavs_ros2/src/mavs-ros2/install/mavs-ros2/share/mavs-ros2/hook/cmake_prefix_path.sh'
[13.134s] Level 1:colcon.colcon_core.environment:checking '/home/jdj688/mavs_ros2/src/mavs-ros2/install/mavs-ros2/lib'
[13.135s] Level 1:colcon.colcon_core.environment:checking '/home/jdj688/mavs_ros2/src/mavs-ros2/install/mavs-ros2/bin'
[13.135s] Level 1:colcon.colcon_core.environment:checking '/home/jdj688/mavs_ros2/src/mavs-ros2/install/mavs-ros2/lib/pkgconfig/mavs-ros2.pc'
[13.137s] Level 1:colcon.colcon_core.environment:checking '/home/jdj688/mavs_ros2/src/mavs-ros2/install/mavs-ros2/lib/python3.10/site-packages'
[13.137s] Level 1:colcon.colcon_core.environment:checking '/home/jdj688/mavs_ros2/src/mavs-ros2/install/mavs-ros2/bin'
[13.137s] INFO:colcon.colcon_core.shell:Creating package script '/home/jdj688/mavs_ros2/src/mavs-ros2/install/mavs-ros2/share/mavs-ros2/package.ps1'
[13.146s] INFO:colcon.colcon_core.shell:Creating package descriptor '/home/jdj688/mavs_ros2/src/mavs-ros2/install/mavs-ros2/share/mavs-ros2/package.dsv'
[13.160s] INFO:colcon.colcon_core.shell:Creating package script '/home/jdj688/mavs_ros2/src/mavs-ros2/install/mavs-ros2/share/mavs-ros2/package.sh'
[13.175s] INFO:colcon.colcon_core.shell:Creating package script '/home/jdj688/mavs_ros2/src/mavs-ros2/install/mavs-ros2/share/mavs-ros2/package.bash'
[13.185s] INFO:colcon.colcon_core.shell:Creating package script '/home/jdj688/mavs_ros2/src/mavs-ros2/install/mavs-ros2/share/mavs-ros2/package.zsh'
[13.195s] Level 1:colcon.colcon_core.environment:create_file_with_runtime_dependencies(/home/jdj688/mavs_ros2/src/mavs-ros2/install/mavs-ros2/share/colcon-core/packages/mavs-ros2)
[13.209s] DEBUG:colcon.colcon_parallel_executor.executor.parallel:closing loop
[13.209s] DEBUG:colcon.colcon_parallel_executor.executor.parallel:loop closed
[13.210s] DEBUG:colcon.colcon_parallel_executor.executor.parallel:run_until_complete finished with '2'
[13.210s] DEBUG:colcon.colcon_core.event_reactor:joining thread
[13.239s] INFO:colcon.colcon_core.plugin_system:Skipping extension 'colcon_notification.desktop_notification.notify_send': Could not find 'notify-send'
[13.239s] INFO:colcon.colcon_core.plugin_system:Skipping extension 'colcon_notification.desktop_notification.terminal_notifier': Not used on non-Darwin systems
[13.239s] INFO:colcon.colcon_core.plugin_system:Skipping extension 'colcon_notification.desktop_notification.win32': Not used on non-Windows systems
[13.239s] INFO:colcon.colcon_notification.desktop_notification:Sending desktop notification using 'notify2'
[13.239s] DEBUG:colcon.colcon_notification.desktop_notification.notify2:Failed to initialize notify2: org.freedesktop.DBus.Error.FileNotFound: Failed to connect to socket /run/user/9880/bus: No such file or directory
[13.239s] DEBUG:colcon.colcon_core.event_reactor:joined thread
[13.239s] INFO:colcon.colcon_core.shell:Creating prefix script '/home/jdj688/mavs_ros2/src/mavs-ros2/install/local_setup.ps1'
[13.248s] INFO:colcon.colcon_core.shell:Creating prefix util module '/home/jdj688/mavs_ros2/src/mavs-ros2/install/_local_setup_util_ps1.py'
[13.263s] INFO:colcon.colcon_core.shell:Creating prefix chain script '/home/jdj688/mavs_ros2/src/mavs-ros2/install/setup.ps1'
[13.287s] INFO:colcon.colcon_core.shell:Creating prefix script '/home/jdj688/mavs_ros2/src/mavs-ros2/install/local_setup.sh'
[13.296s] INFO:colcon.colcon_core.shell:Creating prefix util module '/home/jdj688/mavs_ros2/src/mavs-ros2/install/_local_setup_util_sh.py'
[13.305s] INFO:colcon.colcon_core.shell:Creating prefix chain script '/home/jdj688/mavs_ros2/src/mavs-ros2/install/setup.sh'
[13.322s] INFO:colcon.colcon_core.shell:Creating prefix script '/home/jdj688/mavs_ros2/src/mavs-ros2/install/local_setup.bash'
[13.330s] INFO:colcon.colcon_core.shell:Creating prefix chain script '/home/jdj688/mavs_ros2/src/mavs-ros2/install/setup.bash'
[13.347s] INFO:colcon.colcon_core.shell:Creating prefix script '/home/jdj688/mavs_ros2/src/mavs-ros2/install/local_setup.zsh'
[13.355s] INFO:colcon.colcon_core.shell:Creating prefix chain script '/home/jdj688/mavs_ros2/src/mavs-ros2/install/setup.zsh'
