[0.365s] Invoking command in '/home/jdj688/mavs_ros2/src/mavs-ros2/build/mavs-ros2': CMAKE_PREFIX_PATH=${CMAKE_PREFIX_PATH}:/opt/ros/humble DEBUGINFOD_URLS=https://debuginfod.centos.org/ PS1=Singularity> /usr/bin/cmake --build /home/jdj688/mavs_ros2/src/mavs-ros2/build/mavs-ros2 -- -j96 -l96
[0.584s] [0mCMake Deprecation Warning at CMakeLists.txt:1 (cmake_minimum_required):
[0.584s]   Compatibility with CMake < 3.10 will be removed from a future version of
[0.584s]   CMake.
[0.584s] 
[0.584s]   Update the VERSION argument <min> value.  Or, use the <min>...<max> syntax
[0.584s]   to tell CMake that the project requires at least <min> but has been updated
[0.584s]   to work with policies introduced by <max> or earlier.
[0.584s] 
[0.584s] [0m
[0.603s] -- Found ament_cmake: 1.3.12 (/opt/ros/humble/share/ament_cmake/cmake)
[1.230s] -- Found OpenMP_C: -fopenmp (found version "4.5")
[1.231s] -- Found OpenMP_CXX: -fopenmp (found version "4.5")
[1.771s] -- Found rclcpp: 16.0.14 (/opt/ros/humble/share/rclcpp/cmake)
[1.836s] -- Found rosidl_generator_c: 3.1.7 (/opt/ros/humble/share/rosidl_generator_c/cmake)
[1.848s] -- Found rosidl_adapter: 3.1.7 (/opt/ros/humble/share/rosidl_adapter/cmake)
[1.861s] -- Found rosidl_generator_cpp: 3.1.7 (/opt/ros/humble/share/rosidl_generator_cpp/cmake)
[1.886s] -- Using all available rosidl_typesupport_c: rosidl_typesupport_fastrtps_c;rosidl_typesupport_introspection_c
[1.904s] -- Using all available rosidl_typesupport_cpp: rosidl_typesupport_fastrtps_cpp;rosidl_typesupport_introspection_cpp
[2.010s] -- Found rmw_implementation_cmake: 6.1.2 (/opt/ros/humble/share/rmw_implementation_cmake/cmake)
[2.017s] -- Found rmw_cyclonedds_cpp: 1.3.4 (/opt/ros/humble/share/rmw_cyclonedds_cpp/cmake)
[2.076s] -- Using RMW implementation 'rmw_cyclonedds_cpp' as default
[2.182s] -- Found geometry_msgs: 4.9.0 (/opt/ros/humble/share/geometry_msgs/cmake)
[2.200s] -- Found sensor_msgs: 4.9.0 (/opt/ros/humble/share/sensor_msgs/cmake)
[2.227s] -- Found nav_msgs: 4.9.0 (/opt/ros/humble/share/nav_msgs/cmake)
[2.264s] -- Found tf2: 0.25.15 (/opt/ros/humble/share/tf2/cmake)
[2.278s] -- Found tf2_ros: 0.25.15 (/opt/ros/humble/share/tf2_ros/cmake)
[2.421s] -- Found visualization_msgs: 4.9.0 (/opt/ros/humble/share/visualization_msgs/cmake)
[2.464s] -- Found tf2_geometry_msgs: 0.25.15 (/opt/ros/humble/share/tf2_geometry_msgs/cmake)
[2.474s] -- Found eigen3_cmake_module: 0.1.1 (/opt/ros/humble/share/eigen3_cmake_module/cmake)
[2.476s] -- Ensuring Eigen3 include directory is part of orocos-kdl CMake target
[2.687s] -- Found OpenMP_C: -fopenmp (found version "4.5")
[2.688s] -- Found OpenMP_CXX: -fopenmp (found version "4.5")
[3.406s] -- Configuring done (2.9s)
[3.540s] [31mCMake Error at CMakeLists.txt:131 (add_executable):
[3.541s]   Cannot find source file:
[3.541s] 
[3.541s]     src/mavs_vehicle_node_scene_creator_main.cpp
[3.541s] 
[3.541s]   Tried extensions .c .C .c++ .cc .cpp .cxx .cu .mpp .m .M .mm .ixx .cppm
[3.541s]   .ccm .cxxm .c++m .h .hh .h++ .hm .hpp .hxx .in .txx .f .F .for .f77 .f90
[3.541s]   .f95 .f03 .hip .ispc
[3.541s] 
[3.541s] [0m
[3.551s] [31mCMake Error at CMakeLists.txt:131 (add_executable):
[3.551s]   No SOURCES given to target: mavs_vehicle_node_scene_creator_exec
[3.551s] 
[3.551s] [0m
[3.551s] [0mCMake Generate step failed.  Build files cannot be regenerated correctly.[0m
[3.564s] gmake: *** [Makefile:513: cmake_check_build_system] Error 1
[3.566s] Invoked command in '/home/jdj688/mavs_ros2/src/mavs-ros2/build/mavs-ros2' returned '2': CMAKE_PREFIX_PATH=${CMAKE_PREFIX_PATH}:/opt/ros/humble DEBUGINFOD_URLS=https://debuginfod.centos.org/ PS1=Singularity> /usr/bin/cmake --build /home/jdj688/mavs_ros2/src/mavs-ros2/build/mavs-ros2 -- -j96 -l96
