[0.000000] (-) TimerEvent: {}
[0.000124] (mavs-ros2) JobQueued: {'identifier': 'mavs-ros2', 'dependencies': OrderedDict()}
[0.000155] (mavs-ros2) JobStarted: {'identifier': 'mavs-ros2'}
[0.079366] (mavs-ros2) JobProgress: {'identifier': 'mavs-ros2', 'progress': 'cmake'}
[0.091725] (-) TimerEvent: {}
[0.103013] (mavs-ros2) JobProgress: {'identifier': 'mavs-ros2', 'progress': 'build'}
[0.106535] (mavs-ros2) Command: {'cmd': ['/usr/bin/cmake', '--build', '/home/jdj688/mavs_ros2/src/mavs-ros2/build/mavs-ros2', '--', '-j96', '-l96'], 'cwd': '/home/jdj688/mavs_ros2/src/mavs-ros2/build/mavs-ros2', 'env': OrderedDict([('LESSOPEN', '||/usr/bin/lesspipe.sh %s'), ('HISTFILESIZE', '0'), ('LMOD_DIR', '/apps/other/lmod/lmod/libexec'), ('USER', 'jdj688'), ('SSH_CLIENT', '130.18.14.251 60942 22'), ('__LMOD_REF_COUNT_CMAKE_PREFIX_PATH', '/apps/spack-managed/gcc-11.3.1/apptainer-1.0.2-sly2h7brp2pnfvoo2atzfjl7cjnydnic:1;/apps/spack-managed/gcc-11.3.1/go-1.18-alznydijxhxcjhrs6gv4ewrkzfpbekcp:1;/apps/spack-managed/gcc-11.3.1/git-2.38.1-y5mypep4s26jrmydtbcscxbtjm2ttk3e:1;/apps/spack-managed/gcc-11.3.1/perl-5.36.0-vu5twd3fz7fqbfo2sesaounbstcoycih:1;/apps/spack-managed/gcc-11.3.1/zlib-1.2.13-iliwgto55zekyo2bdhemxjz2bu54u2kn:1;/apps/spack-managed/gcc-11.3.1/pcre2-10.39-mzli5r4utmxlbz6lxj4kyaujoibgixwp:1'), ('HOSTNAME', 'mavs-2.hpc.msstate.edu'), ('XDG_SESSION_TYPE', 'tty'), ('LMOD_PKG', '/apps/other/lmod/lmod'), ('SHLVL', '2'), ('LD_LIBRARY_PATH', '/home/jdj688/mavs_ros2/src/mavs-ros2/install/mavs-ros2/lib:/opt/ros/humble/opt/rviz_ogre_vendor/lib:/opt/ros/humble/lib/x86_64-linux-gnu:/opt/ros/humble/lib:/lib:/usr/lib:/usr/local/lib:/.singularity.d/libs'), ('MOTD_SHOWN', 'pam'), ('HOME', '/home/jdj688'), ('__LMOD_REF_COUNT_GOPATH', '/apps/spack-managed/gcc-11.3.1/apptainer-1.0.2-sly2h7brp2pnfvoo2atzfjl7cjnydnic:1'), ('OLDPWD', '/home/jdj688/mavs_ros2/src/mavs-ros2/src'), ('SSH_TTY', '/dev/pts/9'), ('USER_PATH', '/apps/spack-managed/gcc-11.3.1/apptainer-1.0.2-sly2h7brp2pnfvoo2atzfjl7cjnydnic/bin:/apps/spack-managed/gcc-11.3.1/go-1.18-alznydijxhxcjhrs6gv4ewrkzfpbekcp/bin:/apps/spack-managed/gcc-11.3.1/git-2.38.1-y5mypep4s26jrmydtbcscxbtjm2ttk3e/bin:/apps/spack-managed/gcc-11.3.1/perl-5.36.0-vu5twd3fz7fqbfo2sesaounbstcoycih/bin:/apps/spack-managed/gcc-11.3.1/pcre2-10.39-mzli5r4utmxlbz6lxj4kyaujoibgixwp/bin:/usr/sbin:/usr/bin:/apps/sbin:/apps/bin:/home/jdj688/mavs/install/lib64:/bin:/usr/bin:/sbin:/usr/sbin:/usr/local/bin:/usr/local/sbin'), ('__LMOD_REF_COUNT_PKG_CONFIG_PATH', '/apps/spack-managed/gcc-11.3.1/zlib-1.2.13-iliwgto55zekyo2bdhemxjz2bu54u2kn/lib/pkgconfig:1;/apps/spack-managed/gcc-11.3.1/pcre2-10.39-mzli5r4utmxlbz6lxj4kyaujoibgixwp/lib/pkgconfig:1'), ('ROS_PYTHON_VERSION', '3'), ('PS1', 'Singularity>'), ('_LMFILES_', '/apps/spack-managed/modulefiles/linux-rocky9-x86_64/Core/pcre2/10.39.lua:/apps/spack-managed/modulefiles/linux-rocky9-x86_64/Core/zlib/1.2.13.lua:/apps/spack-managed/modulefiles/linux-rocky9-x86_64/Core/perl/5.36.0.lua:/apps/spack-managed/modulefiles/linux-rocky9-x86_64/Core/git/2.38.1.lua:/apps/spack-managed/modulefiles/linux-rocky9-x86_64/Core/go/1.18.lua:/apps/spack-managed/modulefiles/linux-rocky9-x86_64/Core/apptainer/1.0.2.lua'), ('DBUS_SESSION_BUS_ADDRESS', 'unix:path=/run/user/9880/bus'), ('APPTAINER_ENVIRONMENT', '/.singularity.d/env/91-environment.sh'), ('__LMOD_REF_COUNT_PATH', '/apps/spack-managed/gcc-11.3.1/apptainer-1.0.2-sly2h7brp2pnfvoo2atzfjl7cjnydnic/bin:1;/apps/spack-managed/gcc-11.3.1/go-1.18-alznydijxhxcjhrs6gv4ewrkzfpbekcp/bin:1;/apps/spack-managed/gcc-11.3.1/git-2.38.1-y5mypep4s26jrmydtbcscxbtjm2ttk3e/bin:1;/apps/spack-managed/gcc-11.3.1/perl-5.36.0-vu5twd3fz7fqbfo2sesaounbstcoycih/bin:1;/apps/spack-managed/gcc-11.3.1/pcre2-10.39-mzli5r4utmxlbz6lxj4kyaujoibgixwp/bin:1;/usr/sbin:1;/usr/bin:1;/apps/sbin:1;/apps/bin:1;/home/jdj688/mavs/install/lib64:1'), ('LMOD_sys', 'Linux'), ('LMOD_SHELL_PRGM', 'bash'), ('DEBUGINFOD_URLS', 'https://debuginfod.centos.org/'), ('which_declare', 'declare -f'), ('COLCON_PREFIX_PATH', '/home/jdj688/mavs_ros2/install:/home/jdj688/mavs_ros2/src/nature/install:/home/jdj688/mavs_ros2/src/mavs-ros2/install'), ('ROS_DISTRO', 'humble'), ('SINGULARITY_ENVIRONMENT', '/.singularity.d/env/91-environment.sh'), ('LOGNAME', 'jdj688'), ('LMOD_VERSION', '8.7.14'), ('_', '/usr/bin/colcon'), ('ROS_VERSION', '2'), ('PKG_CONFIG_PATH', '/apps/spack-managed/gcc-11.3.1/zlib-1.2.13-iliwgto55zekyo2bdhemxjz2bu54u2kn/lib/pkgconfig:/apps/spack-managed/gcc-11.3.1/pcre2-10.39-mzli5r4utmxlbz6lxj4kyaujoibgixwp/lib/pkgconfig'), ('PERL_ROOT', '/apps/spack-managed/gcc-11.3.1/perl-5.36.0-vu5twd3fz7fqbfo2sesaounbstcoycih'), ('XDG_SESSION_CLASS', 'user'), ('TERM', 'xterm-256color'), ('XDG_SESSION_ID', '925'), ('PCRE2_ROOT', '/apps/spack-managed/gcc-11.3.1/pcre2-10.39-mzli5r4utmxlbz6lxj4kyaujoibgixwp'), ('ZLIB_ROOT', '/apps/spack-managed/gcc-11.3.1/zlib-1.2.13-iliwgto55zekyo2bdhemxjz2bu54u2kn'), ('ROS_LOCALHOST_ONLY', '0'), ('HISTCONTROL', 'ignoredups'), ('PATH', '/opt/ros/humble/bin:/usr/local/sbin:/usr/local/bin:/usr/sbin:/usr/bin:/sbin:/bin'), ('APPTAINER_COMMAND', 'shell'), ('LMOD_SETTARG_FULL_SUPPORT', 'no'), ('__LMOD_REF_COUNT_LD_LIBRARY_PATH', '/apps/spack-managed/gcc-11.3.1/go-1.18-alznydijxhxcjhrs6gv4ewrkzfpbekcp/lib:1;/apps/spack-managed/gcc-11.3.1/perl-5.36.0-vu5twd3fz7fqbfo2sesaounbstcoycih/lib:1;/apps/spack-managed/gcc-11.3.1/zlib-1.2.13-iliwgto55zekyo2bdhemxjz2bu54u2kn/lib:1;/apps/spack-managed/gcc-11.3.1/pcre2-10.39-mzli5r4utmxlbz6lxj4kyaujoibgixwp/lib:1;/home/jdj688/.local/lib:1;/usr/lib64:1;/usr/lib:1;/home/jdj688/mavs/install/lib64:1'), ('XDG_RUNTIME_DIR', '/run/user/9880'), ('DISPLAY', 'localhost:12.0'), ('LMOD_SYSTEM_NAME', 'desktop-rh9.x'), ('HISTSIZE', '100'), ('APPTAINER_APPNAME', ''), ('LANG', 'en_US.UTF-8'), ('LMOD_ROOT', '/apps/other/lmod'), ('RMW_IMPLEMENTATION', 'rmw_cyclonedds_cpp'), ('AMENT_PREFIX_PATH', '/home/jdj688/mavs_ros2/src/nature/install/nature:/home/jdj688/mavs_ros2/src/mavs-ros2/install/mavs-ros2:/opt/ros/humble'), ('SHELL', '/bin/bash'), ('MODULEPATH_ROOT', '/apps/other/modulefiles'), ('GOPATH', '/apps/spack-managed/gcc-11.3.1/apptainer-1.0.2-sly2h7brp2pnfvoo2atzfjl7cjnydnic'), ('GO_ROOT', '/apps/spack-managed/gcc-11.3.1/go-1.18-alznydijxhxcjhrs6gv4ewrkzfpbekcp'), ('GIT_ROOT', '/apps/spack-managed/gcc-11.3.1/git-2.38.1-y5mypep4s26jrmydtbcscxbtjm2ttk3e'), ('APPTAINER_CONTAINER', '/scratch/cgoodin/containers/mavs-ros2-ctg.sif'), ('APPTAINER_BIND', '/home/jdj688/mavs_ros2,/cavs,/cci,/ccs,/gri,/hpc,/igbb,/ngi'), ('LMOD_CMD', '/apps/other/lmod/lmod/libexec/lmod'), ('_ModuleTable_Sz_', '6'), ('SINGULARITY_CONTAINER', '/scratch/cgoodin/containers/mavs-ros2-ctg.sif'), ('BASH_ENV', '/apps/other/lmod/lmod/init/bash'), ('SINGULARITY_BIND', '/home/jdj688/mavs_ros2,/cavs,/cci,/ccs,/gri,/hpc,/igbb,/ngi'), ('_ModuleTable001_', 'X01vZHVsZVRhYmxlXyA9IHsKTVR2ZXJzaW9uID0gMywKY19yZWJ1aWxkVGltZSA9IGZhbHNlLApjX3Nob3J0VGltZSA9IGZhbHNlLApkZXB0aFQgPSB7fSwKZmFtaWx5ID0ge30sCm1UID0gewphcHB0YWluZXIgPSB7CmZuID0gIi9hcHBzL3NwYWNrLW1hbmFnZWQvbW9kdWxlZmlsZXMvbGludXgtcm9ja3k5LXg4Nl82NC9Db3JlL2FwcHRhaW5lci8xLjAuMi5sdWEiLApmdWxsTmFtZSA9ICJhcHB0YWluZXIvMS4wLjIiLApsb2FkT3JkZXIgPSA2LApwcm9wVCA9IHt9LApzdGFja0RlcHRoID0gMCwKc3RhdHVzID0gImFjdGl2ZSIsCnVzZXJOYW1lID0gImFwcHRhaW5lciIsCndWID0gIjAwMDAwMDAwMS4wMDAwMDAwMDAuMDAwMDAwMDAyLip6ZmluYWwiLAp9LApnaXQgPSB7CmZu'), ('_ModuleTable002_', 'ID0gIi9hcHBzL3NwYWNrLW1hbmFnZWQvbW9kdWxlZmlsZXMvbGludXgtcm9ja3k5LXg4Nl82NC9Db3JlL2dpdC8yLjM4LjEubHVhIiwKZnVsbE5hbWUgPSAiZ2l0LzIuMzguMSIsCmxvYWRPcmRlciA9IDQsCnByb3BUID0ge30sCnJlZl9jb3VudCA9IDEsCnN0YWNrRGVwdGggPSAyLApzdGF0dXMgPSAiYWN0aXZlIiwKdXNlck5hbWUgPSAiZ2l0LzIuMzguMSIsCndWID0gIjAwMDAwMDAwMi4wMDAwMDAwMzguMDAwMDAwMDAxLip6ZmluYWwiLAp9LApnbyA9IHsKZm4gPSAiL2FwcHMvc3BhY2stbWFuYWdlZC9tb2R1bGVmaWxlcy9saW51eC1yb2NreTkteDg2XzY0L0NvcmUvZ28vMS4xOC5sdWEiLApmdWxsTmFtZSA9ICJnby8xLjE4IiwKbG9hZE9yZGVyID0gNSwKcHJvcFQgPSB7'), ('PWD', '/home/jdj688/mavs_ros2/src/mavs-ros2/build/mavs-ros2'), ('LOADEDMODULES', 'pcre2/10.39:zlib/1.2.13:perl/5.36.0:git/2.38.1:go/1.18:apptainer/1.0.2'), ('APPTAINER_NAME', 'mavs-ros2-ctg.sif'), ('LC_ALL', 'en_US.UTF-8'), ('SSH_CONNECTION', '130.18.14.251 60942 130.18.14.170 22'), ('_ModuleTable003_', 'fSwKcmVmX2NvdW50ID0gMSwKc3RhY2tEZXB0aCA9IDEsCnN0YXR1cyA9ICJhY3RpdmUiLAp1c2VyTmFtZSA9ICJnby8xLjE4IiwKd1YgPSAiMDAwMDAwMDAxLjAwMDAwMDAxOC4qemZpbmFsIiwKfSwKcGNyZTIgPSB7CmZuID0gIi9hcHBzL3NwYWNrLW1hbmFnZWQvbW9kdWxlZmlsZXMvbGludXgtcm9ja3k5LXg4Nl82NC9Db3JlL3BjcmUyLzEwLjM5Lmx1YSIsCmZ1bGxOYW1lID0gInBjcmUyLzEwLjM5IiwKbG9hZE9yZGVyID0gMSwKcHJvcFQgPSB7fSwKcmVmX2NvdW50ID0gMSwKc3RhY2tEZXB0aCA9IDMsCnN0YXR1cyA9ICJhY3RpdmUiLAp1c2VyTmFtZSA9ICJwY3JlMi8xMC4zOSIsCndWID0gIjAwMDAwMDAxMC4wMDAwMDAwMzkuKnpmaW5hbCIsCn0sCnBlcmwgPSB7CmZu'), ('PYTHONPATH', '/opt/ros/humble/lib/python3.10/site-packages:/opt/ros/humble/local/lib/python3.10/dist-packages'), ('_ModuleTable004_', 'ID0gIi9hcHBzL3NwYWNrLW1hbmFnZWQvbW9kdWxlZmlsZXMvbGludXgtcm9ja3k5LXg4Nl82NC9Db3JlL3BlcmwvNS4zNi4wLmx1YSIsCmZ1bGxOYW1lID0gInBlcmwvNS4zNi4wIiwKbG9hZE9yZGVyID0gMywKcHJvcFQgPSB7fSwKcmVmX2NvdW50ID0gMSwKc3RhY2tEZXB0aCA9IDMsCnN0YXR1cyA9ICJhY3RpdmUiLAp1c2VyTmFtZSA9ICJwZXJsLzUuMzYuMCIsCndWID0gIjAwMDAwMDAwNS4wMDAwMDAwMzYuKnpmaW5hbCIsCn0sCnpsaWIgPSB7CmZuID0gIi9hcHBzL3NwYWNrLW1hbmFnZWQvbW9kdWxlZmlsZXMvbGludXgtcm9ja3k5LXg4Nl82NC9Db3JlL3psaWIvMS4yLjEzLmx1YSIsCmZ1bGxOYW1lID0gInpsaWIvMS4yLjEzIiwKbG9hZE9yZGVyID0gMiwKcHJvcFQg'), ('SINGULARITY_NAME', 'mavs-ros2-ctg.sif'), ('_ModuleTable005_', 'PSB7fSwKcmVmX2NvdW50ID0gMiwKc3RhY2tEZXB0aCA9IDQsCnN0YXR1cyA9ICJhY3RpdmUiLAp1c2VyTmFtZSA9ICJ6bGliLzEuMi4xMyIsCndWID0gIjAwMDAwMDAwMS4wMDAwMDAwMDIuMDAwMDAwMDEzLip6ZmluYWwiLAp9LAp9LAptcGF0aEEgPSB7CiIvYXBwcy9zcGFjay1tYW5hZ2VkL21vZHVsZWZpbGVzL2xpbnV4LXJvY2t5OS14ODZfNjQvQ29yZSIKLCAiL2FwcHMvb3RoZXIvbW9kdWxlZmlsZXMiLCAiL2FwcHMvY29udGFpbmVycy9tb2R1bGVmaWxlcyIsICIvYXBwcy9saWNlbnNlZC9tb2R1bGVmaWxlcyIsCn0sCnN5c3RlbUJhc2VNUEFUSCA9ICIvYXBwcy9zcGFjay1tYW5hZ2VkL21vZHVsZWZpbGVzL2xpbnV4LXJvY2t5OS14ODZfNjQvQ29yZTovYXBwcy9vdGhl'), ('CONTAINERS', '/apps/containers/'), ('COLCON', '1'), ('__LMOD_REF_COUNT_MODULEPATH', '/apps/spack-managed/modulefiles/linux-rocky9-x86_64/Core:1;/apps/other/modulefiles:1;/apps/containers/modulefiles:1;/apps/licensed/modulefiles:1'), ('MANPATH', '/apps/spack-managed/gcc-11.3.1/apptainer-1.0.2-sly2h7brp2pnfvoo2atzfjl7cjnydnic/share/man:/apps/spack-managed/gcc-11.3.1/git-2.38.1-y5mypep4s26jrmydtbcscxbtjm2ttk3e/share/man:/apps/spack-managed/gcc-11.3.1/perl-5.36.0-vu5twd3fz7fqbfo2sesaounbstcoycih/man:/apps/spack-managed/gcc-11.3.1/zlib-1.2.13-iliwgto55zekyo2bdhemxjz2bu54u2kn/share/man:/apps/spack-managed/gcc-11.3.1/pcre2-10.39-mzli5r4utmxlbz6lxj4kyaujoibgixwp/share/man:/apps/other/lmod/lmod/share/man:/usr/share/man:/apps/share/man:/apps/man'), ('_ModuleTable006_', 'ci9tb2R1bGVmaWxlczovYXBwcy9jb250YWluZXJzL21vZHVsZWZpbGVzOi9hcHBzL2xpY2Vuc2VkL21vZHVsZWZpbGVzIiwKfQo='), ('__LMOD_REF_COUNT_MANPATH', '/apps/spack-managed/gcc-11.3.1/apptainer-1.0.2-sly2h7brp2pnfvoo2atzfjl7cjnydnic/share/man:1;/apps/spack-managed/gcc-11.3.1/git-2.38.1-y5mypep4s26jrmydtbcscxbtjm2ttk3e/share/man:1;/apps/spack-managed/gcc-11.3.1/perl-5.36.0-vu5twd3fz7fqbfo2sesaounbstcoycih/man:1;/apps/spack-managed/gcc-11.3.1/zlib-1.2.13-iliwgto55zekyo2bdhemxjz2bu54u2kn/share/man:1;/apps/spack-managed/gcc-11.3.1/pcre2-10.39-mzli5r4utmxlbz6lxj4kyaujoibgixwp/share/man:1;/apps/other/lmod/lmod/share/man:1;/usr/share/man:1;/apps/share/man:1;/apps/man:1'), ('MODULEPATH', '/apps/spack-managed/modulefiles/linux-rocky9-x86_64/Core:/apps/other/modulefiles:/apps/containers/modulefiles:/apps/licensed/modulefiles'), ('MODULESHOME', '/apps/other/lmod/lmod'), ('CMAKE_PREFIX_PATH', '/home/jdj688/mavs_ros2/src/nature/install/nature:/home/jdj688/mavs_ros2/src/mavs-ros2/install/mavs-ros2:/apps/spack-managed/gcc-11.3.1/apptainer-1.0.2-sly2h7brp2pnfvoo2atzfjl7cjnydnic:/apps/spack-managed/gcc-11.3.1/go-1.18-alznydijxhxcjhrs6gv4ewrkzfpbekcp:/apps/spack-managed/gcc-11.3.1/git-2.38.1-y5mypep4s26jrmydtbcscxbtjm2ttk3e:/apps/spack-managed/gcc-11.3.1/perl-5.36.0-vu5twd3fz7fqbfo2sesaounbstcoycih:/apps/spack-managed/gcc-11.3.1/zlib-1.2.13-iliwgto55zekyo2bdhemxjz2bu54u2kn:/apps/spack-managed/gcc-11.3.1/pcre2-10.39-mzli5r4utmxlbz6lxj4kyaujoibgixwp:/opt/ros/humble')]), 'shell': False}
[0.191838] (-) TimerEvent: {}
[0.292037] (-) TimerEvent: {}
[0.351613] (mavs-ros2) StdoutLine: {'line': b'[ 14%] Built target mavs-ros2\n'}
[0.392140] (-) TimerEvent: {}
[0.450343] (mavs-ros2) StdoutLine: {'line': b'[ 42%] Built target mavs_camera_node\n'}
[0.451971] (mavs-ros2) StdoutLine: {'line': b'[ 42%] Built target mavs_vehicle_node\n'}
[0.492236] (-) TimerEvent: {}
[0.562354] (mavs-ros2) StdoutLine: {'line': b'[ 57%] Built target mavs_pose_aggregator_node\n'}
[0.591721] (mavs-ros2) StdoutLine: {'line': b'[ 64%] \x1b[32mBuilding CXX object CMakeFiles/mavs_vehicle_node_scene_creator.dir/src/mavs_vehicle_node_scene_creator.cpp.o\x1b[0m\n'}
[0.592303] (-) TimerEvent: {}
[0.665277] (mavs-ros2) StdoutLine: {'line': b'[ 78%] Built target mavs_localization_node\n'}
[0.692413] (-) TimerEvent: {}
[0.772942] (mavs-ros2) StdoutLine: {'line': b'[ 92%] Built target mavs_lidar_node\n'}
[0.792491] (-) TimerEvent: {}
[0.892667] (-) TimerEvent: {}
[0.992868] (-) TimerEvent: {}
[1.093058] (-) TimerEvent: {}
[1.193210] (-) TimerEvent: {}
[1.293390] (-) TimerEvent: {}
[1.393585] (-) TimerEvent: {}
[1.493787] (-) TimerEvent: {}
[1.593981] (-) TimerEvent: {}
[1.694202] (-) TimerEvent: {}
[1.794379] (-) TimerEvent: {}
[1.894581] (-) TimerEvent: {}
[1.994854] (-) TimerEvent: {}
[2.095071] (-) TimerEvent: {}
[2.195231] (-) TimerEvent: {}
[2.295424] (-) TimerEvent: {}
[2.395624] (-) TimerEvent: {}
[2.495846] (-) TimerEvent: {}
[2.596033] (-) TimerEvent: {}
[2.696249] (-) TimerEvent: {}
[2.796450] (-) TimerEvent: {}
[2.896640] (-) TimerEvent: {}
[2.996822] (-) TimerEvent: {}
[3.097039] (-) TimerEvent: {}
[3.197215] (-) TimerEvent: {}
[3.297399] (-) TimerEvent: {}
[3.397569] (-) TimerEvent: {}
[3.497766] (-) TimerEvent: {}
[3.597957] (-) TimerEvent: {}
[3.698155] (-) TimerEvent: {}
[3.798339] (-) TimerEvent: {}
[3.898528] (-) TimerEvent: {}
[3.998727] (-) TimerEvent: {}
[4.098916] (-) TimerEvent: {}
[4.199125] (-) TimerEvent: {}
[4.299318] (-) TimerEvent: {}
[4.399499] (-) TimerEvent: {}
[4.499701] (-) TimerEvent: {}
[4.599883] (-) TimerEvent: {}
[4.700077] (-) TimerEvent: {}
[4.800371] (-) TimerEvent: {}
[4.900576] (-) TimerEvent: {}
[5.000780] (-) TimerEvent: {}
[5.100990] (-) TimerEvent: {}
[5.201204] (-) TimerEvent: {}
[5.301407] (-) TimerEvent: {}
[5.401588] (-) TimerEvent: {}
[5.501782] (-) TimerEvent: {}
[5.601998] (-) TimerEvent: {}
[5.702183] (-) TimerEvent: {}
[5.802363] (-) TimerEvent: {}
[5.902554] (-) TimerEvent: {}
[6.002737] (-) TimerEvent: {}
[6.097317] (mavs-ros2) StderrLine: {'line': b'\x1b[01m\x1b[K/home/jdj688/mavs_ros2/src/mavs-ros2/src/mavs_vehicle_node_scene_creator.cpp:\x1b[m\x1b[K In constructor \xe2\x80\x98\x1b[01m\x1b[KMavsVehicleNode::MavsVehicleNode()\x1b[m\x1b[K\xe2\x80\x99:\n'}
[6.097463] (mavs-ros2) StderrLine: {'line': b'\x1b[01m\x1b[K/home/jdj688/mavs_ros2/src/mavs-ros2/src/mavs_vehicle_node_scene_creator.cpp:27:5:\x1b[m\x1b[K \x1b[01;31m\x1b[Kerror: \x1b[m\x1b[K\xe2\x80\x98\x1b[01m\x1b[Kmode_\x1b[m\x1b[K\xe2\x80\x99 was not declared in this scope; did you mean \xe2\x80\x98\x1b[01m\x1b[Kmode_t\x1b[m\x1b[K\xe2\x80\x99?\n'}
[6.097542] (mavs-ros2) StderrLine: {'line': b'   27 |     \x1b[01;31m\x1b[Kmode_\x1b[m\x1b[K = GetStringParam("mode", "automated"); // "manual" or "automated"\n'}
[6.097611] (mavs-ros2) StderrLine: {'line': b'      |     \x1b[01;31m\x1b[K^~~~~\x1b[m\x1b[K\n'}
[6.097677] (mavs-ros2) StderrLine: {'line': b'      |     \x1b[32m\x1b[Kmode_t\x1b[m\x1b[K\n'}
[6.102802] (-) TimerEvent: {}
[6.116746] (mavs-ros2) StderrLine: {'line': b'\x1b[01m\x1b[K/home/jdj688/mavs_ros2/src/mavs-ros2/src/mavs_vehicle_node_scene_creator.cpp:28:5:\x1b[m\x1b[K \x1b[01;31m\x1b[Kerror: \x1b[m\x1b[K\xe2\x80\x98\x1b[01m\x1b[Kiterations_\x1b[m\x1b[K\xe2\x80\x99 was not declared in this scope\n'}
[6.116889] (mavs-ros2) StderrLine: {'line': b'   28 |     \x1b[01;31m\x1b[Kiterations_\x1b[m\x1b[K = GetIntParam("iterations", 100);\n'}
[6.116963] (mavs-ros2) StderrLine: {'line': b'      |     \x1b[01;31m\x1b[K^~~~~~~~~~~\x1b[m\x1b[K\n'}
[6.135213] (mavs-ros2) StderrLine: {'line': b'\x1b[01m\x1b[K/home/jdj688/mavs_ros2/src/mavs-ros2/src/mavs_vehicle_node_scene_creator.cpp:29:5:\x1b[m\x1b[K \x1b[01;31m\x1b[Kerror: \x1b[m\x1b[K\xe2\x80\x98\x1b[01m\x1b[Kditch_depth_start_\x1b[m\x1b[K\xe2\x80\x99 was not declared in this scope\n'}
[6.135514] (mavs-ros2) StderrLine: {'line': b'   29 |     \x1b[01;31m\x1b[Kditch_depth_start_\x1b[m\x1b[K = GetFloatParam("ditch_depth_start", 0.0f);\n'}
[6.135699] (mavs-ros2) StderrLine: {'line': b'      |     \x1b[01;31m\x1b[K^~~~~~~~~~~~~~~~~~\x1b[m\x1b[K\n'}
[6.150745] (mavs-ros2) StderrLine: {'line': b'\x1b[01m\x1b[K/home/jdj688/mavs_ros2/src/mavs-ros2/src/mavs_vehicle_node_scene_creator.cpp:30:5:\x1b[m\x1b[K \x1b[01;31m\x1b[Kerror: \x1b[m\x1b[K\xe2\x80\x98\x1b[01m\x1b[Kditch_width_start_\x1b[m\x1b[K\xe2\x80\x99 was not declared in this scope\n'}
[6.151033] (mavs-ros2) StderrLine: {'line': b'   30 |     \x1b[01;31m\x1b[Kditch_width_start_\x1b[m\x1b[K = GetFloatParam("ditch_width_start", 2.5f);\n'}
[6.151235] (mavs-ros2) StderrLine: {'line': b'      |     \x1b[01;31m\x1b[K^~~~~~~~~~~~~~~~~~\x1b[m\x1b[K\n'}
[6.161381] (mavs-ros2) StderrLine: {'line': b'\x1b[01m\x1b[K/home/jdj688/mavs_ros2/src/mavs-ros2/src/mavs_vehicle_node_scene_creator.cpp:31:5:\x1b[m\x1b[K \x1b[01;31m\x1b[Kerror: \x1b[m\x1b[K\xe2\x80\x98\x1b[01m\x1b[Kresults_path_\x1b[m\x1b[K\xe2\x80\x99 was not declared in this scope\n'}
[6.161659] (mavs-ros2) StderrLine: {'line': b'   31 |     \x1b[01;31m\x1b[Kresults_path_\x1b[m\x1b[K = GetStringParam("results_path", "/tmp/mavs_results");\n'}
[6.161710] (mavs-ros2) StderrLine: {'line': b'      |     \x1b[01;31m\x1b[K^~~~~~~~~~~~~\x1b[m\x1b[K\n'}
[6.194534] (mavs-ros2) StderrLine: {'line': b'\x1b[01m\x1b[K/home/jdj688/mavs_ros2/src/mavs-ros2/src/mavs_vehicle_node_scene_creator.cpp:\x1b[m\x1b[K In member function \xe2\x80\x98\x1b[01m\x1b[Kvoid MavsVehicleNode::PrepareSimulationParams()\x1b[m\x1b[K\xe2\x80\x99:\n'}
[6.194656] (mavs-ros2) StderrLine: {'line': b'\x1b[01m\x1b[K/home/jdj688/mavs_ros2/src/mavs-ros2/src/mavs_vehicle_node_scene_creator.cpp:59:5:\x1b[m\x1b[K \x1b[01;31m\x1b[Kerror: \x1b[m\x1b[K\xe2\x80\x98\x1b[01m\x1b[Kditch_depths_\x1b[m\x1b[K\xe2\x80\x99 was not declared in this scope\n'}
[6.194730] (mavs-ros2) StderrLine: {'line': b'   59 |     \x1b[01;31m\x1b[Kditch_depths_\x1b[m\x1b[K = GenerateRange(0.0f, 4.0f, 0.2f);\n'}
[6.194799] (mavs-ros2) StderrLine: {'line': b'      |     \x1b[01;31m\x1b[K^~~~~~~~~~~~~\x1b[m\x1b[K\n'}
[6.202884] (-) TimerEvent: {}
[6.208859] (mavs-ros2) StderrLine: {'line': b'\x1b[01m\x1b[K/home/jdj688/mavs_ros2/src/mavs-ros2/src/mavs_vehicle_node_scene_creator.cpp:60:5:\x1b[m\x1b[K \x1b[01;31m\x1b[Kerror: \x1b[m\x1b[K\xe2\x80\x98\x1b[01m\x1b[Ktop_widths_\x1b[m\x1b[K\xe2\x80\x99 was not declared in this scope\n'}
[6.208950] (mavs-ros2) StderrLine: {'line': b'   60 |     \x1b[01;31m\x1b[Ktop_widths_\x1b[m\x1b[K = GenerateRange(2.5f, 9.0f, 0.5f);\n'}
[6.209020] (mavs-ros2) StderrLine: {'line': b'      |     \x1b[01;31m\x1b[K^~~~~~~~~~~\x1b[m\x1b[K\n'}
[6.215184] (mavs-ros2) StderrLine: {'line': b'\x1b[01m\x1b[K/home/jdj688/mavs_ros2/src/mavs-ros2/src/mavs_vehicle_node_scene_creator.cpp:62:9:\x1b[m\x1b[K \x1b[01;31m\x1b[Kerror: \x1b[m\x1b[K\xe2\x80\x98\x1b[01m\x1b[Kmode_\x1b[m\x1b[K\xe2\x80\x99 was not declared in this scope; did you mean \xe2\x80\x98\x1b[01m\x1b[Kmode_t\x1b[m\x1b[K\xe2\x80\x99?\n'}
[6.215265] (mavs-ros2) StderrLine: {'line': b'   62 |     if (\x1b[01;31m\x1b[Kmode_\x1b[m\x1b[K == "manual") {\n'}
[6.215331] (mavs-ros2) StderrLine: {'line': b'      |         \x1b[01;31m\x1b[K^~~~~\x1b[m\x1b[K\n'}
[6.215396] (mavs-ros2) StderrLine: {'line': b'      |         \x1b[32m\x1b[Kmode_t\x1b[m\x1b[K\n'}
[6.232130] (mavs-ros2) StderrLine: {'line': b'\x1b[01m\x1b[K/home/jdj688/mavs_ros2/src/mavs-ros2/src/mavs_vehicle_node_scene_creator.cpp:64:9:\x1b[m\x1b[K \x1b[01;31m\x1b[Kerror: \x1b[m\x1b[K\xe2\x80\x98\x1b[01m\x1b[Kselected_depths_\x1b[m\x1b[K\xe2\x80\x99 was not declared in this scope\n'}
[6.232452] (mavs-ros2) StderrLine: {'line': b'   64 |         \x1b[01;31m\x1b[Kselected_depths_\x1b[m\x1b[K.clear();\n'}
[6.232639] (mavs-ros2) StderrLine: {'line': b'      |         \x1b[01;31m\x1b[K^~~~~~~~~~~~~~~~\x1b[m\x1b[K\n'}
[6.246223] (mavs-ros2) StderrLine: {'line': b'\x1b[01m\x1b[K/home/jdj688/mavs_ros2/src/mavs-ros2/src/mavs_vehicle_node_scene_creator.cpp:65:9:\x1b[m\x1b[K \x1b[01;31m\x1b[Kerror: \x1b[m\x1b[K\xe2\x80\x98\x1b[01m\x1b[Kselected_widths_\x1b[m\x1b[K\xe2\x80\x99 was not declared in this scope\n'}
[6.246521] (mavs-ros2) StderrLine: {'line': b'   65 |         \x1b[01;31m\x1b[Kselected_widths_\x1b[m\x1b[K.clear();\n'}
[6.246707] (mavs-ros2) StderrLine: {'line': b'      |         \x1b[01;31m\x1b[K^~~~~~~~~~~~~~~~\x1b[m\x1b[K\n'}
[6.261552] (mavs-ros2) StderrLine: {'line': b'\x1b[01m\x1b[K/home/jdj688/mavs_ros2/src/mavs-ros2/src/mavs_vehicle_node_scene_creator.cpp:67:22:\x1b[m\x1b[K \x1b[01;31m\x1b[Kerror: \x1b[m\x1b[K\xe2\x80\x98\x1b[01m\x1b[Kditch_depth_start_\x1b[m\x1b[K\xe2\x80\x99 was not declared in this scope\n'}
[6.261876] (mavs-ros2) StderrLine: {'line': b'   67 |             if (d >= \x1b[01;31m\x1b[Kditch_depth_start_\x1b[m\x1b[K)\n'}
[6.262065] (mavs-ros2) StderrLine: {'line': b'      |                      \x1b[01;31m\x1b[K^~~~~~~~~~~~~~~~~~\x1b[m\x1b[K\n'}
[6.284669] (mavs-ros2) StderrLine: {'line': b'\x1b[01m\x1b[K/home/jdj688/mavs_ros2/src/mavs-ros2/src/mavs_vehicle_node_scene_creator.cpp:71:22:\x1b[m\x1b[K \x1b[01;31m\x1b[Kerror: \x1b[m\x1b[K\xe2\x80\x98\x1b[01m\x1b[Kditch_width_start_\x1b[m\x1b[K\xe2\x80\x99 was not declared in this scope\n'}
[6.284790] (mavs-ros2) StderrLine: {'line': b'   71 |             if (w >= \x1b[01;31m\x1b[Kditch_width_start_\x1b[m\x1b[K)\n'}
[6.284871] (mavs-ros2) StderrLine: {'line': b'      |                      \x1b[01;31m\x1b[K^~~~~~~~~~~~~~~~~~\x1b[m\x1b[K\n'}
[6.302993] (-) TimerEvent: {}
[6.303598] (mavs-ros2) StderrLine: {'line': b'\x1b[01m\x1b[K/home/jdj688/mavs_ros2/src/mavs-ros2/src/mavs_vehicle_node_scene_creator.cpp:74:9:\x1b[m\x1b[K \x1b[01;31m\x1b[Kerror: \x1b[m\x1b[K\xe2\x80\x98\x1b[01m\x1b[Kmax_iterations_\x1b[m\x1b[K\xe2\x80\x99 was not declared in this scope\n'}
[6.303690] (mavs-ros2) StderrLine: {'line': b'   74 |         \x1b[01;31m\x1b[Kmax_iterations_\x1b[m\x1b[K = iterations_;\n'}
[6.303758] (mavs-ros2) StderrLine: {'line': b'      |         \x1b[01;31m\x1b[K^~~~~~~~~~~~~~~\x1b[m\x1b[K\n'}
[6.318106] (mavs-ros2) StderrLine: {'line': b'\x1b[01m\x1b[K/home/jdj688/mavs_ros2/src/mavs-ros2/src/mavs_vehicle_node_scene_creator.cpp:74:27:\x1b[m\x1b[K \x1b[01;31m\x1b[Kerror: \x1b[m\x1b[K\xe2\x80\x98\x1b[01m\x1b[Kiterations_\x1b[m\x1b[K\xe2\x80\x99 was not declared in this scope\n'}
[6.318193] (mavs-ros2) StderrLine: {'line': b'   74 |         max_iterations_ = \x1b[01;31m\x1b[Kiterations_\x1b[m\x1b[K;\n'}
[6.318257] (mavs-ros2) StderrLine: {'line': b'      |                           \x1b[01;31m\x1b[K^~~~~~~~~~~\x1b[m\x1b[K\n'}
[6.333803] (mavs-ros2) StderrLine: {'line': b'\x1b[01m\x1b[K/home/jdj688/mavs_ros2/src/mavs-ros2/src/mavs_vehicle_node_scene_creator.cpp:77:9:\x1b[m\x1b[K \x1b[01;31m\x1b[Kerror: \x1b[m\x1b[K\xe2\x80\x98\x1b[01m\x1b[Kselected_depths_\x1b[m\x1b[K\xe2\x80\x99 was not declared in this scope\n'}
[6.334091] (mavs-ros2) StderrLine: {'line': b'   77 |         \x1b[01;31m\x1b[Kselected_depths_\x1b[m\x1b[K = ditch_depths_;\n'}
[6.334292] (mavs-ros2) StderrLine: {'line': b'      |         \x1b[01;31m\x1b[K^~~~~~~~~~~~~~~~\x1b[m\x1b[K\n'}
[6.347720] (mavs-ros2) StderrLine: {'line': b'\x1b[01m\x1b[K/home/jdj688/mavs_ros2/src/mavs-ros2/src/mavs_vehicle_node_scene_creator.cpp:78:9:\x1b[m\x1b[K \x1b[01;31m\x1b[Kerror: \x1b[m\x1b[K\xe2\x80\x98\x1b[01m\x1b[Kselected_widths_\x1b[m\x1b[K\xe2\x80\x99 was not declared in this scope\n'}
[6.348019] (mavs-ros2) StderrLine: {'line': b'   78 |         \x1b[01;31m\x1b[Kselected_widths_\x1b[m\x1b[K = top_widths_;\n'}
[6.348224] (mavs-ros2) StderrLine: {'line': b'      |         \x1b[01;31m\x1b[K^~~~~~~~~~~~~~~~\x1b[m\x1b[K\n'}
[6.359878] (mavs-ros2) StderrLine: {'line': b'\x1b[01m\x1b[K/home/jdj688/mavs_ros2/src/mavs-ros2/src/mavs_vehicle_node_scene_creator.cpp:79:9:\x1b[m\x1b[K \x1b[01;31m\x1b[Kerror: \x1b[m\x1b[K\xe2\x80\x98\x1b[01m\x1b[Kmax_iterations_\x1b[m\x1b[K\xe2\x80\x99 was not declared in this scope\n'}
[6.360147] (mavs-ros2) StderrLine: {'line': b'   79 |         \x1b[01;31m\x1b[Kmax_iterations_\x1b[m\x1b[K = std::min(iterations_, (int)(selected_depths_.size() * selected_widths_.size()));\n'}
[6.360219] (mavs-ros2) StderrLine: {'line': b'      |         \x1b[01;31m\x1b[K^~~~~~~~~~~~~~~\x1b[m\x1b[K\n'}
[6.372328] (mavs-ros2) StderrLine: {'line': b'\x1b[01m\x1b[K/home/jdj688/mavs_ros2/src/mavs-ros2/src/mavs_vehicle_node_scene_creator.cpp:79:36:\x1b[m\x1b[K \x1b[01;31m\x1b[Kerror: \x1b[m\x1b[K\xe2\x80\x98\x1b[01m\x1b[Kiterations_\x1b[m\x1b[K\xe2\x80\x99 was not declared in this scope\n'}
[6.372558] (mavs-ros2) StderrLine: {'line': b'   79 |         max_iterations_ = std::min(\x1b[01;31m\x1b[Kiterations_\x1b[m\x1b[K, (int)(selected_depths_.size() * selected_widths_.size()));\n'}
[6.372639] (mavs-ros2) StderrLine: {'line': b'      |                                    \x1b[01;31m\x1b[K^~~~~~~~~~~\x1b[m\x1b[K\n'}
[6.396267] (mavs-ros2) StderrLine: {'line': b'\x1b[01m\x1b[K/home/jdj688/mavs_ros2/src/mavs-ros2/src/mavs_vehicle_node_scene_creator.cpp:82:5:\x1b[m\x1b[K \x1b[01;31m\x1b[Kerror: \x1b[m\x1b[K\xe2\x80\x98\x1b[01m\x1b[Kcurrent_iteration_\x1b[m\x1b[K\xe2\x80\x99 was not declared in this scope\n'}
[6.396420] (mavs-ros2) StderrLine: {'line': b'   82 |     \x1b[01;31m\x1b[Kcurrent_iteration_\x1b[m\x1b[K = 0;\n'}
[6.396491] (mavs-ros2) StderrLine: {'line': b'      |     \x1b[01;31m\x1b[K^~~~~~~~~~~~~~~~~~\x1b[m\x1b[K\n'}
[6.403091] (-) TimerEvent: {}
[6.412208] (mavs-ros2) StderrLine: {'line': b'\x1b[01m\x1b[K/home/jdj688/mavs_ros2/src/mavs-ros2/src/mavs_vehicle_node_scene_creator.cpp:83:5:\x1b[m\x1b[K \x1b[01;31m\x1b[Kerror: \x1b[m\x1b[K\xe2\x80\x98\x1b[01m\x1b[Kdepth_index_\x1b[m\x1b[K\xe2\x80\x99 was not declared in this scope\n'}
[6.412299] (mavs-ros2) StderrLine: {'line': b'   83 |     \x1b[01;31m\x1b[Kdepth_index_\x1b[m\x1b[K = 0;\n'}
[6.412367] (mavs-ros2) StderrLine: {'line': b'      |     \x1b[01;31m\x1b[K^~~~~~~~~~~~\x1b[m\x1b[K\n'}
[6.426222] (mavs-ros2) StderrLine: {'line': b'\x1b[01m\x1b[K/home/jdj688/mavs_ros2/src/mavs-ros2/src/mavs_vehicle_node_scene_creator.cpp:84:5:\x1b[m\x1b[K \x1b[01;31m\x1b[Kerror: \x1b[m\x1b[K\xe2\x80\x98\x1b[01m\x1b[Kwidth_index_\x1b[m\x1b[K\xe2\x80\x99 was not declared in this scope\n'}
[6.426338] (mavs-ros2) StderrLine: {'line': b'   84 |     \x1b[01;31m\x1b[Kwidth_index_\x1b[m\x1b[K = 0;\n'}
[6.426395] (mavs-ros2) StderrLine: {'line': b'      |     \x1b[01;31m\x1b[K^~~~~~~~~~~~\x1b[m\x1b[K\n'}
[6.441937] (mavs-ros2) StderrLine: {'line': b'\x1b[01m\x1b[K/home/jdj688/mavs_ros2/src/mavs-ros2/src/mavs_vehicle_node_scene_creator.cpp:\x1b[m\x1b[K In member function \xe2\x80\x98\x1b[01m\x1b[Kvoid MavsVehicleNode::TimerCallback()\x1b[m\x1b[K\xe2\x80\x99:\n'}
[6.442039] (mavs-ros2) StderrLine: {'line': b'\x1b[01m\x1b[K/home/jdj688/mavs_ros2/src/mavs-ros2/src/mavs_vehicle_node_scene_creator.cpp:100:9:\x1b[m\x1b[K \x1b[01;31m\x1b[Kerror: \x1b[m\x1b[K\xe2\x80\x98\x1b[01m\x1b[Kcurrent_iteration_\x1b[m\x1b[K\xe2\x80\x99 was not declared in this scope\n'}
[6.442095] (mavs-ros2) StderrLine: {'line': b'  100 |     if (\x1b[01;31m\x1b[Kcurrent_iteration_\x1b[m\x1b[K >= max_iterations_) {\n'}
[6.442143] (mavs-ros2) StderrLine: {'line': b'      |         \x1b[01;31m\x1b[K^~~~~~~~~~~~~~~~~~\x1b[m\x1b[K\n'}
[6.454109] (mavs-ros2) StderrLine: {'line': b'\x1b[01m\x1b[K/home/jdj688/mavs_ros2/src/mavs-ros2/src/mavs_vehicle_node_scene_creator.cpp:100:31:\x1b[m\x1b[K \x1b[01;31m\x1b[Kerror: \x1b[m\x1b[K\xe2\x80\x98\x1b[01m\x1b[Kmax_iterations_\x1b[m\x1b[K\xe2\x80\x99 was not declared in this scope\n'}
[6.454211] (mavs-ros2) StderrLine: {'line': b'  100 |     if (current_iteration_ >= \x1b[01;31m\x1b[Kmax_iterations_\x1b[m\x1b[K) {\n'}
[6.454266] (mavs-ros2) StderrLine: {'line': b'      |                               \x1b[01;31m\x1b[K^~~~~~~~~~~~~~~\x1b[m\x1b[K\n'}
[6.470591] (mavs-ros2) StderrLine: {'line': b'\x1b[01m\x1b[K/home/jdj688/mavs_ros2/src/mavs-ros2/src/mavs_vehicle_node_scene_creator.cpp:106:27:\x1b[m\x1b[K \x1b[01;31m\x1b[Kerror: \x1b[m\x1b[K\xe2\x80\x98\x1b[01m\x1b[Kselected_depths_\x1b[m\x1b[K\xe2\x80\x99 was not declared in this scope\n'}
[6.470719] (mavs-ros2) StderrLine: {'line': b'  106 |     float current_depth = \x1b[01;31m\x1b[Kselected_depths_\x1b[m\x1b[K[depth_index_];\n'}
[6.470816] (mavs-ros2) StderrLine: {'line': b'      |                           \x1b[01;31m\x1b[K^~~~~~~~~~~~~~~~\x1b[m\x1b[K\n'}
[6.486691] (mavs-ros2) StderrLine: {'line': b'\x1b[01m\x1b[K/home/jdj688/mavs_ros2/src/mavs-ros2/src/mavs_vehicle_node_scene_creator.cpp:106:44:\x1b[m\x1b[K \x1b[01;31m\x1b[Kerror: \x1b[m\x1b[K\xe2\x80\x98\x1b[01m\x1b[Kdepth_index_\x1b[m\x1b[K\xe2\x80\x99 was not declared in this scope\n'}
[6.486775] (mavs-ros2) StderrLine: {'line': b'  106 |     float current_depth = selected_depths_[\x1b[01;31m\x1b[Kdepth_index_\x1b[m\x1b[K];\n'}
[6.486842] (mavs-ros2) StderrLine: {'line': b'      |                                            \x1b[01;31m\x1b[K^~~~~~~~~~~~\x1b[m\x1b[K\n'}
[6.503190] (-) TimerEvent: {}
[6.508653] (mavs-ros2) StderrLine: {'line': b'\x1b[01m\x1b[K/home/jdj688/mavs_ros2/src/mavs-ros2/src/mavs_vehicle_node_scene_creator.cpp:107:27:\x1b[m\x1b[K \x1b[01;31m\x1b[Kerror: \x1b[m\x1b[K\xe2\x80\x98\x1b[01m\x1b[Kselected_widths_\x1b[m\x1b[K\xe2\x80\x99 was not declared in this scope\n'}
[6.508793] (mavs-ros2) StderrLine: {'line': b'  107 |     float current_width = \x1b[01;31m\x1b[Kselected_widths_\x1b[m\x1b[K[width_index_];\n'}
[6.508865] (mavs-ros2) StderrLine: {'line': b'      |                           \x1b[01;31m\x1b[K^~~~~~~~~~~~~~~~\x1b[m\x1b[K\n'}
[6.524036] (mavs-ros2) StderrLine: {'line': b'\x1b[01m\x1b[K/home/jdj688/mavs_ros2/src/mavs-ros2/src/mavs_vehicle_node_scene_creator.cpp:107:44:\x1b[m\x1b[K \x1b[01;31m\x1b[Kerror: \x1b[m\x1b[K\xe2\x80\x98\x1b[01m\x1b[Kwidth_index_\x1b[m\x1b[K\xe2\x80\x99 was not declared in this scope\n'}
[6.524150] (mavs-ros2) StderrLine: {'line': b'  107 |     float current_width = selected_widths_[\x1b[01;31m\x1b[Kwidth_index_\x1b[m\x1b[K];\n'}
[6.524212] (mavs-ros2) StderrLine: {'line': b'      |                                            \x1b[01;31m\x1b[K^~~~~~~~~~~~\x1b[m\x1b[K\n'}
[6.524259] (mavs-ros2) StderrLine: {'line': b'\x1b[01m\x1b[K/home/jdj688/mavs_ros2/src/mavs-ros2/src/mavs_vehicle_node_scene_creator.cpp:114:53:\x1b[m\x1b[K \x1b[01;31m\x1b[Kerror: \x1b[m\x1b[Kconversion from \xe2\x80\x98\x1b[01m\x1b[Kvoid\x1b[m\x1b[K\xe2\x80\x99 to non-scalar type \xe2\x80\x98\x1b[01m\x1b[Kstd::vector<float>\x1b[m\x1b[K\xe2\x80\x99 requested\n'}
[6.524308] (mavs-ros2) StderrLine: {'line': b'  114 |     std::vector<float> speed_history = \x1b[01;31m\x1b[KRunSimulation()\x1b[m\x1b[K;\n'}
[6.524351] (mavs-ros2) StderrLine: {'line': b'      |                                        \x1b[01;31m\x1b[K~~~~~~~~~~~~~^~\x1b[m\x1b[K\n'}
[6.524395] (mavs-ros2) StderrLine: {'line': b'\x1b[01m\x1b[K/home/jdj688/mavs_ros2/src/mavs-ros2/src/mavs_vehicle_node_scene_creator.cpp:117:15:\x1b[m\x1b[K \x1b[01;31m\x1b[Kerror: \x1b[m\x1b[Kno matching function for call to \xe2\x80\x98\x1b[01m\x1b[KMavsVehicleNode::LogResults(float&, float&, std::vector<float>&)\x1b[m\x1b[K\xe2\x80\x99\n'}
[6.524441] (mavs-ros2) StderrLine: {'line': b'  117 |     \x1b[01;31m\x1b[KLogResults(current_depth, current_width, speed_history)\x1b[m\x1b[K;\n'}
[6.524484] (mavs-ros2) StderrLine: {'line': b'      |     \x1b[01;31m\x1b[K~~~~~~~~~~^~~~~~~~~~~~~~~~~~~~~~~~~~~~~~~~~~~~~~~~~~~~~\x1b[m\x1b[K\n'}
[6.525962] (mavs-ros2) StderrLine: {'line': b'In file included from \x1b[01m\x1b[K/home/jdj688/mavs_ros2/src/mavs-ros2/src/mavs_vehicle_node_scene_creator.cpp:1\x1b[m\x1b[K:\n'}
[6.526056] (mavs-ros2) StderrLine: {'line': b'\x1b[01m\x1b[K/home/jdj688/mavs_ros2/src/mavs-ros2/include/mavs-ros2/mavs_vehicle_node_scene_creator.h:67:10:\x1b[m\x1b[K \x1b[01;36m\x1b[Knote: \x1b[m\x1b[Kcandidate: \xe2\x80\x98\x1b[01m\x1b[Kvoid MavsVehicleNode::LogResults(const std::vector<float>&)\x1b[m\x1b[K\xe2\x80\x99\n'}
[6.526113] (mavs-ros2) StderrLine: {'line': b'   67 |     void \x1b[01;36m\x1b[KLogResults\x1b[m\x1b[K(const std::vector<float>& speeds);\n'}
[6.526160] (mavs-ros2) StderrLine: {'line': b'      |          \x1b[01;36m\x1b[K^~~~~~~~~~\x1b[m\x1b[K\n'}
[6.526212] (mavs-ros2) StderrLine: {'line': b'\x1b[01m\x1b[K/home/jdj688/mavs_ros2/src/mavs-ros2/include/mavs-ros2/mavs_vehicle_node_scene_creator.h:67:10:\x1b[m\x1b[K \x1b[01;36m\x1b[Knote: \x1b[m\x1b[K  candidate expects 1 argument, 3 provided\n'}
[6.542062] (mavs-ros2) StderrLine: {'line': b'\x1b[01m\x1b[K/home/jdj688/mavs_ros2/src/mavs-ros2/src/mavs_vehicle_node_scene_creator.cpp:120:5:\x1b[m\x1b[K \x1b[01;31m\x1b[Kerror: \x1b[m\x1b[K\xe2\x80\x98\x1b[01m\x1b[Kcurrent_iteration_\x1b[m\x1b[K\xe2\x80\x99 was not declared in this scope\n'}
[6.542197] (mavs-ros2) StderrLine: {'line': b'  120 |     \x1b[01;31m\x1b[Kcurrent_iteration_\x1b[m\x1b[K++;\n'}
[6.542253] (mavs-ros2) StderrLine: {'line': b'      |     \x1b[01;31m\x1b[K^~~~~~~~~~~~~~~~~~\x1b[m\x1b[K\n'}
[6.542301] (mavs-ros2) StderrLine: {'line': b'\x1b[01m\x1b[K/home/jdj688/mavs_ros2/src/mavs-ros2/src/mavs_vehicle_node_scene_creator.cpp:\x1b[m\x1b[K In member function \xe2\x80\x98\x1b[01m\x1b[Kvoid MavsVehicleNode::SetupTerrain(float, float, float)\x1b[m\x1b[K\xe2\x80\x99:\n'}
[6.542348] (mavs-ros2) StderrLine: {'line': b'\x1b[01m\x1b[K/home/jdj688/mavs_ros2/src/mavs-ros2/src/mavs_vehicle_node_scene_creator.cpp:134:13:\x1b[m\x1b[K \x1b[01;31m\x1b[Kerror: \x1b[m\x1b[K\xe2\x80\x98\x1b[01m\x1b[Kclass mavs::terraingen::TerrainCreator\x1b[m\x1b[K\xe2\x80\x99 has no member named \xe2\x80\x98\x1b[01m\x1b[KAddTrapezoidalFeature\x1b[m\x1b[K\xe2\x80\x99\n'}
[6.542395] (mavs-ros2) StderrLine: {'line': b'  134 |     terrain.\x1b[01;31m\x1b[KAddTrapezoidalFeature\x1b[m\x1b[K(top_width, base_width, depth, 20.0f);\n'}
[6.542439] (mavs-ros2) StderrLine: {'line': b'      |             \x1b[01;31m\x1b[K^~~~~~~~~~~~~~~~~~~~~\x1b[m\x1b[K\n'}
[6.544484] (mavs-ros2) StderrLine: {'line': b'\x1b[01m\x1b[K/home/jdj688/mavs_ros2/src/mavs-ros2/src/mavs_vehicle_node_scene_creator.cpp:\x1b[m\x1b[K At global scope:\n'}
[6.544577] (mavs-ros2) StderrLine: {'line': b'\x1b[01m\x1b[K/home/jdj688/mavs_ros2/src/mavs-ros2/src/mavs_vehicle_node_scene_creator.cpp:159:20:\x1b[m\x1b[K \x1b[01;31m\x1b[Kerror: \x1b[m\x1b[Kno declaration matches \xe2\x80\x98\x1b[01m\x1b[Kstd::vector<float> MavsVehicleNode::RunSimulation()\x1b[m\x1b[K\xe2\x80\x99\n'}
[6.544633] (mavs-ros2) StderrLine: {'line': b'  159 | std::vector<float> \x1b[01;31m\x1b[KMavsVehicleNode\x1b[m\x1b[K::RunSimulation()\n'}
[6.544686] (mavs-ros2) StderrLine: {'line': b'      |                    \x1b[01;31m\x1b[K^~~~~~~~~~~~~~~\x1b[m\x1b[K\n'}
[6.544730] (mavs-ros2) StderrLine: {'line': b'In file included from \x1b[01m\x1b[K/home/jdj688/mavs_ros2/src/mavs-ros2/src/mavs_vehicle_node_scene_creator.cpp:1\x1b[m\x1b[K:\n'}
[6.544775] (mavs-ros2) StderrLine: {'line': b'\x1b[01m\x1b[K/home/jdj688/mavs_ros2/src/mavs-ros2/include/mavs-ros2/mavs_vehicle_node_scene_creator.h:66:10:\x1b[m\x1b[K \x1b[01;36m\x1b[Knote: \x1b[m\x1b[Kcandidate is: \xe2\x80\x98\x1b[01m\x1b[Kvoid MavsVehicleNode::RunSimulation()\x1b[m\x1b[K\xe2\x80\x99\n'}
[6.544823] (mavs-ros2) StderrLine: {'line': b'   66 |     void \x1b[01;36m\x1b[KRunSimulation\x1b[m\x1b[K();\n'}
[6.544867] (mavs-ros2) StderrLine: {'line': b'      |          \x1b[01;36m\x1b[K^~~~~~~~~~~~~\x1b[m\x1b[K\n'}
[6.544909] (mavs-ros2) StderrLine: {'line': b'\x1b[01m\x1b[K/home/jdj688/mavs_ros2/src/mavs-ros2/include/mavs-ros2/mavs_vehicle_node_scene_creator.h:25:7:\x1b[m\x1b[K \x1b[01;36m\x1b[Knote: \x1b[m\x1b[K\xe2\x80\x98\x1b[01m\x1b[Kclass MavsVehicleNode\x1b[m\x1b[K\xe2\x80\x99 defined here\n'}
[6.544953] (mavs-ros2) StderrLine: {'line': b'   25 | class \x1b[01;36m\x1b[KMavsVehicleNode\x1b[m\x1b[K : public MavsNode\n'}
[6.544995] (mavs-ros2) StderrLine: {'line': b'      |       \x1b[01;36m\x1b[K^~~~~~~~~~~~~~~\x1b[m\x1b[K\n'}
[6.545037] (mavs-ros2) StderrLine: {'line': b'\x1b[01m\x1b[K/home/jdj688/mavs_ros2/src/mavs-ros2/src/mavs_vehicle_node_scene_creator.cpp:201:6:\x1b[m\x1b[K \x1b[01;31m\x1b[Kerror: \x1b[m\x1b[Kno declaration matches \xe2\x80\x98\x1b[01m\x1b[Kvoid MavsVehicleNode::LogResults(float, float, const std::vector<float>&)\x1b[m\x1b[K\xe2\x80\x99\n'}
[6.545081] (mavs-ros2) StderrLine: {'line': b'  201 | void \x1b[01;31m\x1b[KMavsVehicleNode\x1b[m\x1b[K::LogResults(float ditch_depth, float ditch_width, const std::vector<float>& speeds)\n'}
[6.545128] (mavs-ros2) StderrLine: {'line': b'      |      \x1b[01;31m\x1b[K^~~~~~~~~~~~~~~\x1b[m\x1b[K\n'}
[6.545170] (mavs-ros2) StderrLine: {'line': b'In file included from \x1b[01m\x1b[K/home/jdj688/mavs_ros2/src/mavs-ros2/src/mavs_vehicle_node_scene_creator.cpp:1\x1b[m\x1b[K:\n'}
[6.545219] (mavs-ros2) StderrLine: {'line': b'\x1b[01m\x1b[K/home/jdj688/mavs_ros2/src/mavs-ros2/include/mavs-ros2/mavs_vehicle_node_scene_creator.h:67:10:\x1b[m\x1b[K \x1b[01;36m\x1b[Knote: \x1b[m\x1b[Kcandidate is: \xe2\x80\x98\x1b[01m\x1b[Kvoid MavsVehicleNode::LogResults(const std::vector<float>&)\x1b[m\x1b[K\xe2\x80\x99\n'}
[6.545263] (mavs-ros2) StderrLine: {'line': b'   67 |     void \x1b[01;36m\x1b[KLogResults\x1b[m\x1b[K(const std::vector<float>& speeds);\n'}
[6.545305] (mavs-ros2) StderrLine: {'line': b'      |          \x1b[01;36m\x1b[K^~~~~~~~~~\x1b[m\x1b[K\n'}
[6.545347] (mavs-ros2) StderrLine: {'line': b'\x1b[01m\x1b[K/home/jdj688/mavs_ros2/src/mavs-ros2/include/mavs-ros2/mavs_vehicle_node_scene_creator.h:25:7:\x1b[m\x1b[K \x1b[01;36m\x1b[Knote: \x1b[m\x1b[K\xe2\x80\x98\x1b[01m\x1b[Kclass MavsVehicleNode\x1b[m\x1b[K\xe2\x80\x99 defined here\n'}
[6.545390] (mavs-ros2) StderrLine: {'line': b'   25 | class \x1b[01;36m\x1b[KMavsVehicleNode\x1b[m\x1b[K : public MavsNode\n'}
[6.545432] (mavs-ros2) StderrLine: {'line': b'      |       \x1b[01;36m\x1b[K^~~~~~~~~~~~~~~\x1b[m\x1b[K\n'}
[6.603312] (-) TimerEvent: {}
[6.703619] (-) TimerEvent: {}
[6.803950] (-) TimerEvent: {}
[6.904265] (-) TimerEvent: {}
[7.004643] (-) TimerEvent: {}
[7.104996] (-) TimerEvent: {}
[7.205347] (-) TimerEvent: {}
[7.305695] (-) TimerEvent: {}
[7.406076] (-) TimerEvent: {}
[7.506422] (-) TimerEvent: {}
[7.606783] (-) TimerEvent: {}
[7.707151] (-) TimerEvent: {}
[7.807514] (-) TimerEvent: {}
[7.907874] (-) TimerEvent: {}
[8.008251] (-) TimerEvent: {}
[8.108651] (-) TimerEvent: {}
[8.209012] (-) TimerEvent: {}
[8.309401] (-) TimerEvent: {}
[8.409767] (-) TimerEvent: {}
[8.510124] (-) TimerEvent: {}
[8.610507] (-) TimerEvent: {}
[8.710982] (-) TimerEvent: {}
[8.811466] (-) TimerEvent: {}
[8.911949] (-) TimerEvent: {}
[9.012405] (-) TimerEvent: {}
[9.112861] (-) TimerEvent: {}
[9.213336] (-) TimerEvent: {}
[9.313819] (-) TimerEvent: {}
[9.414254] (-) TimerEvent: {}
[9.514692] (-) TimerEvent: {}
[9.615124] (-) TimerEvent: {}
[9.715569] (-) TimerEvent: {}
[9.816018] (-) TimerEvent: {}
[9.916461] (-) TimerEvent: {}
[10.016895] (-) TimerEvent: {}
[10.117251] (-) TimerEvent: {}
[10.217673] (-) TimerEvent: {}
[10.318056] (-) TimerEvent: {}
[10.418472] (-) TimerEvent: {}
[10.518862] (-) TimerEvent: {}
[10.619308] (-) TimerEvent: {}
[10.719740] (-) TimerEvent: {}
[10.820187] (-) TimerEvent: {}
[10.920623] (-) TimerEvent: {}
[11.021058] (-) TimerEvent: {}
[11.121497] (-) TimerEvent: {}
[11.221850] (-) TimerEvent: {}
[11.322157] (-) TimerEvent: {}
[11.422462] (-) TimerEvent: {}
[11.522759] (-) TimerEvent: {}
[11.623061] (-) TimerEvent: {}
[11.723505] (-) TimerEvent: {}
[11.823898] (-) TimerEvent: {}
[11.924271] (-) TimerEvent: {}
[12.024644] (-) TimerEvent: {}
[12.125009] (-) TimerEvent: {}
[12.225378] (-) TimerEvent: {}
[12.325742] (-) TimerEvent: {}
[12.426141] (-) TimerEvent: {}
[12.526531] (-) TimerEvent: {}
[12.626839] (-) TimerEvent: {}
[12.727210] (-) TimerEvent: {}
[12.827578] (-) TimerEvent: {}
[12.927859] (-) TimerEvent: {}
[13.028198] (-) TimerEvent: {}
[13.128563] (-) TimerEvent: {}
[13.228931] (-) TimerEvent: {}
[13.329302] (-) TimerEvent: {}
[13.429673] (-) TimerEvent: {}
[13.473478] (mavs-ros2) StderrLine: {'line': b'gmake[2]: *** [CMakeFiles/mavs_vehicle_node_scene_creator.dir/build.make:79: CMakeFiles/mavs_vehicle_node_scene_creator.dir/src/mavs_vehicle_node_scene_creator.cpp.o] Error 1\n'}
[13.473942] (mavs-ros2) StderrLine: {'line': b'gmake[1]: *** [CMakeFiles/Makefile2:363: CMakeFiles/mavs_vehicle_node_scene_creator.dir/all] Error 2\n'}
[13.474229] (mavs-ros2) StderrLine: {'line': b'gmake: *** [Makefile:146: all] Error 2\n'}
[13.476660] (mavs-ros2) CommandEnded: {'returncode': 2}
[13.529736] (-) TimerEvent: {}
[13.617024] (mavs-ros2) JobEnded: {'identifier': 'mavs-ros2', 'rc': 2}
[13.638286] (-) TimerEvent: {}
[13.638477] (-) EventReactorShutdown: {}
