[0.124s] DEBUG:colcon:Command line arguments: ['/usr/bin/colcon', 'build']
[0.124s] DEBUG:colcon:Parsed command line arguments: Namespace(log_base=None, log_level=None, verb_name='build', build_base='build', install_base='install', merge_install=False, symlink_install=False, test_result_base=None, continue_on_error=False, executor='parallel', parallel_workers=96, event_handlers=None, ignore_user_meta=False, metas=['./colcon.meta'], base_paths=['.'], packages_ignore=None, packages_ignore_regex=None, paths=None, packages_up_to=None, packages_up_to_regex=None, packages_above=None, packages_above_and_dependencies=None, packages_above_depth=None, packages_select_by_dep=None, packages_skip_by_dep=None, packages_skip_up_to=None, packages_select_build_failed=False, packages_skip_build_finished=False, packages_select_test_failures=False, packages_skip_test_passed=False, packages_select=None, packages_skip=None, packages_select_regex=None, packages_skip_regex=None, packages_start=None, packages_end=None, cmake_args=None, cmake_target=None, cmake_target_skip_unavailable=False, cmake_clean_cache=False, cmake_clean_first=False, cmake_force_configure=False, ament_cmake_args=None, catkin_cmake_args=None, catkin_skip_building_tests=False, verb_parser=<colcon_defaults.argument_parser.defaults.DefaultArgumentsDecorator object at 0x7f9ab5fc3250>, verb_extension=<colcon_core.verb.build.BuildVerb object at 0x7f9ab60f4670>, main=<bound method BuildVerb.main of <colcon_core.verb.build.BuildVerb object at 0x7f9ab60f4670>>)
[0.318s] Level 1:colcon.colcon_core.package_discovery:discover_packages(colcon_meta) check parameters
[0.318s] Level 1:colcon.colcon_core.package_discovery:discover_packages(recursive) check parameters
[0.319s] Level 1:colcon.colcon_core.package_discovery:discover_packages(ignore) check parameters
[0.319s] Level 1:colcon.colcon_core.package_discovery:discover_packages(path) check parameters
[0.319s] Level 1:colcon.colcon_core.package_discovery:discover_packages(colcon_meta) discover
[0.319s] Level 1:colcon.colcon_core.package_discovery:discover_packages(recursive) discover
[0.319s] INFO:colcon.colcon_core.package_discovery:Crawling recursively for packages in '/home/jdj688/mavs_ros2/src/mavs-ros2'
[0.319s] Level 1:colcon.colcon_core.package_identification:_identify(.) by extensions ['ignore', 'ignore_ament_install']
[0.320s] Level 1:colcon.colcon_core.package_identification:_identify(.) by extension 'ignore'
[0.320s] Level 1:colcon.colcon_core.package_identification:_identify(.) by extension 'ignore_ament_install'
[0.320s] Level 1:colcon.colcon_core.package_identification:_identify(.) by extensions ['colcon_pkg']
[0.320s] Level 1:colcon.colcon_core.package_identification:_identify(.) by extension 'colcon_pkg'
[0.320s] Level 1:colcon.colcon_core.package_identification:_identify(.) by extensions ['colcon_meta']
[0.320s] Level 1:colcon.colcon_core.package_identification:_identify(.) by extension 'colcon_meta'
[0.320s] Level 1:colcon.colcon_core.package_identification:_identify(.) by extensions ['ros']
[0.320s] Level 1:colcon.colcon_core.package_identification:_identify(.) by extension 'ros'
[0.336s] DEBUG:colcon.colcon_core.package_identification:Package '.' with type 'ros.ament_cmake' and name 'mavs-ros2'
[0.336s] Level 1:colcon.colcon_core.package_discovery:discover_packages(recursive) using defaults
[0.336s] Level 1:colcon.colcon_core.package_discovery:discover_packages(ignore) discover
[0.336s] Level 1:colcon.colcon_core.package_discovery:discover_packages(ignore) using defaults
[0.336s] Level 1:colcon.colcon_core.package_discovery:discover_packages(path) discover
[0.336s] Level 1:colcon.colcon_core.package_discovery:discover_packages(path) using defaults
[0.360s] Level 5:colcon.colcon_core.verb:set package 'mavs-ros2' build argument 'cmake_args' from command line to 'None'
[0.360s] Level 5:colcon.colcon_core.verb:set package 'mavs-ros2' build argument 'cmake_target' from command line to 'None'
[0.360s] Level 5:colcon.colcon_core.verb:set package 'mavs-ros2' build argument 'cmake_target_skip_unavailable' from command line to 'False'
[0.360s] Level 5:colcon.colcon_core.verb:set package 'mavs-ros2' build argument 'cmake_clean_cache' from command line to 'False'
[0.360s] Level 5:colcon.colcon_core.verb:set package 'mavs-ros2' build argument 'cmake_clean_first' from command line to 'False'
[0.360s] Level 5:colcon.colcon_core.verb:set package 'mavs-ros2' build argument 'cmake_force_configure' from command line to 'False'
[0.360s] Level 5:colcon.colcon_core.verb:set package 'mavs-ros2' build argument 'ament_cmake_args' from command line to 'None'
[0.360s] Level 5:colcon.colcon_core.verb:set package 'mavs-ros2' build argument 'catkin_cmake_args' from command line to 'None'
[0.360s] Level 5:colcon.colcon_core.verb:set package 'mavs-ros2' build argument 'catkin_skip_building_tests' from command line to 'False'
[0.360s] DEBUG:colcon.colcon_core.verb:Building package 'mavs-ros2' with the following arguments: {'ament_cmake_args': None, 'build_base': '/home/jdj688/mavs_ros2/src/mavs-ros2/build/mavs-ros2', 'catkin_cmake_args': None, 'catkin_skip_building_tests': False, 'cmake_args': None, 'cmake_clean_cache': False, 'cmake_clean_first': False, 'cmake_force_configure': False, 'cmake_target': None, 'cmake_target_skip_unavailable': False, 'install_base': '/home/jdj688/mavs_ros2/src/mavs-ros2/install/mavs-ros2', 'merge_install': False, 'path': '/home/jdj688/mavs_ros2/src/mavs-ros2', 'symlink_install': False, 'test_result_base': None}
[0.361s] INFO:colcon.colcon_core.executor:Executing jobs using 'parallel' executor
[0.362s] DEBUG:colcon.colcon_parallel_executor.executor.parallel:run_until_complete
[0.362s] INFO:colcon.colcon_ros.task.ament_cmake.build:Building ROS package in '/home/jdj688/mavs_ros2/src/mavs-ros2' with build type 'ament_cmake'
[0.362s] INFO:colcon.colcon_cmake.task.cmake.build:Building CMake package in '/home/jdj688/mavs_ros2/src/mavs-ros2'
[0.364s] INFO:colcon.colcon_core.plugin_system:Skipping extension 'colcon_core.shell.bat': Not used on non-Windows systems
[0.364s] INFO:colcon.colcon_core.shell:Skip shell extension 'powershell' for command environment: Not usable outside of PowerShell
[0.364s] DEBUG:colcon.colcon_core.shell:Skip shell extension 'dsv' for command environment
[0.377s] WARNING:colcon.colcon_ros.prefix_path.catkin:The path '/apps/spack-managed/gcc-11.3.1/apptainer-1.0.2-sly2h7brp2pnfvoo2atzfjl7cjnydnic' in the environment variable CMAKE_PREFIX_PATH doesn't exist
[0.377s] WARNING:colcon.colcon_ros.prefix_path.catkin:The path '/apps/spack-managed/gcc-11.3.1/go-1.18-alznydijxhxcjhrs6gv4ewrkzfpbekcp' in the environment variable CMAKE_PREFIX_PATH doesn't exist
[0.377s] WARNING:colcon.colcon_ros.prefix_path.catkin:The path '/apps/spack-managed/gcc-11.3.1/git-2.38.1-y5mypep4s26jrmydtbcscxbtjm2ttk3e' in the environment variable CMAKE_PREFIX_PATH doesn't exist
[0.377s] WARNING:colcon.colcon_ros.prefix_path.catkin:The path '/apps/spack-managed/gcc-11.3.1/perl-5.36.0-vu5twd3fz7fqbfo2sesaounbstcoycih' in the environment variable CMAKE_PREFIX_PATH doesn't exist
[0.377s] WARNING:colcon.colcon_ros.prefix_path.catkin:The path '/apps/spack-managed/gcc-11.3.1/zlib-1.2.13-iliwgto55zekyo2bdhemxjz2bu54u2kn' in the environment variable CMAKE_PREFIX_PATH doesn't exist
[0.377s] WARNING:colcon.colcon_ros.prefix_path.catkin:The path '/apps/spack-managed/gcc-11.3.1/pcre2-10.39-mzli5r4utmxlbz6lxj4kyaujoibgixwp' in the environment variable CMAKE_PREFIX_PATH doesn't exist
[0.506s] DEBUG:colcon.colcon_core.event_handler.log_command:Invoking command in '/home/jdj688/mavs_ros2/src/mavs-ros2/build/mavs-ros2': CMAKE_PREFIX_PATH=${CMAKE_PREFIX_PATH}:/opt/ros/humble DEBUGINFOD_URLS=https://debuginfod.centos.org/ PS1=Singularity> /usr/bin/cmake --build /home/jdj688/mavs_ros2/src/mavs-ros2/build/mavs-ros2 -- -j96 -l96
[13.847s] DEBUG:colcon.colcon_core.event_handler.log_command:Invoked command in '/home/jdj688/mavs_ros2/src/mavs-ros2/build/mavs-ros2' returned '2': CMAKE_PREFIX_PATH=${CMAKE_PREFIX_PATH}:/opt/ros/humble DEBUGINFOD_URLS=https://debuginfod.centos.org/ PS1=Singularity> /usr/bin/cmake --build /home/jdj688/mavs_ros2/src/mavs-ros2/build/mavs-ros2 -- -j96 -l96
[13.858s] Level 1:colcon.colcon_core.environment:create_environment_scripts_only(mavs-ros2)
[13.861s] Level 1:colcon.colcon_core.environment:checking '/home/jdj688/mavs_ros2/src/mavs-ros2/install/mavs-ros2' for CMake module files
[13.878s] Level 1:colcon.colcon_core.environment:checking '/home/jdj688/mavs_ros2/src/mavs-ros2/install/mavs-ros2' for CMake config files
[13.890s] Level 1:colcon.colcon_core.shell:create_environment_hook('mavs-ros2', 'cmake_prefix_path')
[13.891s] INFO:colcon.colcon_core.shell:Creating environment hook '/home/jdj688/mavs_ros2/src/mavs-ros2/install/mavs-ros2/share/mavs-ros2/hook/cmake_prefix_path.ps1'
[13.900s] INFO:colcon.colcon_core.shell:Creating environment descriptor '/home/jdj688/mavs_ros2/src/mavs-ros2/install/mavs-ros2/share/mavs-ros2/hook/cmake_prefix_path.dsv'
[13.911s] INFO:colcon.colcon_core.shell:Creating environment hook '/home/jdj688/mavs_ros2/src/mavs-ros2/install/mavs-ros2/share/mavs-ros2/hook/cmake_prefix_path.sh'
[13.922s] Level 1:colcon.colcon_core.environment:checking '/home/jdj688/mavs_ros2/src/mavs-ros2/install/mavs-ros2/lib'
[13.923s] Level 1:colcon.colcon_core.environment:checking '/home/jdj688/mavs_ros2/src/mavs-ros2/install/mavs-ros2/bin'
[13.923s] Level 1:colcon.colcon_core.environment:checking '/home/jdj688/mavs_ros2/src/mavs-ros2/install/mavs-ros2/lib/pkgconfig/mavs-ros2.pc'
[13.925s] Level 1:colcon.colcon_core.environment:checking '/home/jdj688/mavs_ros2/src/mavs-ros2/install/mavs-ros2/lib/python3.10/site-packages'
[13.926s] Level 1:colcon.colcon_core.environment:checking '/home/jdj688/mavs_ros2/src/mavs-ros2/install/mavs-ros2/bin'
[13.926s] INFO:colcon.colcon_core.shell:Creating package script '/home/jdj688/mavs_ros2/src/mavs-ros2/install/mavs-ros2/share/mavs-ros2/package.ps1'
[13.935s] INFO:colcon.colcon_core.shell:Creating package descriptor '/home/jdj688/mavs_ros2/src/mavs-ros2/install/mavs-ros2/share/mavs-ros2/package.dsv'
[13.950s] INFO:colcon.colcon_core.shell:Creating package script '/home/jdj688/mavs_ros2/src/mavs-ros2/install/mavs-ros2/share/mavs-ros2/package.sh'
[13.967s] INFO:colcon.colcon_core.shell:Creating package script '/home/jdj688/mavs_ros2/src/mavs-ros2/install/mavs-ros2/share/mavs-ros2/package.bash'
[13.976s] INFO:colcon.colcon_core.shell:Creating package script '/home/jdj688/mavs_ros2/src/mavs-ros2/install/mavs-ros2/share/mavs-ros2/package.zsh'
[13.983s] Level 1:colcon.colcon_core.environment:create_file_with_runtime_dependencies(/home/jdj688/mavs_ros2/src/mavs-ros2/install/mavs-ros2/share/colcon-core/packages/mavs-ros2)
[13.997s] DEBUG:colcon.colcon_parallel_executor.executor.parallel:closing loop
[13.997s] DEBUG:colcon.colcon_parallel_executor.executor.parallel:loop closed
[13.997s] DEBUG:colcon.colcon_parallel_executor.executor.parallel:run_until_complete finished with '2'
[13.997s] DEBUG:colcon.colcon_core.event_reactor:joining thread
[14.027s] INFO:colcon.colcon_core.plugin_system:Skipping extension 'colcon_notification.desktop_notification.notify_send': Could not find 'notify-send'
[14.027s] INFO:colcon.colcon_core.plugin_system:Skipping extension 'colcon_notification.desktop_notification.terminal_notifier': Not used on non-Darwin systems
[14.027s] INFO:colcon.colcon_core.plugin_system:Skipping extension 'colcon_notification.desktop_notification.win32': Not used on non-Windows systems
[14.027s] INFO:colcon.colcon_notification.desktop_notification:Sending desktop notification using 'notify2'
[14.027s] DEBUG:colcon.colcon_notification.desktop_notification.notify2:Failed to initialize notify2: org.freedesktop.DBus.Error.FileNotFound: Failed to connect to socket /run/user/9880/bus: No such file or directory
[14.027s] DEBUG:colcon.colcon_core.event_reactor:joined thread
[14.028s] INFO:colcon.colcon_core.shell:Creating prefix script '/home/jdj688/mavs_ros2/src/mavs-ros2/install/local_setup.ps1'
[14.040s] INFO:colcon.colcon_core.shell:Creating prefix util module '/home/jdj688/mavs_ros2/src/mavs-ros2/install/_local_setup_util_ps1.py'
[14.050s] INFO:colcon.colcon_core.shell:Creating prefix chain script '/home/jdj688/mavs_ros2/src/mavs-ros2/install/setup.ps1'
[14.073s] INFO:colcon.colcon_core.shell:Creating prefix script '/home/jdj688/mavs_ros2/src/mavs-ros2/install/local_setup.sh'
[14.082s] INFO:colcon.colcon_core.shell:Creating prefix util module '/home/jdj688/mavs_ros2/src/mavs-ros2/install/_local_setup_util_sh.py'
[14.090s] INFO:colcon.colcon_core.shell:Creating prefix chain script '/home/jdj688/mavs_ros2/src/mavs-ros2/install/setup.sh'
[14.105s] INFO:colcon.colcon_core.shell:Creating prefix script '/home/jdj688/mavs_ros2/src/mavs-ros2/install/local_setup.bash'
[14.114s] INFO:colcon.colcon_core.shell:Creating prefix chain script '/home/jdj688/mavs_ros2/src/mavs-ros2/install/setup.bash'
[14.132s] INFO:colcon.colcon_core.shell:Creating prefix script '/home/jdj688/mavs_ros2/src/mavs-ros2/install/local_setup.zsh'
[14.141s] INFO:colcon.colcon_core.shell:Creating prefix chain script '/home/jdj688/mavs_ros2/src/mavs-ros2/install/setup.zsh'
