[0.128s] Invoking command in '/home/jdj688/mavs_ros2/src/mavs-ros2/build/mavs-ros2': CMAKE_PREFIX_PATH=${CMAKE_PREFIX_PATH}:/opt/ros/humble DEBUGINFOD_URLS=https://debuginfod.centos.org/ PS1=Singularity> /usr/bin/cmake --build /home/jdj688/mavs_ros2/src/mavs-ros2/build/mavs-ros2 -- -j96 -l96
[0.273s] [0mCMake Deprecation Warning at CMakeLists.txt:1 (cmake_minimum_required):
[0.273s]   Compatibility with CMake < 3.10 will be removed from a future version of
[0.273s]   CMake.
[0.273s] 
[0.273s]   Update the VERSION argument <min> value.  Or, use the <min>...<max> syntax
[0.273s]   to tell CMake that the project requires at least <min> but has been updated
[0.273s]   to work with policies introduced by <max> or earlier.
[0.273s] 
[0.273s] [0m
[0.307s] -- Found ament_cmake: 1.3.12 (/opt/ros/humble/share/ament_cmake/cmake)
[0.630s] -- Found OpenMP_C: -fopenmp (found version "4.5")
[0.630s] -- Found OpenMP_CXX: -fopenmp (found version "4.5")
[0.889s] -- Found rclcpp: 16.0.14 (/opt/ros/humble/share/rclcpp/cmake)
[0.941s] -- Found rosidl_generator_c: 3.1.7 (/opt/ros/humble/share/rosidl_generator_c/cmake)
[0.946s] -- Found rosidl_adapter: 3.1.7 (/opt/ros/humble/share/rosidl_adapter/cmake)
[0.955s] -- Found rosidl_generator_cpp: 3.1.7 (/opt/ros/humble/share/rosidl_generator_cpp/cmake)
[0.970s] -- Using all available rosidl_typesupport_c: rosidl_typesupport_fastrtps_c;rosidl_typesupport_introspection_c
[0.990s] -- Using all available rosidl_typesupport_cpp: rosidl_typesupport_fastrtps_cpp;rosidl_typesupport_introspection_cpp
[1.056s] -- Found rmw_implementation_cmake: 6.1.2 (/opt/ros/humble/share/rmw_implementation_cmake/cmake)
[1.059s] -- Found rmw_cyclonedds_cpp: 1.3.4 (/opt/ros/humble/share/rmw_cyclonedds_cpp/cmake)
[1.091s] -- Using RMW implementation 'rmw_cyclonedds_cpp' as default
[1.177s] -- Found geometry_msgs: 4.9.0 (/opt/ros/humble/share/geometry_msgs/cmake)
[1.202s] -- Found sensor_msgs: 4.9.0 (/opt/ros/humble/share/sensor_msgs/cmake)
[1.235s] -- Found nav_msgs: 4.9.0 (/opt/ros/humble/share/nav_msgs/cmake)
[1.259s] -- Found tf2: 0.25.15 (/opt/ros/humble/share/tf2/cmake)
[1.266s] -- Found tf2_ros: 0.25.15 (/opt/ros/humble/share/tf2_ros/cmake)
[1.424s] -- Found visualization_msgs: 4.9.0 (/opt/ros/humble/share/visualization_msgs/cmake)
[1.452s] -- Found tf2_geometry_msgs: 0.25.15 (/opt/ros/humble/share/tf2_geometry_msgs/cmake)
[1.462s] -- Found eigen3_cmake_module: 0.1.1 (/opt/ros/humble/share/eigen3_cmake_module/cmake)
[1.463s] -- Ensuring Eigen3 include directory is part of orocos-kdl CMake target
[1.651s] -- Found OpenMP_C: -fopenmp (found version "4.5")
[1.651s] -- Found OpenMP_CXX: -fopenmp (found version "4.5")
[2.043s] -- Configuring done (1.9s)
[3.318s] -- Generating done (1.2s)
[3.545s] -- Build files have been written to: /home/jdj688/mavs_ros2/src/mavs-ros2/build/mavs-ros2
[3.721s] [ 14%] Built target mavs-ros2
[3.824s] [ 21%] [32mBuilding CXX object CMakeFiles/mavs_vehicle_node_scene_creator.dir/src/mavs_vehicle_node_scene_creator.cpp.o[0m
[3.908s] [ 64%] Built target mavs_vehicle_node
[3.928s] [ 92%] Built target mavs_lidar_node
[3.928s] [ 92%] Built target mavs_localization_node
[3.928s] [ 92%] Built target mavs_camera_node
[3.929s] [ 92%] Built target mavs_pose_aggregator_node
[4.735s] [01m[K/home/jdj688/mavs_ros2/src/mavs-ros2/src/mavs_vehicle_node_scene_creator.cpp:6:10:[m[K [01;31m[Kfatal error: [m[Knlohmann/json.hpp: No such file or directory
[4.735s]     6 | #include [01;31m[K<nlohmann/json.hpp>[m[K  // For JSON output (make sure you have this library)
[4.735s]       |          [01;31m[K^~~~~~~~~~~~~~~~~~~[m[K
[4.736s] compilation terminated.
[4.741s] gmake[2]: *** [CMakeFiles/mavs_vehicle_node_scene_creator.dir/build.make:79: CMakeFiles/mavs_vehicle_node_scene_creator.dir/src/mavs_vehicle_node_scene_creator.cpp.o] Error 1
[4.741s] gmake[1]: *** [CMakeFiles/Makefile2:363: CMakeFiles/mavs_vehicle_node_scene_creator.dir/all] Error 2
[4.741s] gmake: *** [Makefile:146: all] Error 2
[4.743s] Invoked command in '/home/jdj688/mavs_ros2/src/mavs-ros2/build/mavs-ros2' returned '2': CMAKE_PREFIX_PATH=${CMAKE_PREFIX_PATH}:/opt/ros/humble DEBUGINFOD_URLS=https://debuginfod.centos.org/ PS1=Singularity> /usr/bin/cmake --build /home/jdj688/mavs_ros2/src/mavs-ros2/build/mavs-ros2 -- -j96 -l96
