[0.163s] Invoking command in '/home/jdj688/mavs_ros2/src/mavs-ros2/build/mavs-ros2': CMAKE_PREFIX_PATH=${CMAKE_PREFIX_PATH}:/opt/ros/humble DEBUGINFOD_URLS=https://debuginfod.centos.org/ PS1=Singularity> /usr/bin/cmake --build /home/jdj688/mavs_ros2/src/mavs-ros2/build/mavs-ros2 -- -j96 -l96
[0.408s] [ 14%] Built target mavs-ros2
[0.619s] [ 78%] Built target mavs_pose_aggregator_node
[0.627s] [ 78%] Built target mavs_camera_node
[0.630s] [ 92%] Built target mavs_localization_node
[0.631s] [ 92%] Built target mavs_lidar_node
[0.631s] [ 92%] Built target mavs_vehicle_node
[0.631s] [ 92%] [32mBuilding CXX object CMakeFiles/mavs_vehicle_node_scene_creator.dir/src/mavs_vehicle_node_scene_creator.cpp.o[0m
[5.977s] [01m[K/home/jdj688/mavs_ros2/src/mavs-ros2/src/mavs_vehicle_node_scene_creator.cpp:[m[K In member function ‘[01m[Kstd::vector<float> MavsVehicleNode::RunSimulation()[m[K’:
[5.977s] [01m[K/home/jdj688/mavs_ros2/src/mavs-ros2/src/mavs_vehicle_node_scene_creator.cpp:187:11:[m[K [01;35m[Kwarning: [m[Kvariable ‘[01m[Kdesired_speed[m[K’ set but not used [[01;35m[K]8;;https://gcc.gnu.org/onlinedocs/gcc/Warning-Options.html#index-Wunused-but-set-variable-Wunused-but-set-variable]8;;[m[K]
[5.977s]   187 |     float [01;35m[Kdesired_speed[m[K = 2.0f;
[5.977s]       |           [01;35m[K^~~~~~~~~~~~~[m[K
[20.533s] [100%] [32m[1mLinking CXX executable mavs_vehicle_node_scene_creator[0m
[21.494s] [100%] Built target mavs_vehicle_node_scene_creator
[21.542s] Invoked command in '/home/jdj688/mavs_ros2/src/mavs-ros2/build/mavs-ros2' returned '0': CMAKE_PREFIX_PATH=${CMAKE_PREFIX_PATH}:/opt/ros/humble DEBUGINFOD_URLS=https://debuginfod.centos.org/ PS1=Singularity> /usr/bin/cmake --build /home/jdj688/mavs_ros2/src/mavs-ros2/build/mavs-ros2 -- -j96 -l96
[21.580s] Invoking command in '/home/jdj688/mavs_ros2/src/mavs-ros2/build/mavs-ros2': CMAKE_PREFIX_PATH=${CMAKE_PREFIX_PATH}:/opt/ros/humble DEBUGINFOD_URLS=https://debuginfod.centos.org/ PS1=Singularity> /usr/bin/cmake --install /home/jdj688/mavs_ros2/src/mavs-ros2/build/mavs-ros2
[21.594s] -- Install configuration: ""
[21.597s] -- Up-to-date: /home/jdj688/mavs_ros2/src/mavs-ros2/install/mavs-ros2/share/mavs-ros2/environment/library_path.sh
[21.605s] -- Installing: /home/jdj688/mavs_ros2/src/mavs-ros2/install/mavs-ros2/share/mavs-ros2/environment/library_path.dsv
[21.637s] -- Up-to-date: /home/jdj688/mavs_ros2/src/mavs-ros2/install/mavs-ros2/lib/libmavs-ros2.a
[21.644s] -- Up-to-date: /home/jdj688/mavs_ros2/src/mavs-ros2/install/mavs-ros2/lib/mavs-ros2/mavs_vehicle_node
[21.660s] -- Up-to-date: /home/jdj688/mavs_ros2/src/mavs-ros2/install/mavs-ros2/lib/mavs-ros2/mavs_camera_node
[21.669s] -- Up-to-date: /home/jdj688/mavs_ros2/src/mavs-ros2/install/mavs-ros2/lib/mavs-ros2/mavs_lidar_node
[21.683s] -- Up-to-date: /home/jdj688/mavs_ros2/src/mavs-ros2/install/mavs-ros2/lib/mavs-ros2/mavs_localization_node
[21.700s] -- Up-to-date: /home/jdj688/mavs_ros2/src/mavs-ros2/install/mavs-ros2/lib/mavs-ros2/mavs_pose_aggregator_node
[21.712s] -- Installing: /home/jdj688/mavs_ros2/src/mavs-ros2/install/mavs-ros2/lib/mavs-ros2/mavs_vehicle_node_scene_creator
[21.856s] -- Set non-toolchain portion of runtime path of "/home/jdj688/mavs_ros2/src/mavs-ros2/install/mavs-ros2/lib/mavs-ros2/mavs_vehicle_node_scene_creator" to ""
[21.860s] -- Up-to-date: /home/jdj688/mavs_ros2/src/mavs-ros2/install/mavs-ros2/share/mavs-ros2//launch
[21.866s] -- Up-to-date: /home/jdj688/mavs_ros2/src/mavs-ros2/install/mavs-ros2/share/mavs-ros2//launch/launch_vehicle.py
[21.869s] -- Up-to-date: /home/jdj688/mavs_ros2/src/mavs-ros2/install/mavs-ros2/share/mavs-ros2//launch/launch_vehicle_and_camera.py
[21.871s] -- Up-to-date: /home/jdj688/mavs_ros2/src/mavs-ros2/install/mavs-ros2/share/mavs-ros2//launch/launch_vehicle_and_camera_and_lidar.py
[21.873s] -- Up-to-date: /home/jdj688/mavs_ros2/src/mavs-ros2/install/mavs-ros2/share/mavs-ros2//launch/mavs_config.txt
[21.877s] -- Installing: /home/jdj688/mavs_ros2/src/mavs-ros2/install/mavs-ros2/share/mavs-ros2//launch/scene_creator_launch.py
[21.903s] -- Up-to-date: /home/jdj688/mavs_ros2/src/mavs-ros2/install/mavs-ros2/include/mavs-ros2
[21.910s] -- Up-to-date: /home/jdj688/mavs_ros2/src/mavs-ros2/install/mavs-ros2/include/mavs-ros2/mavs_camera_node.h
[21.916s] -- Up-to-date: /home/jdj688/mavs_ros2/src/mavs-ros2/install/mavs-ros2/include/mavs-ros2/mavs_lidar_node.h
[21.918s] -- Up-to-date: /home/jdj688/mavs_ros2/src/mavs-ros2/install/mavs-ros2/include/mavs-ros2/mavs_localization_node.h
[21.921s] -- Up-to-date: /home/jdj688/mavs_ros2/src/mavs-ros2/install/mavs-ros2/include/mavs-ros2/mavs_node.h
[21.923s] -- Up-to-date: /home/jdj688/mavs_ros2/src/mavs-ros2/install/mavs-ros2/include/mavs-ros2/mavs_ros_utils.h
[21.926s] -- Up-to-date: /home/jdj688/mavs_ros2/src/mavs-ros2/install/mavs-ros2/include/mavs-ros2/mavs_sensor_node.h
[21.929s] -- Up-to-date: /home/jdj688/mavs_ros2/src/mavs-ros2/install/mavs-ros2/include/mavs-ros2/mavs_vehicle_node.h
[21.932s] -- Installing: /home/jdj688/mavs_ros2/src/mavs-ros2/install/mavs-ros2/include/mavs-ros2/mavs_vehicle_node_scene_creator.h
[21.976s] -- Up-to-date: /home/jdj688/mavs_ros2/src/mavs-ros2/install/mavs-ros2/share/mavs-ros2/cmake/mavs-ros2Targets.cmake
[21.983s] -- Up-to-date: /home/jdj688/mavs_ros2/src/mavs-ros2/install/mavs-ros2/share/mavs-ros2/cmake/mavs-ros2Targets-noconfig.cmake
[21.988s] -- Up-to-date: /home/jdj688/mavs_ros2/src/mavs-ros2/install/mavs-ros2/share/ament_index/resource_index/package_run_dependencies/mavs-ros2
[21.992s] -- Installing: /home/jdj688/mavs_ros2/src/mavs-ros2/install/mavs-ros2/share/ament_index/resource_index/parent_prefix_path/mavs-ros2
[22.028s] -- Up-to-date: /home/jdj688/mavs_ros2/src/mavs-ros2/install/mavs-ros2/share/mavs-ros2/environment/ament_prefix_path.sh
[22.032s] -- Installing: /home/jdj688/mavs_ros2/src/mavs-ros2/install/mavs-ros2/share/mavs-ros2/environment/ament_prefix_path.dsv
[22.068s] -- Up-to-date: /home/jdj688/mavs_ros2/src/mavs-ros2/install/mavs-ros2/share/mavs-ros2/environment/path.sh
[22.072s] -- Installing: /home/jdj688/mavs_ros2/src/mavs-ros2/install/mavs-ros2/share/mavs-ros2/environment/path.dsv
[22.106s] -- Up-to-date: /home/jdj688/mavs_ros2/src/mavs-ros2/install/mavs-ros2/share/mavs-ros2/local_setup.bash
[22.109s] -- Up-to-date: /home/jdj688/mavs_ros2/src/mavs-ros2/install/mavs-ros2/share/mavs-ros2/local_setup.sh
[22.110s] -- Up-to-date: /home/jdj688/mavs_ros2/src/mavs-ros2/install/mavs-ros2/share/mavs-ros2/local_setup.zsh
[22.114s] -- Installing: /home/jdj688/mavs_ros2/src/mavs-ros2/install/mavs-ros2/share/mavs-ros2/local_setup.dsv
[22.147s] -- Installing: /home/jdj688/mavs_ros2/src/mavs-ros2/install/mavs-ros2/share/mavs-ros2/package.dsv
[22.194s] -- Up-to-date: /home/jdj688/mavs_ros2/src/mavs-ros2/install/mavs-ros2/share/ament_index/resource_index/packages/mavs-ros2
[22.204s] -- Up-to-date: /home/jdj688/mavs_ros2/src/mavs-ros2/install/mavs-ros2/share/mavs-ros2/cmake/mavs-ros2Export.cmake
[22.207s] -- Up-to-date: /home/jdj688/mavs_ros2/src/mavs-ros2/install/mavs-ros2/share/mavs-ros2/cmake/mavs-ros2Export-noconfig.cmake
[22.209s] -- Up-to-date: /home/jdj688/mavs_ros2/src/mavs-ros2/install/mavs-ros2/share/mavs-ros2/cmake/ament_cmake_export_include_directories-extras.cmake
[22.211s] -- Up-to-date: /home/jdj688/mavs_ros2/src/mavs-ros2/install/mavs-ros2/share/mavs-ros2/cmake/ament_cmake_export_targets-extras.cmake
[22.213s] -- Up-to-date: /home/jdj688/mavs_ros2/src/mavs-ros2/install/mavs-ros2/share/mavs-ros2/cmake/mavs-ros2Config.cmake
[22.215s] -- Up-to-date: /home/jdj688/mavs_ros2/src/mavs-ros2/install/mavs-ros2/share/mavs-ros2/cmake/mavs-ros2Config-version.cmake
[22.218s] -- Up-to-date: /home/jdj688/mavs_ros2/src/mavs-ros2/install/mavs-ros2/share/mavs-ros2/package.xml
[22.233s] Invoked command in '/home/jdj688/mavs_ros2/src/mavs-ros2/build/mavs-ros2' returned '0': CMAKE_PREFIX_PATH=${CMAKE_PREFIX_PATH}:/opt/ros/humble DEBUGINFOD_URLS=https://debuginfod.centos.org/ PS1=Singularity> /usr/bin/cmake --install /home/jdj688/mavs_ros2/src/mavs-ros2/build/mavs-ros2
