[0.000000] (-) TimerEvent: {}
[0.000132] (mavs-ros2) JobQueued: {'identifier': 'mavs-ros2', 'dependencies': OrderedDict()}
[0.000164] (mavs-ros2) JobStarted: {'identifier': 'mavs-ros2'}
[0.080735] (mavs-ros2) JobProgress: {'identifier': 'mavs-ros2', 'progress': 'cmake'}
[0.095981] (-) TimerEvent: {}
[0.102631] (mavs-ros2) JobProgress: {'identifier': 'mavs-ros2', 'progress': 'build'}
[0.109563] (mavs-ros2) Command: {'cmd': ['/usr/bin/cmake', '--build', '/home/jdj688/mavs_ros2/src/mavs-ros2/build/mavs-ros2', '--', '-j96', '-l96'], 'cwd': '/home/jdj688/mavs_ros2/src/mavs-ros2/build/mavs-ros2', 'env': OrderedDict([('LESSOPEN', '||/usr/bin/lesspipe.sh %s'), ('HISTFILESIZE', '0'), ('LMOD_DIR', '/apps/other/lmod/lmod/libexec'), ('USER', 'jdj688'), ('SSH_CLIENT', '130.18.14.251 60942 22'), ('__LMOD_REF_COUNT_CMAKE_PREFIX_PATH', '/apps/spack-managed/gcc-11.3.1/apptainer-1.0.2-sly2h7brp2pnfvoo2atzfjl7cjnydnic:1;/apps/spack-managed/gcc-11.3.1/go-1.18-alznydijxhxcjhrs6gv4ewrkzfpbekcp:1;/apps/spack-managed/gcc-11.3.1/git-2.38.1-y5mypep4s26jrmydtbcscxbtjm2ttk3e:1;/apps/spack-managed/gcc-11.3.1/perl-5.36.0-vu5twd3fz7fqbfo2sesaounbstcoycih:1;/apps/spack-managed/gcc-11.3.1/zlib-1.2.13-iliwgto55zekyo2bdhemxjz2bu54u2kn:1;/apps/spack-managed/gcc-11.3.1/pcre2-10.39-mzli5r4utmxlbz6lxj4kyaujoibgixwp:1'), ('HOSTNAME', 'mavs-2.hpc.msstate.edu'), ('XDG_SESSION_TYPE', 'tty'), ('LMOD_PKG', '/apps/other/lmod/lmod'), ('SHLVL', '2'), ('LD_LIBRARY_PATH', '/home/jdj688/mavs_ros2/src/mavs-ros2/install/mavs-ros2/lib:/opt/ros/humble/opt/rviz_ogre_vendor/lib:/opt/ros/humble/lib/x86_64-linux-gnu:/opt/ros/humble/lib:/lib:/usr/lib:/usr/local/lib:/.singularity.d/libs'), ('MOTD_SHOWN', 'pam'), ('HOME', '/home/jdj688'), ('__LMOD_REF_COUNT_GOPATH', '/apps/spack-managed/gcc-11.3.1/apptainer-1.0.2-sly2h7brp2pnfvoo2atzfjl7cjnydnic:1'), ('OLDPWD', '/home/jdj688/mavs_ros2/src/mavs-ros2/src'), ('SSH_TTY', '/dev/pts/9'), ('USER_PATH', '/apps/spack-managed/gcc-11.3.1/apptainer-1.0.2-sly2h7brp2pnfvoo2atzfjl7cjnydnic/bin:/apps/spack-managed/gcc-11.3.1/go-1.18-alznydijxhxcjhrs6gv4ewrkzfpbekcp/bin:/apps/spack-managed/gcc-11.3.1/git-2.38.1-y5mypep4s26jrmydtbcscxbtjm2ttk3e/bin:/apps/spack-managed/gcc-11.3.1/perl-5.36.0-vu5twd3fz7fqbfo2sesaounbstcoycih/bin:/apps/spack-managed/gcc-11.3.1/pcre2-10.39-mzli5r4utmxlbz6lxj4kyaujoibgixwp/bin:/usr/sbin:/usr/bin:/apps/sbin:/apps/bin:/home/jdj688/mavs/install/lib64:/bin:/usr/bin:/sbin:/usr/sbin:/usr/local/bin:/usr/local/sbin'), ('__LMOD_REF_COUNT_PKG_CONFIG_PATH', '/apps/spack-managed/gcc-11.3.1/zlib-1.2.13-iliwgto55zekyo2bdhemxjz2bu54u2kn/lib/pkgconfig:1;/apps/spack-managed/gcc-11.3.1/pcre2-10.39-mzli5r4utmxlbz6lxj4kyaujoibgixwp/lib/pkgconfig:1'), ('ROS_PYTHON_VERSION', '3'), ('PS1', 'Singularity>'), ('_LMFILES_', '/apps/spack-managed/modulefiles/linux-rocky9-x86_64/Core/pcre2/10.39.lua:/apps/spack-managed/modulefiles/linux-rocky9-x86_64/Core/zlib/1.2.13.lua:/apps/spack-managed/modulefiles/linux-rocky9-x86_64/Core/perl/5.36.0.lua:/apps/spack-managed/modulefiles/linux-rocky9-x86_64/Core/git/2.38.1.lua:/apps/spack-managed/modulefiles/linux-rocky9-x86_64/Core/go/1.18.lua:/apps/spack-managed/modulefiles/linux-rocky9-x86_64/Core/apptainer/1.0.2.lua'), ('DBUS_SESSION_BUS_ADDRESS', 'unix:path=/run/user/9880/bus'), ('APPTAINER_ENVIRONMENT', '/.singularity.d/env/91-environment.sh'), ('__LMOD_REF_COUNT_PATH', '/apps/spack-managed/gcc-11.3.1/apptainer-1.0.2-sly2h7brp2pnfvoo2atzfjl7cjnydnic/bin:1;/apps/spack-managed/gcc-11.3.1/go-1.18-alznydijxhxcjhrs6gv4ewrkzfpbekcp/bin:1;/apps/spack-managed/gcc-11.3.1/git-2.38.1-y5mypep4s26jrmydtbcscxbtjm2ttk3e/bin:1;/apps/spack-managed/gcc-11.3.1/perl-5.36.0-vu5twd3fz7fqbfo2sesaounbstcoycih/bin:1;/apps/spack-managed/gcc-11.3.1/pcre2-10.39-mzli5r4utmxlbz6lxj4kyaujoibgixwp/bin:1;/usr/sbin:1;/usr/bin:1;/apps/sbin:1;/apps/bin:1;/home/jdj688/mavs/install/lib64:1'), ('LMOD_sys', 'Linux'), ('LMOD_SHELL_PRGM', 'bash'), ('DEBUGINFOD_URLS', 'https://debuginfod.centos.org/'), ('which_declare', 'declare -f'), ('COLCON_PREFIX_PATH', '/home/jdj688/mavs_ros2/install:/home/jdj688/mavs_ros2/src/nature/install:/home/jdj688/mavs_ros2/src/mavs-ros2/install'), ('ROS_DISTRO', 'humble'), ('SINGULARITY_ENVIRONMENT', '/.singularity.d/env/91-environment.sh'), ('LOGNAME', 'jdj688'), ('LMOD_VERSION', '8.7.14'), ('_', '/usr/bin/colcon'), ('ROS_VERSION', '2'), ('PKG_CONFIG_PATH', '/apps/spack-managed/gcc-11.3.1/zlib-1.2.13-iliwgto55zekyo2bdhemxjz2bu54u2kn/lib/pkgconfig:/apps/spack-managed/gcc-11.3.1/pcre2-10.39-mzli5r4utmxlbz6lxj4kyaujoibgixwp/lib/pkgconfig'), ('PERL_ROOT', '/apps/spack-managed/gcc-11.3.1/perl-5.36.0-vu5twd3fz7fqbfo2sesaounbstcoycih'), ('XDG_SESSION_CLASS', 'user'), ('TERM', 'xterm-256color'), ('XDG_SESSION_ID', '925'), ('PCRE2_ROOT', '/apps/spack-managed/gcc-11.3.1/pcre2-10.39-mzli5r4utmxlbz6lxj4kyaujoibgixwp'), ('ZLIB_ROOT', '/apps/spack-managed/gcc-11.3.1/zlib-1.2.13-iliwgto55zekyo2bdhemxjz2bu54u2kn'), ('ROS_LOCALHOST_ONLY', '0'), ('HISTCONTROL', 'ignoredups'), ('PATH', '/opt/ros/humble/bin:/usr/local/sbin:/usr/local/bin:/usr/sbin:/usr/bin:/sbin:/bin'), ('APPTAINER_COMMAND', 'shell'), ('LMOD_SETTARG_FULL_SUPPORT', 'no'), ('__LMOD_REF_COUNT_LD_LIBRARY_PATH', '/apps/spack-managed/gcc-11.3.1/go-1.18-alznydijxhxcjhrs6gv4ewrkzfpbekcp/lib:1;/apps/spack-managed/gcc-11.3.1/perl-5.36.0-vu5twd3fz7fqbfo2sesaounbstcoycih/lib:1;/apps/spack-managed/gcc-11.3.1/zlib-1.2.13-iliwgto55zekyo2bdhemxjz2bu54u2kn/lib:1;/apps/spack-managed/gcc-11.3.1/pcre2-10.39-mzli5r4utmxlbz6lxj4kyaujoibgixwp/lib:1;/home/jdj688/.local/lib:1;/usr/lib64:1;/usr/lib:1;/home/jdj688/mavs/install/lib64:1'), ('XDG_RUNTIME_DIR', '/run/user/9880'), ('DISPLAY', 'localhost:12.0'), ('LMOD_SYSTEM_NAME', 'desktop-rh9.x'), ('HISTSIZE', '100'), ('APPTAINER_APPNAME', ''), ('LANG', 'en_US.UTF-8'), ('LMOD_ROOT', '/apps/other/lmod'), ('RMW_IMPLEMENTATION', 'rmw_cyclonedds_cpp'), ('AMENT_PREFIX_PATH', '/home/jdj688/mavs_ros2/src/nature/install/nature:/home/jdj688/mavs_ros2/src/mavs-ros2/install/mavs-ros2:/opt/ros/humble'), ('SHELL', '/bin/bash'), ('MODULEPATH_ROOT', '/apps/other/modulefiles'), ('GOPATH', '/apps/spack-managed/gcc-11.3.1/apptainer-1.0.2-sly2h7brp2pnfvoo2atzfjl7cjnydnic'), ('GO_ROOT', '/apps/spack-managed/gcc-11.3.1/go-1.18-alznydijxhxcjhrs6gv4ewrkzfpbekcp'), ('GIT_ROOT', '/apps/spack-managed/gcc-11.3.1/git-2.38.1-y5mypep4s26jrmydtbcscxbtjm2ttk3e'), ('APPTAINER_CONTAINER', '/scratch/cgoodin/containers/mavs-ros2-ctg.sif'), ('APPTAINER_BIND', '/home/jdj688/mavs_ros2,/cavs,/cci,/ccs,/gri,/hpc,/igbb,/ngi'), ('LMOD_CMD', '/apps/other/lmod/lmod/libexec/lmod'), ('_ModuleTable_Sz_', '6'), ('SINGULARITY_CONTAINER', '/scratch/cgoodin/containers/mavs-ros2-ctg.sif'), ('BASH_ENV', '/apps/other/lmod/lmod/init/bash'), ('SINGULARITY_BIND', '/home/jdj688/mavs_ros2,/cavs,/cci,/ccs,/gri,/hpc,/igbb,/ngi'), ('_ModuleTable001_', 'X01vZHVsZVRhYmxlXyA9IHsKTVR2ZXJzaW9uID0gMywKY19yZWJ1aWxkVGltZSA9IGZhbHNlLApjX3Nob3J0VGltZSA9IGZhbHNlLApkZXB0aFQgPSB7fSwKZmFtaWx5ID0ge30sCm1UID0gewphcHB0YWluZXIgPSB7CmZuID0gIi9hcHBzL3NwYWNrLW1hbmFnZWQvbW9kdWxlZmlsZXMvbGludXgtcm9ja3k5LXg4Nl82NC9Db3JlL2FwcHRhaW5lci8xLjAuMi5sdWEiLApmdWxsTmFtZSA9ICJhcHB0YWluZXIvMS4wLjIiLApsb2FkT3JkZXIgPSA2LApwcm9wVCA9IHt9LApzdGFja0RlcHRoID0gMCwKc3RhdHVzID0gImFjdGl2ZSIsCnVzZXJOYW1lID0gImFwcHRhaW5lciIsCndWID0gIjAwMDAwMDAwMS4wMDAwMDAwMDAuMDAwMDAwMDAyLip6ZmluYWwiLAp9LApnaXQgPSB7CmZu'), ('_ModuleTable002_', 'ID0gIi9hcHBzL3NwYWNrLW1hbmFnZWQvbW9kdWxlZmlsZXMvbGludXgtcm9ja3k5LXg4Nl82NC9Db3JlL2dpdC8yLjM4LjEubHVhIiwKZnVsbE5hbWUgPSAiZ2l0LzIuMzguMSIsCmxvYWRPcmRlciA9IDQsCnByb3BUID0ge30sCnJlZl9jb3VudCA9IDEsCnN0YWNrRGVwdGggPSAyLApzdGF0dXMgPSAiYWN0aXZlIiwKdXNlck5hbWUgPSAiZ2l0LzIuMzguMSIsCndWID0gIjAwMDAwMDAwMi4wMDAwMDAwMzguMDAwMDAwMDAxLip6ZmluYWwiLAp9LApnbyA9IHsKZm4gPSAiL2FwcHMvc3BhY2stbWFuYWdlZC9tb2R1bGVmaWxlcy9saW51eC1yb2NreTkteDg2XzY0L0NvcmUvZ28vMS4xOC5sdWEiLApmdWxsTmFtZSA9ICJnby8xLjE4IiwKbG9hZE9yZGVyID0gNSwKcHJvcFQgPSB7'), ('PWD', '/home/jdj688/mavs_ros2/src/mavs-ros2/build/mavs-ros2'), ('LOADEDMODULES', 'pcre2/10.39:zlib/1.2.13:perl/5.36.0:git/2.38.1:go/1.18:apptainer/1.0.2'), ('APPTAINER_NAME', 'mavs-ros2-ctg.sif'), ('LC_ALL', 'en_US.UTF-8'), ('SSH_CONNECTION', '130.18.14.251 60942 130.18.14.170 22'), ('_ModuleTable003_', 'fSwKcmVmX2NvdW50ID0gMSwKc3RhY2tEZXB0aCA9IDEsCnN0YXR1cyA9ICJhY3RpdmUiLAp1c2VyTmFtZSA9ICJnby8xLjE4IiwKd1YgPSAiMDAwMDAwMDAxLjAwMDAwMDAxOC4qemZpbmFsIiwKfSwKcGNyZTIgPSB7CmZuID0gIi9hcHBzL3NwYWNrLW1hbmFnZWQvbW9kdWxlZmlsZXMvbGludXgtcm9ja3k5LXg4Nl82NC9Db3JlL3BjcmUyLzEwLjM5Lmx1YSIsCmZ1bGxOYW1lID0gInBjcmUyLzEwLjM5IiwKbG9hZE9yZGVyID0gMSwKcHJvcFQgPSB7fSwKcmVmX2NvdW50ID0gMSwKc3RhY2tEZXB0aCA9IDMsCnN0YXR1cyA9ICJhY3RpdmUiLAp1c2VyTmFtZSA9ICJwY3JlMi8xMC4zOSIsCndWID0gIjAwMDAwMDAxMC4wMDAwMDAwMzkuKnpmaW5hbCIsCn0sCnBlcmwgPSB7CmZu'), ('PYTHONPATH', '/opt/ros/humble/lib/python3.10/site-packages:/opt/ros/humble/local/lib/python3.10/dist-packages'), ('_ModuleTable004_', 'ID0gIi9hcHBzL3NwYWNrLW1hbmFnZWQvbW9kdWxlZmlsZXMvbGludXgtcm9ja3k5LXg4Nl82NC9Db3JlL3BlcmwvNS4zNi4wLmx1YSIsCmZ1bGxOYW1lID0gInBlcmwvNS4zNi4wIiwKbG9hZE9yZGVyID0gMywKcHJvcFQgPSB7fSwKcmVmX2NvdW50ID0gMSwKc3RhY2tEZXB0aCA9IDMsCnN0YXR1cyA9ICJhY3RpdmUiLAp1c2VyTmFtZSA9ICJwZXJsLzUuMzYuMCIsCndWID0gIjAwMDAwMDAwNS4wMDAwMDAwMzYuKnpmaW5hbCIsCn0sCnpsaWIgPSB7CmZuID0gIi9hcHBzL3NwYWNrLW1hbmFnZWQvbW9kdWxlZmlsZXMvbGludXgtcm9ja3k5LXg4Nl82NC9Db3JlL3psaWIvMS4yLjEzLmx1YSIsCmZ1bGxOYW1lID0gInpsaWIvMS4yLjEzIiwKbG9hZE9yZGVyID0gMiwKcHJvcFQg'), ('SINGULARITY_NAME', 'mavs-ros2-ctg.sif'), ('_ModuleTable005_', 'PSB7fSwKcmVmX2NvdW50ID0gMiwKc3RhY2tEZXB0aCA9IDQsCnN0YXR1cyA9ICJhY3RpdmUiLAp1c2VyTmFtZSA9ICJ6bGliLzEuMi4xMyIsCndWID0gIjAwMDAwMDAwMS4wMDAwMDAwMDIuMDAwMDAwMDEzLip6ZmluYWwiLAp9LAp9LAptcGF0aEEgPSB7CiIvYXBwcy9zcGFjay1tYW5hZ2VkL21vZHVsZWZpbGVzL2xpbnV4LXJvY2t5OS14ODZfNjQvQ29yZSIKLCAiL2FwcHMvb3RoZXIvbW9kdWxlZmlsZXMiLCAiL2FwcHMvY29udGFpbmVycy9tb2R1bGVmaWxlcyIsICIvYXBwcy9saWNlbnNlZC9tb2R1bGVmaWxlcyIsCn0sCnN5c3RlbUJhc2VNUEFUSCA9ICIvYXBwcy9zcGFjay1tYW5hZ2VkL21vZHVsZWZpbGVzL2xpbnV4LXJvY2t5OS14ODZfNjQvQ29yZTovYXBwcy9vdGhl'), ('CONTAINERS', '/apps/containers/'), ('COLCON', '1'), ('__LMOD_REF_COUNT_MODULEPATH', '/apps/spack-managed/modulefiles/linux-rocky9-x86_64/Core:1;/apps/other/modulefiles:1;/apps/containers/modulefiles:1;/apps/licensed/modulefiles:1'), ('MANPATH', '/apps/spack-managed/gcc-11.3.1/apptainer-1.0.2-sly2h7brp2pnfvoo2atzfjl7cjnydnic/share/man:/apps/spack-managed/gcc-11.3.1/git-2.38.1-y5mypep4s26jrmydtbcscxbtjm2ttk3e/share/man:/apps/spack-managed/gcc-11.3.1/perl-5.36.0-vu5twd3fz7fqbfo2sesaounbstcoycih/man:/apps/spack-managed/gcc-11.3.1/zlib-1.2.13-iliwgto55zekyo2bdhemxjz2bu54u2kn/share/man:/apps/spack-managed/gcc-11.3.1/pcre2-10.39-mzli5r4utmxlbz6lxj4kyaujoibgixwp/share/man:/apps/other/lmod/lmod/share/man:/usr/share/man:/apps/share/man:/apps/man'), ('_ModuleTable006_', 'ci9tb2R1bGVmaWxlczovYXBwcy9jb250YWluZXJzL21vZHVsZWZpbGVzOi9hcHBzL2xpY2Vuc2VkL21vZHVsZWZpbGVzIiwKfQo='), ('__LMOD_REF_COUNT_MANPATH', '/apps/spack-managed/gcc-11.3.1/apptainer-1.0.2-sly2h7brp2pnfvoo2atzfjl7cjnydnic/share/man:1;/apps/spack-managed/gcc-11.3.1/git-2.38.1-y5mypep4s26jrmydtbcscxbtjm2ttk3e/share/man:1;/apps/spack-managed/gcc-11.3.1/perl-5.36.0-vu5twd3fz7fqbfo2sesaounbstcoycih/man:1;/apps/spack-managed/gcc-11.3.1/zlib-1.2.13-iliwgto55zekyo2bdhemxjz2bu54u2kn/share/man:1;/apps/spack-managed/gcc-11.3.1/pcre2-10.39-mzli5r4utmxlbz6lxj4kyaujoibgixwp/share/man:1;/apps/other/lmod/lmod/share/man:1;/usr/share/man:1;/apps/share/man:1;/apps/man:1'), ('MODULEPATH', '/apps/spack-managed/modulefiles/linux-rocky9-x86_64/Core:/apps/other/modulefiles:/apps/containers/modulefiles:/apps/licensed/modulefiles'), ('MODULESHOME', '/apps/other/lmod/lmod'), ('CMAKE_PREFIX_PATH', '/home/jdj688/mavs_ros2/src/nature/install/nature:/home/jdj688/mavs_ros2/src/mavs-ros2/install/mavs-ros2:/apps/spack-managed/gcc-11.3.1/apptainer-1.0.2-sly2h7brp2pnfvoo2atzfjl7cjnydnic:/apps/spack-managed/gcc-11.3.1/go-1.18-alznydijxhxcjhrs6gv4ewrkzfpbekcp:/apps/spack-managed/gcc-11.3.1/git-2.38.1-y5mypep4s26jrmydtbcscxbtjm2ttk3e:/apps/spack-managed/gcc-11.3.1/perl-5.36.0-vu5twd3fz7fqbfo2sesaounbstcoycih:/apps/spack-managed/gcc-11.3.1/zlib-1.2.13-iliwgto55zekyo2bdhemxjz2bu54u2kn:/apps/spack-managed/gcc-11.3.1/pcre2-10.39-mzli5r4utmxlbz6lxj4kyaujoibgixwp:/opt/ros/humble')]), 'shell': False}
[0.196066] (-) TimerEvent: {}
[0.296394] (-) TimerEvent: {}
[0.356723] (mavs-ros2) StdoutLine: {'line': b'[ 14%] Built target mavs-ros2\n'}
[0.396472] (-) TimerEvent: {}
[0.496696] (-) TimerEvent: {}
[0.502182] (mavs-ros2) StdoutLine: {'line': b'[ 64%] Built target mavs_lidar_node\n'}
[0.514311] (mavs-ros2) StdoutLine: {'line': b'[ 85%] Built target mavs_pose_aggregator_node\n'}
[0.514408] (mavs-ros2) StdoutLine: {'line': b'[ 85%] Built target mavs_vehicle_node\n'}
[0.514482] (mavs-ros2) StdoutLine: {'line': b'[ 85%] Built target mavs_camera_node\n'}
[0.515581] (mavs-ros2) StdoutLine: {'line': b'[ 85%] Built target mavs_localization_node\n'}
[0.525377] (mavs-ros2) StdoutLine: {'line': b'[ 92%] \x1b[32mBuilding CXX object CMakeFiles/mavs_vehicle_node_scene_creator.dir/src/mavs_vehicle_node_scene_creator.cpp.o\x1b[0m\n'}
[0.596787] (-) TimerEvent: {}
[0.697121] (-) TimerEvent: {}
[0.797372] (-) TimerEvent: {}
[0.897688] (-) TimerEvent: {}
[0.998012] (-) TimerEvent: {}
[1.098362] (-) TimerEvent: {}
[1.198742] (-) TimerEvent: {}
[1.299101] (-) TimerEvent: {}
[1.399548] (-) TimerEvent: {}
[1.500011] (-) TimerEvent: {}
[1.600481] (-) TimerEvent: {}
[1.700845] (-) TimerEvent: {}
[1.801328] (-) TimerEvent: {}
[1.901657] (-) TimerEvent: {}
[2.002017] (-) TimerEvent: {}
[2.102362] (-) TimerEvent: {}
[2.202735] (-) TimerEvent: {}
[2.303099] (-) TimerEvent: {}
[2.403595] (-) TimerEvent: {}
[2.504077] (-) TimerEvent: {}
[2.605188] (-) TimerEvent: {}
[2.705649] (-) TimerEvent: {}
[2.805984] (-) TimerEvent: {}
[2.906341] (-) TimerEvent: {}
[3.006674] (-) TimerEvent: {}
[3.107051] (-) TimerEvent: {}
[3.207439] (-) TimerEvent: {}
[3.307822] (-) TimerEvent: {}
[3.408185] (-) TimerEvent: {}
[3.508569] (-) TimerEvent: {}
[3.608916] (-) TimerEvent: {}
[3.709275] (-) TimerEvent: {}
[3.809646] (-) TimerEvent: {}
[3.909948] (-) TimerEvent: {}
[4.010247] (-) TimerEvent: {}
[4.110581] (-) TimerEvent: {}
[4.210924] (-) TimerEvent: {}
[4.311325] (-) TimerEvent: {}
[4.411813] (-) TimerEvent: {}
[4.512175] (-) TimerEvent: {}
[4.612666] (-) TimerEvent: {}
[4.713150] (-) TimerEvent: {}
[4.813606] (-) TimerEvent: {}
[4.914085] (-) TimerEvent: {}
[5.014465] (-) TimerEvent: {}
[5.114778] (-) TimerEvent: {}
[5.215271] (-) TimerEvent: {}
[5.315732] (-) TimerEvent: {}
[5.416095] (-) TimerEvent: {}
[5.516444] (-) TimerEvent: {}
[5.616831] (-) TimerEvent: {}
[5.717187] (-) TimerEvent: {}
[5.817548] (-) TimerEvent: {}
[5.917948] (-) TimerEvent: {}
[5.994738] (mavs-ros2) StderrLine: {'line': b'\x1b[01m\x1b[K/home/jdj688/mavs_ros2/src/mavs-ros2/src/mavs_vehicle_node_scene_creator.cpp:\x1b[m\x1b[K In member function \xe2\x80\x98\x1b[01m\x1b[Kvoid MavsVehicleNode::SetupTerrain(float, float, float)\x1b[m\x1b[K\xe2\x80\x99:\n'}
[5.994996] (mavs-ros2) StderrLine: {'line': b'\x1b[01m\x1b[K/home/jdj688/mavs_ros2/src/mavs-ros2/src/mavs_vehicle_node_scene_creator.cpp:134:13:\x1b[m\x1b[K \x1b[01;31m\x1b[Kerror: \x1b[m\x1b[K\xe2\x80\x98\x1b[01m\x1b[Kclass mavs::terraingen::TerrainCreator\x1b[m\x1b[K\xe2\x80\x99 has no member named \xe2\x80\x98\x1b[01m\x1b[KAddTrapezoidalFeature\x1b[m\x1b[K\xe2\x80\x99\n'}
[5.995086] (mavs-ros2) StderrLine: {'line': b'  134 |     terrain.\x1b[01;31m\x1b[KAddTrapezoidalFeature\x1b[m\x1b[K(top_width, base_width, depth, 20.0f);\n'}
[5.995157] (mavs-ros2) StderrLine: {'line': b'      |             \x1b[01;31m\x1b[K^~~~~~~~~~~~~~~~~~~~~\x1b[m\x1b[K\n'}
[6.018039] (-) TimerEvent: {}
[6.118369] (-) TimerEvent: {}
[6.218740] (-) TimerEvent: {}
[6.319125] (-) TimerEvent: {}
[6.419476] (-) TimerEvent: {}
[6.519885] (-) TimerEvent: {}
[6.620229] (-) TimerEvent: {}
[6.720612] (-) TimerEvent: {}
[6.820963] (-) TimerEvent: {}
[6.921415] (-) TimerEvent: {}
[7.021814] (-) TimerEvent: {}
[7.122183] (-) TimerEvent: {}
[7.222528] (-) TimerEvent: {}
[7.322856] (-) TimerEvent: {}
[7.423184] (-) TimerEvent: {}
[7.523570] (-) TimerEvent: {}
[7.623933] (-) TimerEvent: {}
[7.724259] (-) TimerEvent: {}
[7.824605] (-) TimerEvent: {}
[7.924959] (-) TimerEvent: {}
[8.025297] (-) TimerEvent: {}
[8.125763] (-) TimerEvent: {}
[8.226247] (-) TimerEvent: {}
[8.326626] (-) TimerEvent: {}
[8.426988] (-) TimerEvent: {}
[8.527366] (-) TimerEvent: {}
[8.627743] (-) TimerEvent: {}
[8.728131] (-) TimerEvent: {}
[8.828530] (-) TimerEvent: {}
[8.928946] (-) TimerEvent: {}
[9.029301] (-) TimerEvent: {}
[9.129647] (-) TimerEvent: {}
[9.230008] (-) TimerEvent: {}
[9.330338] (-) TimerEvent: {}
[9.430780] (-) TimerEvent: {}
[9.531103] (-) TimerEvent: {}
[9.631418] (-) TimerEvent: {}
[9.731760] (-) TimerEvent: {}
[9.832077] (-) TimerEvent: {}
[9.932476] (-) TimerEvent: {}
[10.032892] (-) TimerEvent: {}
[10.133324] (-) TimerEvent: {}
[10.233803] (-) TimerEvent: {}
[10.334161] (-) TimerEvent: {}
[10.434554] (-) TimerEvent: {}
[10.534931] (-) TimerEvent: {}
[10.635308] (-) TimerEvent: {}
[10.735654] (-) TimerEvent: {}
[10.836035] (-) TimerEvent: {}
[10.936380] (-) TimerEvent: {}
[11.036763] (-) TimerEvent: {}
[11.137139] (-) TimerEvent: {}
[11.237537] (-) TimerEvent: {}
[11.337915] (-) TimerEvent: {}
[11.438308] (-) TimerEvent: {}
[11.538639] (-) TimerEvent: {}
[11.639011] (-) TimerEvent: {}
[11.739356] (-) TimerEvent: {}
[11.839737] (-) TimerEvent: {}
[11.940093] (-) TimerEvent: {}
[12.040455] (-) TimerEvent: {}
[12.140817] (-) TimerEvent: {}
[12.241167] (-) TimerEvent: {}
[12.341479] (-) TimerEvent: {}
[12.441789] (-) TimerEvent: {}
[12.542121] (-) TimerEvent: {}
[12.642476] (-) TimerEvent: {}
[12.742835] (-) TimerEvent: {}
[12.843197] (-) TimerEvent: {}
[12.943640] (-) TimerEvent: {}
[12.957807] (mavs-ros2) StderrLine: {'line': b'gmake[2]: *** [CMakeFiles/mavs_vehicle_node_scene_creator.dir/build.make:79: CMakeFiles/mavs_vehicle_node_scene_creator.dir/src/mavs_vehicle_node_scene_creator.cpp.o] Error 1\n'}
[12.958059] (mavs-ros2) StderrLine: {'line': b'gmake[1]: *** [CMakeFiles/Makefile2:363: CMakeFiles/mavs_vehicle_node_scene_creator.dir/all] Error 2\n'}
[12.958442] (mavs-ros2) StderrLine: {'line': b'gmake: *** [Makefile:146: all] Error 2\n'}
[12.960946] (mavs-ros2) CommandEnded: {'returncode': 2}
[13.043706] (-) TimerEvent: {}
[13.115049] (mavs-ros2) JobEnded: {'identifier': 'mavs-ros2', 'rc': 2}
[13.141146] (-) EventReactorShutdown: {}
