[0.195s] Invoking command in '/home/jdj688/mavs_ros2/src/mavs-ros2/build/mavs-ros2': CMAKE_PREFIX_PATH=${CMAKE_PREFIX_PATH}:/opt/ros/humble DEBUGINFOD_URLS=https://debuginfod.centos.org/ PS1=Singularity> /usr/bin/cmake --build /home/jdj688/mavs_ros2/src/mavs-ros2/build/mavs-ros2 -- -j96 -l96
[0.386s] [ 14%] Built target mavs-ros2
[0.617s] [ 35%] Built target mavs_camera_node
[0.671s] [ 85%] Built target mavs_lidar_node
[0.674s] [ 85%] Built target mavs_pose_aggregator_node
[0.678s] [ 92%] Built target mavs_vehicle_node
[0.678s] [ 92%] Built target mavs_localization_node
[0.694s] [100%] Built target mavs_vehicle_node_scene_creator
[0.754s] Invoked command in '/home/jdj688/mavs_ros2/src/mavs-ros2/build/mavs-ros2' returned '0': CMAKE_PREFIX_PATH=${CMAKE_PREFIX_PATH}:/opt/ros/humble DEBUGINFOD_URLS=https://debuginfod.centos.org/ PS1=Singularity> /usr/bin/cmake --build /home/jdj688/mavs_ros2/src/mavs-ros2/build/mavs-ros2 -- -j96 -l96
[0.796s] Invoking command in '/home/jdj688/mavs_ros2/src/mavs-ros2/build/mavs-ros2': CMAKE_PREFIX_PATH=${CMAKE_PREFIX_PATH}:/opt/ros/humble DEBUGINFOD_URLS=https://debuginfod.centos.org/ PS1=Singularity> /usr/bin/cmake --install /home/jdj688/mavs_ros2/src/mavs-ros2/build/mavs-ros2
[0.808s] -- Install configuration: ""
[0.810s] -- Up-to-date: /home/jdj688/mavs_ros2/src/mavs-ros2/install/mavs-ros2/share/mavs-ros2/environment/library_path.sh
[0.813s] -- Up-to-date: /home/jdj688/mavs_ros2/src/mavs-ros2/install/mavs-ros2/share/mavs-ros2/environment/library_path.dsv
[0.815s] -- Up-to-date: /home/jdj688/mavs_ros2/src/mavs-ros2/install/mavs-ros2/lib/libmavs-ros2.a
[0.825s] -- Up-to-date: /home/jdj688/mavs_ros2/src/mavs-ros2/install/mavs-ros2/lib/mavs-ros2/mavs_vehicle_node
[0.837s] -- Up-to-date: /home/jdj688/mavs_ros2/src/mavs-ros2/install/mavs-ros2/lib/mavs-ros2/mavs_camera_node
[0.845s] -- Up-to-date: /home/jdj688/mavs_ros2/src/mavs-ros2/install/mavs-ros2/lib/mavs-ros2/mavs_lidar_node
[0.858s] -- Up-to-date: /home/jdj688/mavs_ros2/src/mavs-ros2/install/mavs-ros2/lib/mavs-ros2/mavs_localization_node
[0.868s] -- Up-to-date: /home/jdj688/mavs_ros2/src/mavs-ros2/install/mavs-ros2/lib/mavs-ros2/mavs_pose_aggregator_node
[0.881s] -- Up-to-date: /home/jdj688/mavs_ros2/src/mavs-ros2/install/mavs-ros2/lib/mavs-ros2/mavs_vehicle_node_scene_creator
[0.890s] -- Up-to-date: /home/jdj688/mavs_ros2/src/mavs-ros2/install/mavs-ros2/share/mavs-ros2//launch
[0.895s] -- Up-to-date: /home/jdj688/mavs_ros2/src/mavs-ros2/install/mavs-ros2/share/mavs-ros2//launch/launch_vehicle.py
[0.905s] -- Up-to-date: /home/jdj688/mavs_ros2/src/mavs-ros2/install/mavs-ros2/share/mavs-ros2//launch/launch_vehicle_and_camera.py
[0.909s] -- Up-to-date: /home/jdj688/mavs_ros2/src/mavs-ros2/install/mavs-ros2/share/mavs-ros2//launch/launch_vehicle_and_camera_and_lidar.py
[0.920s] -- Up-to-date: /home/jdj688/mavs_ros2/src/mavs-ros2/install/mavs-ros2/share/mavs-ros2//launch/mavs_config.txt
[0.925s] -- Installing: /home/jdj688/mavs_ros2/src/mavs-ros2/install/mavs-ros2/share/mavs-ros2//launch/scene_creator_launch.py
[0.972s] -- Up-to-date: /home/jdj688/mavs_ros2/src/mavs-ros2/install/mavs-ros2/include/mavs-ros2
[0.978s] -- Up-to-date: /home/jdj688/mavs_ros2/src/mavs-ros2/install/mavs-ros2/include/mavs-ros2/mavs_camera_node.h
[0.980s] -- Up-to-date: /home/jdj688/mavs_ros2/src/mavs-ros2/install/mavs-ros2/include/mavs-ros2/mavs_lidar_node.h
[0.982s] -- Up-to-date: /home/jdj688/mavs_ros2/src/mavs-ros2/install/mavs-ros2/include/mavs-ros2/mavs_localization_node.h
[0.992s] -- Up-to-date: /home/jdj688/mavs_ros2/src/mavs-ros2/install/mavs-ros2/include/mavs-ros2/mavs_node.h
[0.994s] -- Up-to-date: /home/jdj688/mavs_ros2/src/mavs-ros2/install/mavs-ros2/include/mavs-ros2/mavs_ros_utils.h
[1.005s] -- Up-to-date: /home/jdj688/mavs_ros2/src/mavs-ros2/install/mavs-ros2/include/mavs-ros2/mavs_sensor_node.h
[1.007s] -- Up-to-date: /home/jdj688/mavs_ros2/src/mavs-ros2/install/mavs-ros2/include/mavs-ros2/mavs_vehicle_node.h
[1.008s] -- Up-to-date: /home/jdj688/mavs_ros2/src/mavs-ros2/install/mavs-ros2/include/mavs-ros2/mavs_vehicle_node_scene_creator.h
[1.021s] -- Up-to-date: /home/jdj688/mavs_ros2/src/mavs-ros2/install/mavs-ros2/share/mavs-ros2/cmake/mavs-ros2Targets.cmake
[1.025s] -- Up-to-date: /home/jdj688/mavs_ros2/src/mavs-ros2/install/mavs-ros2/share/mavs-ros2/cmake/mavs-ros2Targets-noconfig.cmake
[1.031s] -- Up-to-date: /home/jdj688/mavs_ros2/src/mavs-ros2/install/mavs-ros2/share/ament_index/resource_index/package_run_dependencies/mavs-ros2
[1.035s] -- Up-to-date: /home/jdj688/mavs_ros2/src/mavs-ros2/install/mavs-ros2/share/ament_index/resource_index/parent_prefix_path/mavs-ros2
[1.039s] -- Up-to-date: /home/jdj688/mavs_ros2/src/mavs-ros2/install/mavs-ros2/share/mavs-ros2/environment/ament_prefix_path.sh
[1.044s] -- Up-to-date: /home/jdj688/mavs_ros2/src/mavs-ros2/install/mavs-ros2/share/mavs-ros2/environment/ament_prefix_path.dsv
[1.049s] -- Up-to-date: /home/jdj688/mavs_ros2/src/mavs-ros2/install/mavs-ros2/share/mavs-ros2/environment/path.sh
[1.057s] -- Up-to-date: /home/jdj688/mavs_ros2/src/mavs-ros2/install/mavs-ros2/share/mavs-ros2/environment/path.dsv
[1.059s] -- Up-to-date: /home/jdj688/mavs_ros2/src/mavs-ros2/install/mavs-ros2/share/mavs-ros2/local_setup.bash
[1.062s] -- Up-to-date: /home/jdj688/mavs_ros2/src/mavs-ros2/install/mavs-ros2/share/mavs-ros2/local_setup.sh
[1.064s] -- Up-to-date: /home/jdj688/mavs_ros2/src/mavs-ros2/install/mavs-ros2/share/mavs-ros2/local_setup.zsh
[1.067s] -- Up-to-date: /home/jdj688/mavs_ros2/src/mavs-ros2/install/mavs-ros2/share/mavs-ros2/local_setup.dsv
[1.070s] -- Installing: /home/jdj688/mavs_ros2/src/mavs-ros2/install/mavs-ros2/share/mavs-ros2/package.dsv
[1.110s] -- Up-to-date: /home/jdj688/mavs_ros2/src/mavs-ros2/install/mavs-ros2/share/ament_index/resource_index/packages/mavs-ros2
[1.118s] -- Up-to-date: /home/jdj688/mavs_ros2/src/mavs-ros2/install/mavs-ros2/share/mavs-ros2/cmake/mavs-ros2Export.cmake
[1.121s] -- Up-to-date: /home/jdj688/mavs_ros2/src/mavs-ros2/install/mavs-ros2/share/mavs-ros2/cmake/mavs-ros2Export-noconfig.cmake
[1.123s] -- Up-to-date: /home/jdj688/mavs_ros2/src/mavs-ros2/install/mavs-ros2/share/mavs-ros2/cmake/ament_cmake_export_include_directories-extras.cmake
[1.129s] -- Up-to-date: /home/jdj688/mavs_ros2/src/mavs-ros2/install/mavs-ros2/share/mavs-ros2/cmake/ament_cmake_export_targets-extras.cmake
[1.137s] -- Up-to-date: /home/jdj688/mavs_ros2/src/mavs-ros2/install/mavs-ros2/share/mavs-ros2/cmake/mavs-ros2Config.cmake
[1.140s] -- Up-to-date: /home/jdj688/mavs_ros2/src/mavs-ros2/install/mavs-ros2/share/mavs-ros2/cmake/mavs-ros2Config-version.cmake
[1.143s] -- Up-to-date: /home/jdj688/mavs_ros2/src/mavs-ros2/install/mavs-ros2/share/mavs-ros2/package.xml
[1.160s] Invoked command in '/home/jdj688/mavs_ros2/src/mavs-ros2/build/mavs-ros2' returned '0': CMAKE_PREFIX_PATH=${CMAKE_PREFIX_PATH}:/opt/ros/humble DEBUGINFOD_URLS=https://debuginfod.centos.org/ PS1=Singularity> /usr/bin/cmake --install /home/jdj688/mavs_ros2/src/mavs-ros2/build/mavs-ros2
