[0.000000] (-) TimerEvent: {}
[0.000274] (mavs-ros2) JobQueued: {'identifier': 'mavs-ros2', 'dependencies': OrderedDict()}
[0.000300] (mavs-ros2) JobStarted: {'identifier': 'mavs-ros2'}
[0.073775] (mavs-ros2) JobProgress: {'identifier': 'mavs-ros2', 'progress': 'cmake'}
[0.091032] (mavs-ros2) JobProgress: {'identifier': 'mavs-ros2', 'progress': 'build'}
[0.094808] (mavs-ros2) Command: {'cmd': ['/usr/bin/cmake', '--build', '/home/jdj688/mavs_ros2/src/mavs-ros2/build/mavs-ros2', '--', '-j96', '-l96'], 'cwd': '/home/jdj688/mavs_ros2/src/mavs-ros2/build/mavs-ros2', 'env': OrderedDict([('LESSOPEN', '||/usr/bin/lesspipe.sh %s'), ('HISTFILESIZE', '0'), ('LMOD_DIR', '/apps/other/lmod/lmod/libexec'), ('USER', 'jdj688'), ('SSH_CLIENT', '130.18.14.251 60942 22'), ('__LMOD_REF_COUNT_CMAKE_PREFIX_PATH', '/apps/spack-managed/gcc-11.3.1/apptainer-1.0.2-sly2h7brp2pnfvoo2atzfjl7cjnydnic:1;/apps/spack-managed/gcc-11.3.1/go-1.18-alznydijxhxcjhrs6gv4ewrkzfpbekcp:1;/apps/spack-managed/gcc-11.3.1/git-2.38.1-y5mypep4s26jrmydtbcscxbtjm2ttk3e:1;/apps/spack-managed/gcc-11.3.1/perl-5.36.0-vu5twd3fz7fqbfo2sesaounbstcoycih:1;/apps/spack-managed/gcc-11.3.1/zlib-1.2.13-iliwgto55zekyo2bdhemxjz2bu54u2kn:1;/apps/spack-managed/gcc-11.3.1/pcre2-10.39-mzli5r4utmxlbz6lxj4kyaujoibgixwp:1'), ('HOSTNAME', 'mavs-2.hpc.msstate.edu'), ('XDG_SESSION_TYPE', 'tty'), ('LMOD_PKG', '/apps/other/lmod/lmod'), ('SHLVL', '2'), ('LD_LIBRARY_PATH', '/home/jdj688/mavs_ros2/src/mavs-ros2/install/mavs-ros2/lib:/opt/ros/humble/opt/rviz_ogre_vendor/lib:/opt/ros/humble/lib/x86_64-linux-gnu:/opt/ros/humble/lib:/lib:/usr/lib:/usr/local/lib:/.singularity.d/libs'), ('MOTD_SHOWN', 'pam'), ('HOME', '/home/jdj688'), ('__LMOD_REF_COUNT_GOPATH', '/apps/spack-managed/gcc-11.3.1/apptainer-1.0.2-sly2h7brp2pnfvoo2atzfjl7cjnydnic:1'), ('OLDPWD', '/home/jdj688/mavs_ros2/src'), ('SSH_TTY', '/dev/pts/9'), ('USER_PATH', '/apps/spack-managed/gcc-11.3.1/apptainer-1.0.2-sly2h7brp2pnfvoo2atzfjl7cjnydnic/bin:/apps/spack-managed/gcc-11.3.1/go-1.18-alznydijxhxcjhrs6gv4ewrkzfpbekcp/bin:/apps/spack-managed/gcc-11.3.1/git-2.38.1-y5mypep4s26jrmydtbcscxbtjm2ttk3e/bin:/apps/spack-managed/gcc-11.3.1/perl-5.36.0-vu5twd3fz7fqbfo2sesaounbstcoycih/bin:/apps/spack-managed/gcc-11.3.1/pcre2-10.39-mzli5r4utmxlbz6lxj4kyaujoibgixwp/bin:/usr/sbin:/usr/bin:/apps/sbin:/apps/bin:/home/jdj688/mavs/install/lib64:/bin:/usr/bin:/sbin:/usr/sbin:/usr/local/bin:/usr/local/sbin'), ('__LMOD_REF_COUNT_PKG_CONFIG_PATH', '/apps/spack-managed/gcc-11.3.1/zlib-1.2.13-iliwgto55zekyo2bdhemxjz2bu54u2kn/lib/pkgconfig:1;/apps/spack-managed/gcc-11.3.1/pcre2-10.39-mzli5r4utmxlbz6lxj4kyaujoibgixwp/lib/pkgconfig:1'), ('ROS_PYTHON_VERSION', '3'), ('PS1', 'Singularity>'), ('_LMFILES_', '/apps/spack-managed/modulefiles/linux-rocky9-x86_64/Core/pcre2/10.39.lua:/apps/spack-managed/modulefiles/linux-rocky9-x86_64/Core/zlib/1.2.13.lua:/apps/spack-managed/modulefiles/linux-rocky9-x86_64/Core/perl/5.36.0.lua:/apps/spack-managed/modulefiles/linux-rocky9-x86_64/Core/git/2.38.1.lua:/apps/spack-managed/modulefiles/linux-rocky9-x86_64/Core/go/1.18.lua:/apps/spack-managed/modulefiles/linux-rocky9-x86_64/Core/apptainer/1.0.2.lua'), ('DBUS_SESSION_BUS_ADDRESS', 'unix:path=/run/user/9880/bus'), ('APPTAINER_ENVIRONMENT', '/.singularity.d/env/91-environment.sh'), ('__LMOD_REF_COUNT_PATH', '/apps/spack-managed/gcc-11.3.1/apptainer-1.0.2-sly2h7brp2pnfvoo2atzfjl7cjnydnic/bin:1;/apps/spack-managed/gcc-11.3.1/go-1.18-alznydijxhxcjhrs6gv4ewrkzfpbekcp/bin:1;/apps/spack-managed/gcc-11.3.1/git-2.38.1-y5mypep4s26jrmydtbcscxbtjm2ttk3e/bin:1;/apps/spack-managed/gcc-11.3.1/perl-5.36.0-vu5twd3fz7fqbfo2sesaounbstcoycih/bin:1;/apps/spack-managed/gcc-11.3.1/pcre2-10.39-mzli5r4utmxlbz6lxj4kyaujoibgixwp/bin:1;/usr/sbin:1;/usr/bin:1;/apps/sbin:1;/apps/bin:1;/home/jdj688/mavs/install/lib64:1'), ('LMOD_sys', 'Linux'), ('LMOD_SHELL_PRGM', 'bash'), ('DEBUGINFOD_URLS', 'https://debuginfod.centos.org/'), ('which_declare', 'declare -f'), ('COLCON_PREFIX_PATH', '/home/jdj688/mavs_ros2/install:/home/jdj688/mavs_ros2/src/nature/install:/home/jdj688/mavs_ros2/src/mavs-ros2/install'), ('ROS_DISTRO', 'humble'), ('SINGULARITY_ENVIRONMENT', '/.singularity.d/env/91-environment.sh'), ('LOGNAME', 'jdj688'), ('LMOD_VERSION', '8.7.14'), ('_', '/usr/bin/colcon'), ('ROS_VERSION', '2'), ('PKG_CONFIG_PATH', '/apps/spack-managed/gcc-11.3.1/zlib-1.2.13-iliwgto55zekyo2bdhemxjz2bu54u2kn/lib/pkgconfig:/apps/spack-managed/gcc-11.3.1/pcre2-10.39-mzli5r4utmxlbz6lxj4kyaujoibgixwp/lib/pkgconfig'), ('PERL_ROOT', '/apps/spack-managed/gcc-11.3.1/perl-5.36.0-vu5twd3fz7fqbfo2sesaounbstcoycih'), ('XDG_SESSION_CLASS', 'user'), ('TERM', 'xterm-256color'), ('XDG_SESSION_ID', '925'), ('PCRE2_ROOT', '/apps/spack-managed/gcc-11.3.1/pcre2-10.39-mzli5r4utmxlbz6lxj4kyaujoibgixwp'), ('ZLIB_ROOT', '/apps/spack-managed/gcc-11.3.1/zlib-1.2.13-iliwgto55zekyo2bdhemxjz2bu54u2kn'), ('ROS_LOCALHOST_ONLY', '0'), ('HISTCONTROL', 'ignoredups'), ('PATH', '/opt/ros/humble/bin:/usr/local/sbin:/usr/local/bin:/usr/sbin:/usr/bin:/sbin:/bin'), ('APPTAINER_COMMAND', 'shell'), ('LMOD_SETTARG_FULL_SUPPORT', 'no'), ('__LMOD_REF_COUNT_LD_LIBRARY_PATH', '/apps/spack-managed/gcc-11.3.1/go-1.18-alznydijxhxcjhrs6gv4ewrkzfpbekcp/lib:1;/apps/spack-managed/gcc-11.3.1/perl-5.36.0-vu5twd3fz7fqbfo2sesaounbstcoycih/lib:1;/apps/spack-managed/gcc-11.3.1/zlib-1.2.13-iliwgto55zekyo2bdhemxjz2bu54u2kn/lib:1;/apps/spack-managed/gcc-11.3.1/pcre2-10.39-mzli5r4utmxlbz6lxj4kyaujoibgixwp/lib:1;/home/jdj688/.local/lib:1;/usr/lib64:1;/usr/lib:1;/home/jdj688/mavs/install/lib64:1'), ('XDG_RUNTIME_DIR', '/run/user/9880'), ('DISPLAY', 'localhost:12.0'), ('LMOD_SYSTEM_NAME', 'desktop-rh9.x'), ('HISTSIZE', '100'), ('APPTAINER_APPNAME', ''), ('LANG', 'en_US.UTF-8'), ('LMOD_ROOT', '/apps/other/lmod'), ('RMW_IMPLEMENTATION', 'rmw_cyclonedds_cpp'), ('AMENT_PREFIX_PATH', '/home/jdj688/mavs_ros2/src/nature/install/nature:/home/jdj688/mavs_ros2/src/mavs-ros2/install/mavs-ros2:/opt/ros/humble'), ('SHELL', '/bin/bash'), ('MODULEPATH_ROOT', '/apps/other/modulefiles'), ('GOPATH', '/apps/spack-managed/gcc-11.3.1/apptainer-1.0.2-sly2h7brp2pnfvoo2atzfjl7cjnydnic'), ('GO_ROOT', '/apps/spack-managed/gcc-11.3.1/go-1.18-alznydijxhxcjhrs6gv4ewrkzfpbekcp'), ('GIT_ROOT', '/apps/spack-managed/gcc-11.3.1/git-2.38.1-y5mypep4s26jrmydtbcscxbtjm2ttk3e'), ('APPTAINER_CONTAINER', '/scratch/cgoodin/containers/mavs-ros2-ctg.sif'), ('APPTAINER_BIND', '/home/jdj688/mavs_ros2,/cavs,/cci,/ccs,/gri,/hpc,/igbb,/ngi'), ('LMOD_CMD', '/apps/other/lmod/lmod/libexec/lmod'), ('_ModuleTable_Sz_', '6'), ('SINGULARITY_CONTAINER', '/scratch/cgoodin/containers/mavs-ros2-ctg.sif'), ('BASH_ENV', '/apps/other/lmod/lmod/init/bash'), ('SINGULARITY_BIND', '/home/jdj688/mavs_ros2,/cavs,/cci,/ccs,/gri,/hpc,/igbb,/ngi'), ('_ModuleTable001_', 'X01vZHVsZVRhYmxlXyA9IHsKTVR2ZXJzaW9uID0gMywKY19yZWJ1aWxkVGltZSA9IGZhbHNlLApjX3Nob3J0VGltZSA9IGZhbHNlLApkZXB0aFQgPSB7fSwKZmFtaWx5ID0ge30sCm1UID0gewphcHB0YWluZXIgPSB7CmZuID0gIi9hcHBzL3NwYWNrLW1hbmFnZWQvbW9kdWxlZmlsZXMvbGludXgtcm9ja3k5LXg4Nl82NC9Db3JlL2FwcHRhaW5lci8xLjAuMi5sdWEiLApmdWxsTmFtZSA9ICJhcHB0YWluZXIvMS4wLjIiLApsb2FkT3JkZXIgPSA2LApwcm9wVCA9IHt9LApzdGFja0RlcHRoID0gMCwKc3RhdHVzID0gImFjdGl2ZSIsCnVzZXJOYW1lID0gImFwcHRhaW5lciIsCndWID0gIjAwMDAwMDAwMS4wMDAwMDAwMDAuMDAwMDAwMDAyLip6ZmluYWwiLAp9LApnaXQgPSB7CmZu'), ('_ModuleTable002_', 'ID0gIi9hcHBzL3NwYWNrLW1hbmFnZWQvbW9kdWxlZmlsZXMvbGludXgtcm9ja3k5LXg4Nl82NC9Db3JlL2dpdC8yLjM4LjEubHVhIiwKZnVsbE5hbWUgPSAiZ2l0LzIuMzguMSIsCmxvYWRPcmRlciA9IDQsCnByb3BUID0ge30sCnJlZl9jb3VudCA9IDEsCnN0YWNrRGVwdGggPSAyLApzdGF0dXMgPSAiYWN0aXZlIiwKdXNlck5hbWUgPSAiZ2l0LzIuMzguMSIsCndWID0gIjAwMDAwMDAwMi4wMDAwMDAwMzguMDAwMDAwMDAxLip6ZmluYWwiLAp9LApnbyA9IHsKZm4gPSAiL2FwcHMvc3BhY2stbWFuYWdlZC9tb2R1bGVmaWxlcy9saW51eC1yb2NreTkteDg2XzY0L0NvcmUvZ28vMS4xOC5sdWEiLApmdWxsTmFtZSA9ICJnby8xLjE4IiwKbG9hZE9yZGVyID0gNSwKcHJvcFQgPSB7'), ('PWD', '/home/jdj688/mavs_ros2/src/mavs-ros2/build/mavs-ros2'), ('LOADEDMODULES', 'pcre2/10.39:zlib/1.2.13:perl/5.36.0:git/2.38.1:go/1.18:apptainer/1.0.2'), ('APPTAINER_NAME', 'mavs-ros2-ctg.sif'), ('LC_ALL', 'en_US.UTF-8'), ('SSH_CONNECTION', '130.18.14.251 60942 130.18.14.170 22'), ('_ModuleTable003_', 'fSwKcmVmX2NvdW50ID0gMSwKc3RhY2tEZXB0aCA9IDEsCnN0YXR1cyA9ICJhY3RpdmUiLAp1c2VyTmFtZSA9ICJnby8xLjE4IiwKd1YgPSAiMDAwMDAwMDAxLjAwMDAwMDAxOC4qemZpbmFsIiwKfSwKcGNyZTIgPSB7CmZuID0gIi9hcHBzL3NwYWNrLW1hbmFnZWQvbW9kdWxlZmlsZXMvbGludXgtcm9ja3k5LXg4Nl82NC9Db3JlL3BjcmUyLzEwLjM5Lmx1YSIsCmZ1bGxOYW1lID0gInBjcmUyLzEwLjM5IiwKbG9hZE9yZGVyID0gMSwKcHJvcFQgPSB7fSwKcmVmX2NvdW50ID0gMSwKc3RhY2tEZXB0aCA9IDMsCnN0YXR1cyA9ICJhY3RpdmUiLAp1c2VyTmFtZSA9ICJwY3JlMi8xMC4zOSIsCndWID0gIjAwMDAwMDAxMC4wMDAwMDAwMzkuKnpmaW5hbCIsCn0sCnBlcmwgPSB7CmZu'), ('PYTHONPATH', '/opt/ros/humble/lib/python3.10/site-packages:/opt/ros/humble/local/lib/python3.10/dist-packages'), ('_ModuleTable004_', 'ID0gIi9hcHBzL3NwYWNrLW1hbmFnZWQvbW9kdWxlZmlsZXMvbGludXgtcm9ja3k5LXg4Nl82NC9Db3JlL3BlcmwvNS4zNi4wLmx1YSIsCmZ1bGxOYW1lID0gInBlcmwvNS4zNi4wIiwKbG9hZE9yZGVyID0gMywKcHJvcFQgPSB7fSwKcmVmX2NvdW50ID0gMSwKc3RhY2tEZXB0aCA9IDMsCnN0YXR1cyA9ICJhY3RpdmUiLAp1c2VyTmFtZSA9ICJwZXJsLzUuMzYuMCIsCndWID0gIjAwMDAwMDAwNS4wMDAwMDAwMzYuKnpmaW5hbCIsCn0sCnpsaWIgPSB7CmZuID0gIi9hcHBzL3NwYWNrLW1hbmFnZWQvbW9kdWxlZmlsZXMvbGludXgtcm9ja3k5LXg4Nl82NC9Db3JlL3psaWIvMS4yLjEzLmx1YSIsCmZ1bGxOYW1lID0gInpsaWIvMS4yLjEzIiwKbG9hZE9yZGVyID0gMiwKcHJvcFQg'), ('SINGULARITY_NAME', 'mavs-ros2-ctg.sif'), ('_ModuleTable005_', 'PSB7fSwKcmVmX2NvdW50ID0gMiwKc3RhY2tEZXB0aCA9IDQsCnN0YXR1cyA9ICJhY3RpdmUiLAp1c2VyTmFtZSA9ICJ6bGliLzEuMi4xMyIsCndWID0gIjAwMDAwMDAwMS4wMDAwMDAwMDIuMDAwMDAwMDEzLip6ZmluYWwiLAp9LAp9LAptcGF0aEEgPSB7CiIvYXBwcy9zcGFjay1tYW5hZ2VkL21vZHVsZWZpbGVzL2xpbnV4LXJvY2t5OS14ODZfNjQvQ29yZSIKLCAiL2FwcHMvb3RoZXIvbW9kdWxlZmlsZXMiLCAiL2FwcHMvY29udGFpbmVycy9tb2R1bGVmaWxlcyIsICIvYXBwcy9saWNlbnNlZC9tb2R1bGVmaWxlcyIsCn0sCnN5c3RlbUJhc2VNUEFUSCA9ICIvYXBwcy9zcGFjay1tYW5hZ2VkL21vZHVsZWZpbGVzL2xpbnV4LXJvY2t5OS14ODZfNjQvQ29yZTovYXBwcy9vdGhl'), ('CONTAINERS', '/apps/containers/'), ('COLCON', '1'), ('__LMOD_REF_COUNT_MODULEPATH', '/apps/spack-managed/modulefiles/linux-rocky9-x86_64/Core:1;/apps/other/modulefiles:1;/apps/containers/modulefiles:1;/apps/licensed/modulefiles:1'), ('MANPATH', '/apps/spack-managed/gcc-11.3.1/apptainer-1.0.2-sly2h7brp2pnfvoo2atzfjl7cjnydnic/share/man:/apps/spack-managed/gcc-11.3.1/git-2.38.1-y5mypep4s26jrmydtbcscxbtjm2ttk3e/share/man:/apps/spack-managed/gcc-11.3.1/perl-5.36.0-vu5twd3fz7fqbfo2sesaounbstcoycih/man:/apps/spack-managed/gcc-11.3.1/zlib-1.2.13-iliwgto55zekyo2bdhemxjz2bu54u2kn/share/man:/apps/spack-managed/gcc-11.3.1/pcre2-10.39-mzli5r4utmxlbz6lxj4kyaujoibgixwp/share/man:/apps/other/lmod/lmod/share/man:/usr/share/man:/apps/share/man:/apps/man'), ('_ModuleTable006_', 'ci9tb2R1bGVmaWxlczovYXBwcy9jb250YWluZXJzL21vZHVsZWZpbGVzOi9hcHBzL2xpY2Vuc2VkL21vZHVsZWZpbGVzIiwKfQo='), ('__LMOD_REF_COUNT_MANPATH', '/apps/spack-managed/gcc-11.3.1/apptainer-1.0.2-sly2h7brp2pnfvoo2atzfjl7cjnydnic/share/man:1;/apps/spack-managed/gcc-11.3.1/git-2.38.1-y5mypep4s26jrmydtbcscxbtjm2ttk3e/share/man:1;/apps/spack-managed/gcc-11.3.1/perl-5.36.0-vu5twd3fz7fqbfo2sesaounbstcoycih/man:1;/apps/spack-managed/gcc-11.3.1/zlib-1.2.13-iliwgto55zekyo2bdhemxjz2bu54u2kn/share/man:1;/apps/spack-managed/gcc-11.3.1/pcre2-10.39-mzli5r4utmxlbz6lxj4kyaujoibgixwp/share/man:1;/apps/other/lmod/lmod/share/man:1;/usr/share/man:1;/apps/share/man:1;/apps/man:1'), ('MODULEPATH', '/apps/spack-managed/modulefiles/linux-rocky9-x86_64/Core:/apps/other/modulefiles:/apps/containers/modulefiles:/apps/licensed/modulefiles'), ('MODULESHOME', '/apps/other/lmod/lmod'), ('CMAKE_PREFIX_PATH', '/home/jdj688/mavs_ros2/src/nature/install/nature:/home/jdj688/mavs_ros2/src/mavs-ros2/install/mavs-ros2:/apps/spack-managed/gcc-11.3.1/apptainer-1.0.2-sly2h7brp2pnfvoo2atzfjl7cjnydnic:/apps/spack-managed/gcc-11.3.1/go-1.18-alznydijxhxcjhrs6gv4ewrkzfpbekcp:/apps/spack-managed/gcc-11.3.1/git-2.38.1-y5mypep4s26jrmydtbcscxbtjm2ttk3e:/apps/spack-managed/gcc-11.3.1/perl-5.36.0-vu5twd3fz7fqbfo2sesaounbstcoycih:/apps/spack-managed/gcc-11.3.1/zlib-1.2.13-iliwgto55zekyo2bdhemxjz2bu54u2kn:/apps/spack-managed/gcc-11.3.1/pcre2-10.39-mzli5r4utmxlbz6lxj4kyaujoibgixwp:/opt/ros/humble')]), 'shell': False}
[0.128501] (-) TimerEvent: {}
[0.228765] (-) TimerEvent: {}
[0.236857] (mavs-ros2) StderrLine: {'line': b'\x1b[0mCMake Deprecation Warning at CMakeLists.txt:1 (cmake_minimum_required):\n'}
[0.237056] (mavs-ros2) StderrLine: {'line': b'  Compatibility with CMake < 3.10 will be removed from a future version of\n'}
[0.237132] (mavs-ros2) StderrLine: {'line': b'  CMake.\n'}
[0.237206] (mavs-ros2) StderrLine: {'line': b'\n'}
[0.237272] (mavs-ros2) StderrLine: {'line': b'  Update the VERSION argument <min> value.  Or, use the <min>...<max> syntax\n'}
[0.237337] (mavs-ros2) StderrLine: {'line': b'  to tell CMake that the project requires at least <min> but has been updated\n'}
[0.237402] (mavs-ros2) StderrLine: {'line': b'  to work with policies introduced by <max> or earlier.\n'}
[0.237467] (mavs-ros2) StderrLine: {'line': b'\n'}
[0.237529] (mavs-ros2) StderrLine: {'line': b'\x1b[0m\n'}
[0.257914] (mavs-ros2) StdoutLine: {'line': b'-- Found ament_cmake: 1.3.12 (/opt/ros/humble/share/ament_cmake/cmake)\n'}
[0.328843] (-) TimerEvent: {}
[0.429085] (-) TimerEvent: {}
[0.529342] (-) TimerEvent: {}
[0.577244] (mavs-ros2) StdoutLine: {'line': b'-- Found OpenMP_C: -fopenmp (found version "4.5")\n'}
[0.577404] (mavs-ros2) StdoutLine: {'line': b'-- Found OpenMP_CXX: -fopenmp (found version "4.5")\n'}
[0.629417] (-) TimerEvent: {}
[0.729624] (-) TimerEvent: {}
[0.829864] (-) TimerEvent: {}
[0.850245] (mavs-ros2) StdoutLine: {'line': b'-- Found rclcpp: 16.0.14 (/opt/ros/humble/share/rclcpp/cmake)\n'}
[0.918139] (mavs-ros2) StdoutLine: {'line': b'-- Found rosidl_generator_c: 3.1.7 (/opt/ros/humble/share/rosidl_generator_c/cmake)\n'}
[0.924221] (mavs-ros2) StdoutLine: {'line': b'-- Found rosidl_adapter: 3.1.7 (/opt/ros/humble/share/rosidl_adapter/cmake)\n'}
[0.929934] (-) TimerEvent: {}
[0.934352] (mavs-ros2) StdoutLine: {'line': b'-- Found rosidl_generator_cpp: 3.1.7 (/opt/ros/humble/share/rosidl_generator_cpp/cmake)\n'}
[0.951362] (mavs-ros2) StdoutLine: {'line': b'-- Using all available rosidl_typesupport_c: rosidl_typesupport_fastrtps_c;rosidl_typesupport_introspection_c\n'}
[0.976240] (mavs-ros2) StdoutLine: {'line': b'-- Using all available rosidl_typesupport_cpp: rosidl_typesupport_fastrtps_cpp;rosidl_typesupport_introspection_cpp\n'}
[1.030053] (-) TimerEvent: {}
[1.032019] (mavs-ros2) StdoutLine: {'line': b'-- Found rmw_implementation_cmake: 6.1.2 (/opt/ros/humble/share/rmw_implementation_cmake/cmake)\n'}
[1.036364] (mavs-ros2) StdoutLine: {'line': b'-- Found rmw_cyclonedds_cpp: 1.3.4 (/opt/ros/humble/share/rmw_cyclonedds_cpp/cmake)\n'}
[1.071898] (mavs-ros2) StdoutLine: {'line': b"-- Using RMW implementation 'rmw_cyclonedds_cpp' as default\n"}
[1.130174] (-) TimerEvent: {}
[1.170547] (mavs-ros2) StdoutLine: {'line': b'-- Found geometry_msgs: 4.9.0 (/opt/ros/humble/share/geometry_msgs/cmake)\n'}
[1.187786] (mavs-ros2) StdoutLine: {'line': b'-- Found sensor_msgs: 4.9.0 (/opt/ros/humble/share/sensor_msgs/cmake)\n'}
[1.212425] (mavs-ros2) StdoutLine: {'line': b'-- Found nav_msgs: 4.9.0 (/opt/ros/humble/share/nav_msgs/cmake)\n'}
[1.230253] (-) TimerEvent: {}
[1.247064] (mavs-ros2) StdoutLine: {'line': b'-- Found tf2: 0.25.15 (/opt/ros/humble/share/tf2/cmake)\n'}
[1.256083] (mavs-ros2) StdoutLine: {'line': b'-- Found tf2_ros: 0.25.15 (/opt/ros/humble/share/tf2_ros/cmake)\n'}
[1.330380] (-) TimerEvent: {}
[1.395483] (mavs-ros2) StdoutLine: {'line': b'-- Found visualization_msgs: 4.9.0 (/opt/ros/humble/share/visualization_msgs/cmake)\n'}
[1.428577] (mavs-ros2) StdoutLine: {'line': b'-- Found tf2_geometry_msgs: 0.25.15 (/opt/ros/humble/share/tf2_geometry_msgs/cmake)\n'}
[1.430480] (-) TimerEvent: {}
[1.439539] (mavs-ros2) StdoutLine: {'line': b'-- Found eigen3_cmake_module: 0.1.1 (/opt/ros/humble/share/eigen3_cmake_module/cmake)\n'}
[1.441222] (mavs-ros2) StdoutLine: {'line': b'-- Ensuring Eigen3 include directory is part of orocos-kdl CMake target\n'}
[1.530586] (-) TimerEvent: {}
[1.625658] (mavs-ros2) StdoutLine: {'line': b'-- Found OpenMP_C: -fopenmp (found version "4.5")\n'}
[1.626087] (mavs-ros2) StdoutLine: {'line': b'-- Found OpenMP_CXX: -fopenmp (found version "4.5")\n'}
[1.630662] (-) TimerEvent: {}
[1.730874] (-) TimerEvent: {}
[1.831083] (-) TimerEvent: {}
[1.931304] (-) TimerEvent: {}
[2.031535] (-) TimerEvent: {}
[2.075733] (mavs-ros2) StdoutLine: {'line': b'-- Configuring done (1.9s)\n'}
[2.131611] (-) TimerEvent: {}
[2.231812] (-) TimerEvent: {}
[2.332036] (-) TimerEvent: {}
[2.432266] (-) TimerEvent: {}
[2.532494] (-) TimerEvent: {}
[2.632708] (-) TimerEvent: {}
[2.732910] (-) TimerEvent: {}
[2.833111] (-) TimerEvent: {}
[2.933318] (-) TimerEvent: {}
[3.033539] (-) TimerEvent: {}
[3.133735] (-) TimerEvent: {}
[3.233956] (-) TimerEvent: {}
[3.334158] (-) TimerEvent: {}
[3.434365] (-) TimerEvent: {}
[3.534592] (-) TimerEvent: {}
[3.634783] (-) TimerEvent: {}
[3.661914] (mavs-ros2) StdoutLine: {'line': b'-- Generating done (1.6s)\n'}
[3.734865] (-) TimerEvent: {}
[3.835144] (-) TimerEvent: {}
[3.935342] (-) TimerEvent: {}
[3.939345] (mavs-ros2) StdoutLine: {'line': b'-- Build files have been written to: /home/jdj688/mavs_ros2/src/mavs-ros2/build/mavs-ros2\n'}
[4.035447] (-) TimerEvent: {}
[4.135656] (-) TimerEvent: {}
[4.189814] (mavs-ros2) StdoutLine: {'line': b'[ 14%] Built target mavs-ros2\n'}
[4.235745] (-) TimerEvent: {}
[4.335975] (-) TimerEvent: {}
[4.394637] (mavs-ros2) StdoutLine: {'line': b'[ 78%] \x1b[32mBuilding CXX object CMakeFiles/mavs_vehicle_node_scene_creator.dir/src/mavs_vehicle_node_scene_creator.cpp.o\x1b[0m\n'}
[4.405117] (mavs-ros2) StdoutLine: {'line': b'[ 78%] Built target mavs_lidar_node\n'}
[4.405375] (mavs-ros2) StdoutLine: {'line': b'[ 78%] Built target mavs_localization_node\n'}
[4.408661] (mavs-ros2) StdoutLine: {'line': b'[ 92%] Built target mavs_camera_node\n'}
[4.408856] (mavs-ros2) StdoutLine: {'line': b'[ 92%] Built target mavs_vehicle_node\n'}
[4.409778] (mavs-ros2) StdoutLine: {'line': b'[ 92%] Built target mavs_pose_aggregator_node\n'}
[4.436073] (-) TimerEvent: {}
[4.536282] (-) TimerEvent: {}
[4.636525] (-) TimerEvent: {}
[4.736775] (-) TimerEvent: {}
[4.837059] (-) TimerEvent: {}
[4.937397] (-) TimerEvent: {}
[5.037706] (-) TimerEvent: {}
[5.138007] (-) TimerEvent: {}
[5.238418] (-) TimerEvent: {}
[5.338860] (-) TimerEvent: {}
[5.439300] (-) TimerEvent: {}
[5.539596] (-) TimerEvent: {}
[5.639905] (-) TimerEvent: {}
[5.740248] (-) TimerEvent: {}
[5.840540] (-) TimerEvent: {}
[5.940874] (-) TimerEvent: {}
[6.041190] (-) TimerEvent: {}
[6.141498] (-) TimerEvent: {}
[6.241839] (-) TimerEvent: {}
[6.342178] (-) TimerEvent: {}
[6.442507] (-) TimerEvent: {}
[6.542847] (-) TimerEvent: {}
[6.643187] (-) TimerEvent: {}
[6.743536] (-) TimerEvent: {}
[6.843875] (-) TimerEvent: {}
[6.944176] (-) TimerEvent: {}
[7.044501] (-) TimerEvent: {}
[7.144827] (-) TimerEvent: {}
[7.245119] (-) TimerEvent: {}
[7.345417] (-) TimerEvent: {}
[7.445739] (-) TimerEvent: {}
[7.546061] (-) TimerEvent: {}
[7.646376] (-) TimerEvent: {}
[7.746671] (-) TimerEvent: {}
[7.847066] (-) TimerEvent: {}
[7.947371] (-) TimerEvent: {}
[8.047684] (-) TimerEvent: {}
[8.148029] (-) TimerEvent: {}
[8.248356] (-) TimerEvent: {}
[8.348690] (-) TimerEvent: {}
[8.448991] (-) TimerEvent: {}
[8.549279] (-) TimerEvent: {}
[8.649588] (-) TimerEvent: {}
[8.749865] (-) TimerEvent: {}
[8.850175] (-) TimerEvent: {}
[8.950497] (-) TimerEvent: {}
[9.050790] (-) TimerEvent: {}
[9.151104] (-) TimerEvent: {}
[9.251411] (-) TimerEvent: {}
[9.351722] (-) TimerEvent: {}
[9.452047] (-) TimerEvent: {}
[9.552357] (-) TimerEvent: {}
[9.652659] (-) TimerEvent: {}
[9.752957] (-) TimerEvent: {}
[9.765350] (mavs-ros2) StderrLine: {'line': b'\x1b[01m\x1b[K/home/jdj688/mavs_ros2/src/mavs-ros2/src/mavs_vehicle_node_scene_creator.cpp:\x1b[m\x1b[K In member function \xe2\x80\x98\x1b[01m\x1b[Kstd::vector<float> MavsVehicleNode::RunSimulation()\x1b[m\x1b[K\xe2\x80\x99:\n'}
[9.765534] (mavs-ros2) StderrLine: {'line': b'\x1b[01m\x1b[K/home/jdj688/mavs_ros2/src/mavs-ros2/src/mavs_vehicle_node_scene_creator.cpp:168:11:\x1b[m\x1b[K \x1b[01;35m\x1b[Kwarning: \x1b[m\x1b[Kvariable \xe2\x80\x98\x1b[01m\x1b[Kdesired_speed\x1b[m\x1b[K\xe2\x80\x99 set but not used [\x1b[01;35m\x1b[K\x1b]8;;https://gcc.gnu.org/onlinedocs/gcc/Warning-Options.html#index-Wunused-but-set-variable\x07-Wunused-but-set-variable\x1b]8;;\x07\x1b[m\x1b[K]\n'}
[9.765615] (mavs-ros2) StderrLine: {'line': b'  168 |     float \x1b[01;35m\x1b[Kdesired_speed\x1b[m\x1b[K = 2.0f;\n'}
[9.765690] (mavs-ros2) StderrLine: {'line': b'      |           \x1b[01;35m\x1b[K^~~~~~~~~~~~~\x1b[m\x1b[K\n'}
[9.853070] (-) TimerEvent: {}
[9.953416] (-) TimerEvent: {}
[10.053714] (-) TimerEvent: {}
[10.154026] (-) TimerEvent: {}
[10.254340] (-) TimerEvent: {}
[10.354678] (-) TimerEvent: {}
[10.455004] (-) TimerEvent: {}
[10.555272] (-) TimerEvent: {}
[10.655575] (-) TimerEvent: {}
[10.755889] (-) TimerEvent: {}
[10.856209] (-) TimerEvent: {}
[10.956525] (-) TimerEvent: {}
[11.056853] (-) TimerEvent: {}
[11.157153] (-) TimerEvent: {}
[11.257482] (-) TimerEvent: {}
[11.357795] (-) TimerEvent: {}
[11.458112] (-) TimerEvent: {}
[11.558406] (-) TimerEvent: {}
[11.658714] (-) TimerEvent: {}
[11.759028] (-) TimerEvent: {}
[11.859340] (-) TimerEvent: {}
[11.959674] (-) TimerEvent: {}
[12.059984] (-) TimerEvent: {}
[12.160268] (-) TimerEvent: {}
[12.260573] (-) TimerEvent: {}
[12.360880] (-) TimerEvent: {}
[12.461189] (-) TimerEvent: {}
[12.561508] (-) TimerEvent: {}
[12.661818] (-) TimerEvent: {}
[12.762118] (-) TimerEvent: {}
[12.862408] (-) TimerEvent: {}
[12.962696] (-) TimerEvent: {}
[13.062981] (-) TimerEvent: {}
[13.163260] (-) TimerEvent: {}
[13.263545] (-) TimerEvent: {}
[13.363824] (-) TimerEvent: {}
[13.464100] (-) TimerEvent: {}
[13.564458] (-) TimerEvent: {}
[13.664827] (-) TimerEvent: {}
[13.765177] (-) TimerEvent: {}
[13.865566] (-) TimerEvent: {}
[13.965959] (-) TimerEvent: {}
[14.066379] (-) TimerEvent: {}
[14.166784] (-) TimerEvent: {}
[14.267183] (-) TimerEvent: {}
[14.367605] (-) TimerEvent: {}
[14.468006] (-) TimerEvent: {}
[14.568406] (-) TimerEvent: {}
[14.668702] (-) TimerEvent: {}
[14.769001] (-) TimerEvent: {}
[14.869320] (-) TimerEvent: {}
[14.969626] (-) TimerEvent: {}
[15.069933] (-) TimerEvent: {}
[15.170240] (-) TimerEvent: {}
[15.270542] (-) TimerEvent: {}
[15.370835] (-) TimerEvent: {}
[15.471097] (-) TimerEvent: {}
[15.571353] (-) TimerEvent: {}
[15.671616] (-) TimerEvent: {}
[15.771877] (-) TimerEvent: {}
[15.872217] (-) TimerEvent: {}
[15.972565] (-) TimerEvent: {}
[16.072834] (-) TimerEvent: {}
[16.173136] (-) TimerEvent: {}
[16.273494] (-) TimerEvent: {}
[16.373804] (-) TimerEvent: {}
[16.474071] (-) TimerEvent: {}
[16.574396] (-) TimerEvent: {}
[16.674724] (-) TimerEvent: {}
[16.775049] (-) TimerEvent: {}
[16.875396] (-) TimerEvent: {}
[16.975667] (-) TimerEvent: {}
[17.076009] (-) TimerEvent: {}
[17.176351] (-) TimerEvent: {}
[17.276686] (-) TimerEvent: {}
[17.377011] (-) TimerEvent: {}
[17.477309] (-) TimerEvent: {}
[17.577613] (-) TimerEvent: {}
[17.677916] (-) TimerEvent: {}
[17.778223] (-) TimerEvent: {}
[17.878522] (-) TimerEvent: {}
[17.978752] (-) TimerEvent: {}
[18.079039] (-) TimerEvent: {}
[18.179348] (-) TimerEvent: {}
[18.279668] (-) TimerEvent: {}
[18.379976] (-) TimerEvent: {}
[18.480279] (-) TimerEvent: {}
[18.580580] (-) TimerEvent: {}
[18.680883] (-) TimerEvent: {}
[18.781177] (-) TimerEvent: {}
[18.881439] (-) TimerEvent: {}
[18.981788] (-) TimerEvent: {}
[19.082093] (-) TimerEvent: {}
[19.182420] (-) TimerEvent: {}
[19.282732] (-) TimerEvent: {}
[19.383031] (-) TimerEvent: {}
[19.483328] (-) TimerEvent: {}
[19.583640] (-) TimerEvent: {}
[19.683977] (-) TimerEvent: {}
[19.784300] (-) TimerEvent: {}
[19.884612] (-) TimerEvent: {}
[19.984867] (-) TimerEvent: {}
[20.085116] (-) TimerEvent: {}
[20.185442] (-) TimerEvent: {}
[20.285767] (-) TimerEvent: {}
[20.386110] (-) TimerEvent: {}
[20.486468] (-) TimerEvent: {}
[20.586804] (-) TimerEvent: {}
[20.687127] (-) TimerEvent: {}
[20.787443] (-) TimerEvent: {}
[20.887737] (-) TimerEvent: {}
[20.988030] (-) TimerEvent: {}
[21.088316] (-) TimerEvent: {}
[21.188595] (-) TimerEvent: {}
[21.288874] (-) TimerEvent: {}
[21.389157] (-) TimerEvent: {}
[21.489455] (-) TimerEvent: {}
[21.589747] (-) TimerEvent: {}
[21.690042] (-) TimerEvent: {}
[21.790326] (-) TimerEvent: {}
[21.890608] (-) TimerEvent: {}
[21.990886] (-) TimerEvent: {}
[22.091172] (-) TimerEvent: {}
[22.191469] (-) TimerEvent: {}
[22.291756] (-) TimerEvent: {}
[22.392038] (-) TimerEvent: {}
[22.492324] (-) TimerEvent: {}
[22.592618] (-) TimerEvent: {}
[22.692905] (-) TimerEvent: {}
[22.793188] (-) TimerEvent: {}
[22.893481] (-) TimerEvent: {}
[22.993764] (-) TimerEvent: {}
[23.094046] (-) TimerEvent: {}
[23.194332] (-) TimerEvent: {}
[23.294631] (-) TimerEvent: {}
[23.394947] (-) TimerEvent: {}
[23.495267] (-) TimerEvent: {}
[23.595702] (-) TimerEvent: {}
[23.696124] (-) TimerEvent: {}
[23.796552] (-) TimerEvent: {}
[23.896955] (-) TimerEvent: {}
[23.997360] (-) TimerEvent: {}
[24.097757] (-) TimerEvent: {}
[24.198074] (-) TimerEvent: {}
[24.231957] (mavs-ros2) StdoutLine: {'line': b'[100%] \x1b[32m\x1b[1mLinking CXX executable mavs_vehicle_node_scene_creator\x1b[0m\n'}
[24.298261] (-) TimerEvent: {}
[24.398689] (-) TimerEvent: {}
[24.499143] (-) TimerEvent: {}
[24.599416] (-) TimerEvent: {}
[24.699686] (-) TimerEvent: {}
[24.800015] (-) TimerEvent: {}
[24.900348] (-) TimerEvent: {}
[25.000650] (-) TimerEvent: {}
[25.015970] (mavs-ros2) StderrLine: {'line': b"/usr/bin/ld: CMakeFiles/mavs_vehicle_node_scene_creator.dir/src/mavs_vehicle_node_scene_creator.cpp.o: in function `MavsVehicleNode::MavsVehicleNode()':\n"}
[25.016276] (mavs-ros2) StderrLine: {'line': b"mavs_vehicle_node_scene_creator.cpp:(.text+0x824): undefined reference to `MavsVehicleNode::TwistCallback(std::shared_ptr<geometry_msgs::msg::Twist_<std::allocator<void> > >)'\n"}
[25.016531] (mavs-ros2) StderrLine: {'line': b"/usr/bin/ld: CMakeFiles/mavs_vehicle_node_scene_creator.dir/src/mavs_vehicle_node_scene_creator.cpp.o: in function `MavsVehicleNode::PrepareSimulationParams()':\n"}
[25.016628] (mavs-ros2) StderrLine: {'line': b"mavs_vehicle_node_scene_creator.cpp:(.text+0x15d3): undefined reference to `MavsVehicleNode::LoadVehicleAndScene()'\n"}
[25.100815] (-) TimerEvent: {}
[25.148496] (mavs-ros2) StderrLine: {'line': b'collect2: error: ld returned 1 exit status\n'}
[25.151596] (mavs-ros2) StderrLine: {'line': b'gmake[2]: *** [CMakeFiles/mavs_vehicle_node_scene_creator.dir/build.make:251: mavs_vehicle_node_scene_creator] Error 1\n'}
[25.151956] (mavs-ros2) StderrLine: {'line': b'gmake[1]: *** [CMakeFiles/Makefile2:363: CMakeFiles/mavs_vehicle_node_scene_creator.dir/all] Error 2\n'}
[25.152277] (mavs-ros2) StderrLine: {'line': b'gmake: *** [Makefile:146: all] Error 2\n'}
[25.154996] (mavs-ros2) CommandEnded: {'returncode': 2}
[25.200991] (-) TimerEvent: {}
[25.301420] (-) TimerEvent: {}
[25.306316] (mavs-ros2) JobEnded: {'identifier': 'mavs-ros2', 'rc': 2}
[25.335134] (-) EventReactorShutdown: {}
